================================================================================
PHASE 1 — FULL ENUMERATION OF 14/16 SIGNINGS BY LIFT HASH
================================================================================
vertices: 15
edges:    30
negatives target: 14
total signings:   145422675
cycle basis size: 16

... samples=5000/145422675 ( 0.003%) cycle_sigs=2748 lift_hashes=1 rate=  7734.4/s elapsed=00:00:00 eta=05:13:21
... samples=10000/145422675 ( 0.007%) cycle_sigs=5527 lift_hashes=1 rate=  7762.8/s elapsed=00:00:01 eta=05:12:12
... samples=15000/145422675 ( 0.010%) cycle_sigs=7097 lift_hashes=1 rate=  7776.1/s elapsed=00:00:01 eta=05:11:39
... samples=20000/145422675 ( 0.014%) cycle_sigs=7858 lift_hashes=1 rate=  7764.6/s elapsed=00:00:02 eta=05:12:06
... samples=25000/145422675 ( 0.017%) cycle_sigs=9732 lift_hashes=1 rate=  7769.9/s elapsed=00:00:03 eta=05:11:52
... samples=30000/145422675 ( 0.021%) cycle_sigs=10651 lift_hashes=1 rate=  7774.8/s elapsed=00:00:03 eta=05:11:40
... samples=35000/145422675 ( 0.024%) cycle_sigs=11155 lift_hashes=1 rate=  7768.6/s elapsed=00:00:04 eta=05:11:54
... samples=40000/145422675 ( 0.028%) cycle_sigs=12142 lift_hashes=1 rate=  7772.7/s elapsed=00:00:05 eta=05:11:44
... samples=45000/145422675 ( 0.031%) cycle_sigs=12702 lift_hashes=1 rate=  7776.6/s elapsed=00:00:05 eta=05:11:34
... samples=50000/145422675 ( 0.034%) cycle_sigs=13078 lift_hashes=1 rate=  7771.0/s elapsed=00:00:06 eta=05:11:47
... samples=55000/145422675 ( 0.038%) cycle_sigs=13331 lift_hashes=1 rate=  7770.1/s elapsed=00:00:07 eta=05:11:48
... samples=60000/145422675 ( 0.041%) cycle_sigs=13489 lift_hashes=1 rate=  7771.2/s elapsed=00:00:07 eta=05:11:45
... samples=65000/145422675 ( 0.045%) cycle_sigs=13621 lift_hashes=1 rate=  7765.9/s elapsed=00:00:08 eta=05:11:57
... samples=70000/145422675 ( 0.048%) cycle_sigs=13637 lift_hashes=1 rate=  7764.3/s elapsed=00:00:09 eta=05:12:00
... samples=75000/145422675 ( 0.052%) cycle_sigs=13740 lift_hashes=1 rate=  7763.4/s elapsed=00:00:09 eta=05:12:02
... samples=80000/145422675 ( 0.055%) cycle_sigs=14227 lift_hashes=1 rate=  7758.3/s elapsed=00:00:10 eta=05:12:13
... samples=85000/145422675 ( 0.058%) cycle_sigs=14539 lift_hashes=1 rate=  7757.9/s elapsed=00:00:10 eta=05:12:14
... samples=90000/145422675 ( 0.062%) cycle_sigs=14688 lift_hashes=1 rate=  7757.1/s elapsed=00:00:11 eta=05:12:15
... samples=95000/145422675 ( 0.065%) cycle_sigs=14735 lift_hashes=1 rate=  7753.1/s elapsed=00:00:12 eta=05:12:24
... samples=100000/145422675 ( 0.069%) cycle_sigs=14793 lift_hashes=1 rate=  7753.2/s elapsed=00:00:12 eta=05:12:23
... samples=105000/145422675 ( 0.072%) cycle_sigs=14818 lift_hashes=1 rate=  7753.4/s elapsed=00:00:13 eta=05:12:22
... samples=110000/145422675 ( 0.076%) cycle_sigs=14830 lift_hashes=1 rate=  7749.3/s elapsed=00:00:14 eta=05:12:31
... samples=115000/145422675 ( 0.079%) cycle_sigs=14858 lift_hashes=1 rate=  7748.4/s elapsed=00:00:14 eta=05:12:33
... samples=120000/145422675 ( 0.083%) cycle_sigs=14891 lift_hashes=1 rate=  7747.9/s elapsed=00:00:15 eta=05:12:33
... samples=125000/145422675 ( 0.086%) cycle_sigs=14894 lift_hashes=1 rate=  7744.2/s elapsed=00:00:16 eta=05:12:42
... samples=130000/145422675 ( 0.089%) cycle_sigs=15057 lift_hashes=1 rate=  7742.6/s elapsed=00:00:16 eta=05:12:45
... samples=135000/145422675 ( 0.093%) cycle_sigs=15447 lift_hashes=1 rate=  7741.9/s elapsed=00:00:17 eta=05:12:46
... samples=140000/145422675 ( 0.096%) cycle_sigs=15650 lift_hashes=1 rate=  7738.3/s elapsed=00:00:18 eta=05:12:54
... samples=145000/145422675 ( 0.100%) cycle_sigs=15810 lift_hashes=1 rate=  7737.6/s elapsed=00:00:18 eta=05:12:55
... samples=150000/145422675 ( 0.103%) cycle_sigs=15883 lift_hashes=1 rate=  7737.0/s elapsed=00:00:19 eta=05:12:56
... samples=155000/145422675 ( 0.107%) cycle_sigs=15973 lift_hashes=1 rate=  7727.5/s elapsed=00:00:20 eta=05:13:18
... samples=160000/145422675 ( 0.110%) cycle_sigs=16016 lift_hashes=1 rate=  7720.6/s elapsed=00:00:20 eta=05:13:34
... samples=165000/145422675 ( 0.113%) cycle_sigs=16039 lift_hashes=1 rate=  7715.0/s elapsed=00:00:21 eta=05:13:47
... samples=170000/145422675 ( 0.117%) cycle_sigs=16076 lift_hashes=1 rate=  7707.6/s elapsed=00:00:22 eta=05:14:05
... samples=175000/145422675 ( 0.120%) cycle_sigs=16098 lift_hashes=1 rate=  7702.5/s elapsed=00:00:22 eta=05:14:17
... samples=180000/145422675 ( 0.124%) cycle_sigs=16145 lift_hashes=1 rate=  7698.4/s elapsed=00:00:23 eta=05:14:26
... samples=185000/145422675 ( 0.127%) cycle_sigs=16192 lift_hashes=1 rate=  7693.2/s elapsed=00:00:24 eta=05:14:38
... samples=190000/145422675 ( 0.131%) cycle_sigs=16194 lift_hashes=1 rate=  7689.2/s elapsed=00:00:24 eta=05:14:47
... samples=195000/145422675 ( 0.134%) cycle_sigs=16202 lift_hashes=1 rate=  7686.8/s elapsed=00:00:25 eta=05:14:53
... samples=200000/145422675 ( 0.138%) cycle_sigs=16204 lift_hashes=1 rate=  7683.6/s elapsed=00:00:26 eta=05:15:00
... samples=205000/145422675 ( 0.141%) cycle_sigs=16204 lift_hashes=1 rate=  7677.8/s elapsed=00:00:26 eta=05:15:14
... samples=210000/145422675 ( 0.144%) cycle_sigs=16204 lift_hashes=1 rate=  7674.4/s elapsed=00:00:27 eta=05:15:21
... samples=215000/145422675 ( 0.148%) cycle_sigs=16204 lift_hashes=1 rate=  7670.2/s elapsed=00:00:28 eta=05:15:31
... samples=220000/145422675 ( 0.151%) cycle_sigs=16204 lift_hashes=1 rate=  7664.7/s elapsed=00:00:28 eta=05:15:44
... samples=225000/145422675 ( 0.155%) cycle_sigs=16204 lift_hashes=1 rate=  7660.9/s elapsed=00:00:29 eta=05:15:53
... samples=230000/145422675 ( 0.158%) cycle_sigs=16204 lift_hashes=1 rate=  7657.7/s elapsed=00:00:30 eta=05:16:00
... samples=235000/145422675 ( 0.162%) cycle_sigs=16204 lift_hashes=1 rate=  7648.6/s elapsed=00:00:30 eta=05:16:22
... samples=240000/145422675 ( 0.165%) cycle_sigs=16204 lift_hashes=1 rate=  7641.4/s elapsed=00:00:31 eta=05:16:39
... samples=245000/145422675 ( 0.168%) cycle_sigs=16204 lift_hashes=1 rate=  7634.8/s elapsed=00:00:32 eta=05:16:55
... samples=250000/145422675 ( 0.172%) cycle_sigs=16262 lift_hashes=1 rate=  7617.9/s elapsed=00:00:32 eta=05:17:36
... samples=255000/145422675 ( 0.175%) cycle_sigs=16277 lift_hashes=1 rate=  7609.3/s elapsed=00:00:33 eta=05:17:57
... samples=260000/145422675 ( 0.179%) cycle_sigs=16284 lift_hashes=1 rate=  7603.5/s elapsed=00:00:34 eta=05:18:11
... samples=265000/145422675 ( 0.182%) cycle_sigs=16284 lift_hashes=1 rate=  7556.7/s elapsed=00:00:35 eta=05:20:09
... samples=270000/145422675 ( 0.186%) cycle_sigs=16284 lift_hashes=1 rate=  7550.0/s elapsed=00:00:35 eta=05:20:25
... samples=275000/145422675 ( 0.189%) cycle_sigs=16284 lift_hashes=1 rate=  7543.0/s elapsed=00:00:36 eta=05:20:42
... samples=280000/145422675 ( 0.193%) cycle_sigs=16284 lift_hashes=1 rate=  7528.4/s elapsed=00:00:37 eta=05:21:19
... samples=285000/145422675 ( 0.196%) cycle_sigs=16284 lift_hashes=1 rate=  7528.6/s elapsed=00:00:37 eta=05:21:18
... samples=290000/145422675 ( 0.199%) cycle_sigs=16284 lift_hashes=1 rate=  7518.9/s elapsed=00:00:38 eta=05:21:42
... samples=295000/145422675 ( 0.203%) cycle_sigs=16284 lift_hashes=1 rate=  7511.2/s elapsed=00:00:39 eta=05:22:01
... samples=300000/145422675 ( 0.206%) cycle_sigs=16303 lift_hashes=1 rate=  7497.3/s elapsed=00:00:40 eta=05:22:36
... samples=305000/145422675 ( 0.210%) cycle_sigs=16369 lift_hashes=1 rate=  7489.4/s elapsed=00:00:40 eta=05:22:56
... samples=310000/145422675 ( 0.213%) cycle_sigs=16383 lift_hashes=1 rate=  7483.8/s elapsed=00:00:41 eta=05:23:10
... samples=315000/145422675 ( 0.217%) cycle_sigs=16384 lift_hashes=1 rate=  7480.0/s elapsed=00:00:42 eta=05:23:19
... samples=320000/145422675 ( 0.220%) cycle_sigs=16384 lift_hashes=1 rate=  7477.2/s elapsed=00:00:42 eta=05:23:25
... samples=325000/145422675 ( 0.223%) cycle_sigs=16384 lift_hashes=1 rate=  7472.7/s elapsed=00:00:43 eta=05:23:37
... samples=330000/145422675 ( 0.227%) cycle_sigs=16384 lift_hashes=1 rate=  7469.5/s elapsed=00:00:44 eta=05:23:44
... samples=335000/145422675 ( 0.230%) cycle_sigs=16384 lift_hashes=1 rate=  7467.7/s elapsed=00:00:44 eta=05:23:48
... samples=340000/145422675 ( 0.234%) cycle_sigs=16384 lift_hashes=1 rate=  7456.9/s elapsed=00:00:45 eta=05:24:16
... samples=345000/145422675 ( 0.237%) cycle_sigs=16384 lift_hashes=1 rate=  7453.7/s elapsed=00:00:46 eta=05:24:23
... samples=350000/145422675 ( 0.241%) cycle_sigs=16384 lift_hashes=1 rate=  7450.9/s elapsed=00:00:46 eta=05:24:30
... samples=355000/145422675 ( 0.244%) cycle_sigs=16384 lift_hashes=1 rate=  7444.0/s elapsed=00:00:47 eta=05:24:47
... samples=360000/145422675 ( 0.248%) cycle_sigs=16384 lift_hashes=1 rate=  7441.4/s elapsed=00:00:48 eta=05:24:53
... samples=365000/145422675 ( 0.251%) cycle_sigs=16384 lift_hashes=1 rate=  7439.2/s elapsed=00:00:49 eta=05:24:59
... samples=370000/145422675 ( 0.254%) cycle_sigs=16384 lift_hashes=1 rate=  7429.7/s elapsed=00:00:49 eta=05:25:23
... samples=375000/145422675 ( 0.258%) cycle_sigs=16384 lift_hashes=1 rate=  7428.5/s elapsed=00:00:50 eta=05:25:25
... samples=380000/145422675 ( 0.261%) cycle_sigs=16384 lift_hashes=1 rate=  7427.1/s elapsed=00:00:51 eta=05:25:28
... samples=385000/145422675 ( 0.265%) cycle_sigs=16384 lift_hashes=1 rate=  7424.5/s elapsed=00:00:51 eta=05:25:35
... samples=390000/145422675 ( 0.268%) cycle_sigs=16384 lift_hashes=1 rate=  7422.6/s elapsed=00:00:52 eta=05:25:39
... samples=395000/145422675 ( 0.272%) cycle_sigs=16384 lift_hashes=1 rate=  7420.8/s elapsed=00:00:53 eta=05:25:43
... samples=400000/145422675 ( 0.275%) cycle_sigs=16384 lift_hashes=1 rate=  7419.9/s elapsed=00:00:53 eta=05:25:45
... samples=405000/145422675 ( 0.278%) cycle_sigs=16384 lift_hashes=1 rate=  7417.6/s elapsed=00:00:54 eta=05:25:50
... samples=410000/145422675 ( 0.282%) cycle_sigs=16384 lift_hashes=1 rate=  7415.9/s elapsed=00:00:55 eta=05:25:54
... samples=415000/145422675 ( 0.285%) cycle_sigs=16384 lift_hashes=1 rate=  7413.7/s elapsed=00:00:55 eta=05:25:59
... samples=420000/145422675 ( 0.289%) cycle_sigs=16384 lift_hashes=1 rate=  7410.4/s elapsed=00:00:56 eta=05:26:07
... samples=425000/145422675 ( 0.292%) cycle_sigs=16384 lift_hashes=1 rate=  7407.7/s elapsed=00:00:57 eta=05:26:13
... samples=430000/145422675 ( 0.296%) cycle_sigs=16384 lift_hashes=1 rate=  7406.1/s elapsed=00:00:58 eta=05:26:17
... samples=435000/145422675 ( 0.299%) cycle_sigs=16384 lift_hashes=1 rate=  7403.3/s elapsed=00:00:58 eta=05:26:24
... samples=440000/145422675 ( 0.303%) cycle_sigs=16384 lift_hashes=1 rate=  7400.6/s elapsed=00:00:59 eta=05:26:30
... samples=445000/145422675 ( 0.306%) cycle_sigs=16384 lift_hashes=1 rate=  7399.3/s elapsed=00:01:00 eta=05:26:33
... samples=450000/145422675 ( 0.309%) cycle_sigs=16384 lift_hashes=1 rate=  7397.5/s elapsed=00:01:00 eta=05:26:37
... samples=455000/145422675 ( 0.313%) cycle_sigs=16384 lift_hashes=1 rate=  7396.0/s elapsed=00:01:01 eta=05:26:40
... samples=460000/145422675 ( 0.316%) cycle_sigs=16384 lift_hashes=1 rate=  7395.1/s elapsed=00:01:02 eta=05:26:42
... samples=465000/145422675 ( 0.320%) cycle_sigs=16384 lift_hashes=1 rate=  7393.9/s elapsed=00:01:02 eta=05:26:45
... samples=470000/145422675 ( 0.323%) cycle_sigs=16384 lift_hashes=1 rate=  7394.7/s elapsed=00:01:03 eta=05:26:42
... samples=475000/145422675 ( 0.327%) cycle_sigs=16384 lift_hashes=1 rate=  7395.7/s elapsed=00:01:04 eta=05:26:38
... samples=480000/145422675 ( 0.330%) cycle_sigs=16384 lift_hashes=1 rate=  7396.2/s elapsed=00:01:04 eta=05:26:36
... samples=485000/145422675 ( 0.334%) cycle_sigs=16384 lift_hashes=1 rate=  7397.5/s elapsed=00:01:05 eta=05:26:32
... samples=490000/145422675 ( 0.337%) cycle_sigs=16384 lift_hashes=1 rate=  7397.5/s elapsed=00:01:06 eta=05:26:32
... samples=495000/145422675 ( 0.340%) cycle_sigs=16384 lift_hashes=1 rate=  7397.4/s elapsed=00:01:06 eta=05:26:31
... samples=500000/145422675 ( 0.344%) cycle_sigs=16384 lift_hashes=1 rate=  7396.7/s elapsed=00:01:07 eta=05:26:32
... samples=505000/145422675 ( 0.347%) cycle_sigs=16384 lift_hashes=1 rate=  7390.5/s elapsed=00:01:08 eta=05:26:48
... samples=510000/145422675 ( 0.351%) cycle_sigs=16384 lift_hashes=1 rate=  7388.1/s elapsed=00:01:09 eta=05:26:54
... samples=515000/145422675 ( 0.354%) cycle_sigs=16384 lift_hashes=1 rate=  7388.2/s elapsed=00:01:09 eta=05:26:53
... samples=520000/145422675 ( 0.358%) cycle_sigs=16384 lift_hashes=1 rate=  7386.9/s elapsed=00:01:10 eta=05:26:56
... samples=525000/145422675 ( 0.361%) cycle_sigs=16384 lift_hashes=1 rate=  7384.2/s elapsed=00:01:11 eta=05:27:02
... samples=530000/145422675 ( 0.364%) cycle_sigs=16384 lift_hashes=1 rate=  7382.6/s elapsed=00:01:11 eta=05:27:06
... samples=535000/145422675 ( 0.368%) cycle_sigs=16384 lift_hashes=1 rate=  7381.2/s elapsed=00:01:12 eta=05:27:09
... samples=540000/145422675 ( 0.371%) cycle_sigs=16384 lift_hashes=1 rate=  7378.9/s elapsed=00:01:13 eta=05:27:14
... samples=545000/145422675 ( 0.375%) cycle_sigs=16384 lift_hashes=1 rate=  7378.4/s elapsed=00:01:13 eta=05:27:15
... samples=550000/145422675 ( 0.378%) cycle_sigs=16384 lift_hashes=1 rate=  7379.0/s elapsed=00:01:14 eta=05:27:12
... samples=555000/145422675 ( 0.382%) cycle_sigs=16384 lift_hashes=1 rate=  7379.3/s elapsed=00:01:15 eta=05:27:11
... samples=560000/145422675 ( 0.385%) cycle_sigs=16384 lift_hashes=1 rate=  7380.2/s elapsed=00:01:15 eta=05:27:08
... samples=565000/145422675 ( 0.389%) cycle_sigs=16384 lift_hashes=1 rate=  7380.9/s elapsed=00:01:16 eta=05:27:05
... samples=570000/145422675 ( 0.392%) cycle_sigs=16384 lift_hashes=1 rate=  7376.8/s elapsed=00:01:17 eta=05:27:16
... samples=575000/145422675 ( 0.395%) cycle_sigs=16384 lift_hashes=1 rate=  7375.8/s elapsed=00:01:17 eta=05:27:18
... samples=580000/145422675 ( 0.399%) cycle_sigs=16384 lift_hashes=1 rate=  7376.6/s elapsed=00:01:18 eta=05:27:15
... samples=585000/145422675 ( 0.402%) cycle_sigs=16384 lift_hashes=1 rate=  7377.6/s elapsed=00:01:19 eta=05:27:11
... samples=590000/145422675 ( 0.406%) cycle_sigs=16384 lift_hashes=1 rate=  7378.2/s elapsed=00:01:19 eta=05:27:09
... samples=595000/145422675 ( 0.409%) cycle_sigs=16384 lift_hashes=1 rate=  7379.2/s elapsed=00:01:20 eta=05:27:06
... samples=600000/145422675 ( 0.413%) cycle_sigs=16384 lift_hashes=1 rate=  7380.3/s elapsed=00:01:21 eta=05:27:02
... samples=605000/145422675 ( 0.416%) cycle_sigs=16384 lift_hashes=1 rate=  7380.8/s elapsed=00:01:21 eta=05:27:00
... samples=610000/145422675 ( 0.419%) cycle_sigs=16384 lift_hashes=1 rate=  7382.0/s elapsed=00:01:22 eta=05:26:56
... samples=615000/145422675 ( 0.423%) cycle_sigs=16384 lift_hashes=1 rate=  7383.4/s elapsed=00:01:23 eta=05:26:52
... samples=620000/145422675 ( 0.426%) cycle_sigs=16384 lift_hashes=1 rate=  7384.2/s elapsed=00:01:23 eta=05:26:49
... samples=625000/145422675 ( 0.430%) cycle_sigs=16384 lift_hashes=1 rate=  7385.5/s elapsed=00:01:24 eta=05:26:45
... samples=630000/145422675 ( 0.433%) cycle_sigs=16384 lift_hashes=1 rate=  7383.1/s elapsed=00:01:25 eta=05:26:51
... samples=635000/145422675 ( 0.437%) cycle_sigs=16384 lift_hashes=1 rate=  7378.9/s elapsed=00:01:26 eta=05:27:01
... samples=640000/145422675 ( 0.440%) cycle_sigs=16384 lift_hashes=1 rate=  7378.9/s elapsed=00:01:26 eta=05:27:01
... samples=645000/145422675 ( 0.444%) cycle_sigs=16384 lift_hashes=1 rate=  7379.9/s elapsed=00:01:27 eta=05:26:57
... samples=650000/145422675 ( 0.447%) cycle_sigs=16384 lift_hashes=1 rate=  7380.4/s elapsed=00:01:28 eta=05:26:55
... samples=655000/145422675 ( 0.450%) cycle_sigs=16384 lift_hashes=1 rate=  7381.3/s elapsed=00:01:28 eta=05:26:52
... samples=660000/145422675 ( 0.454%) cycle_sigs=16384 lift_hashes=1 rate=  7382.3/s elapsed=00:01:29 eta=05:26:49
... samples=665000/145422675 ( 0.457%) cycle_sigs=16384 lift_hashes=1 rate=  7382.9/s elapsed=00:01:30 eta=05:26:47
... samples=670000/145422675 ( 0.461%) cycle_sigs=16384 lift_hashes=1 rate=  7384.0/s elapsed=00:01:30 eta=05:26:43
... samples=675000/145422675 ( 0.464%) cycle_sigs=16384 lift_hashes=1 rate=  7385.2/s elapsed=00:01:31 eta=05:26:39
... samples=680000/145422675 ( 0.468%) cycle_sigs=16384 lift_hashes=1 rate=  7385.7/s elapsed=00:01:32 eta=05:26:37
... samples=685000/145422675 ( 0.471%) cycle_sigs=16384 lift_hashes=1 rate=  7386.8/s elapsed=00:01:32 eta=05:26:34
... samples=690000/145422675 ( 0.474%) cycle_sigs=16384 lift_hashes=1 rate=  7387.8/s elapsed=00:01:33 eta=05:26:30
... samples=695000/145422675 ( 0.478%) cycle_sigs=16384 lift_hashes=1 rate=  7387.7/s elapsed=00:01:34 eta=05:26:30
... samples=700000/145422675 ( 0.481%) cycle_sigs=16384 lift_hashes=1 rate=  7388.1/s elapsed=00:01:34 eta=05:26:28
... samples=705000/145422675 ( 0.485%) cycle_sigs=16384 lift_hashes=1 rate=  7388.8/s elapsed=00:01:35 eta=05:26:26
... samples=710000/145422675 ( 0.488%) cycle_sigs=16384 lift_hashes=1 rate=  7389.0/s elapsed=00:01:36 eta=05:26:24
... samples=715000/145422675 ( 0.492%) cycle_sigs=16384 lift_hashes=1 rate=  7388.6/s elapsed=00:01:36 eta=05:26:25
... samples=720000/145422675 ( 0.495%) cycle_sigs=16384 lift_hashes=1 rate=  7389.2/s elapsed=00:01:37 eta=05:26:23
... samples=725000/145422675 ( 0.499%) cycle_sigs=16384 lift_hashes=1 rate=  7389.4/s elapsed=00:01:38 eta=05:26:21
... samples=730000/145422675 ( 0.502%) cycle_sigs=16384 lift_hashes=1 rate=  7390.1/s elapsed=00:01:38 eta=05:26:19
... samples=735000/145422675 ( 0.505%) cycle_sigs=16384 lift_hashes=1 rate=  7390.9/s elapsed=00:01:39 eta=05:26:16
... samples=740000/145422675 ( 0.509%) cycle_sigs=16384 lift_hashes=1 rate=  7391.4/s elapsed=00:01:40 eta=05:26:14
... samples=745000/145422675 ( 0.512%) cycle_sigs=16384 lift_hashes=1 rate=  7392.3/s elapsed=00:01:40 eta=05:26:11
... samples=750000/145422675 ( 0.516%) cycle_sigs=16384 lift_hashes=1 rate=  7393.2/s elapsed=00:01:41 eta=05:26:08
... samples=755000/145422675 ( 0.519%) cycle_sigs=16384 lift_hashes=1 rate=  7394.1/s elapsed=00:01:42 eta=05:26:05
... samples=760000/145422675 ( 0.523%) cycle_sigs=16384 lift_hashes=1 rate=  7394.3/s elapsed=00:01:42 eta=05:26:03
... samples=765000/145422675 ( 0.526%) cycle_sigs=16384 lift_hashes=1 rate=  7394.9/s elapsed=00:01:43 eta=05:26:01
... samples=770000/145422675 ( 0.529%) cycle_sigs=16384 lift_hashes=1 rate=  7395.9/s elapsed=00:01:44 eta=05:25:58
... samples=775000/145422675 ( 0.533%) cycle_sigs=16384 lift_hashes=1 rate=  7395.6/s elapsed=00:01:44 eta=05:25:58
... samples=780000/145422675 ( 0.536%) cycle_sigs=16384 lift_hashes=1 rate=  7396.0/s elapsed=00:01:45 eta=05:25:56
... samples=785000/145422675 ( 0.540%) cycle_sigs=16384 lift_hashes=1 rate=  7396.7/s elapsed=00:01:46 eta=05:25:54
... samples=790000/145422675 ( 0.543%) cycle_sigs=16384 lift_hashes=1 rate=  7396.6/s elapsed=00:01:46 eta=05:25:53
... samples=795000/145422675 ( 0.547%) cycle_sigs=16384 lift_hashes=1 rate=  7397.1/s elapsed=00:01:47 eta=05:25:51
... samples=800000/145422675 ( 0.550%) cycle_sigs=16384 lift_hashes=1 rate=  7397.6/s elapsed=00:01:48 eta=05:25:49
... samples=805000/145422675 ( 0.554%) cycle_sigs=16384 lift_hashes=1 rate=  7397.5/s elapsed=00:01:48 eta=05:25:49
... samples=810000/145422675 ( 0.557%) cycle_sigs=16384 lift_hashes=1 rate=  7397.6/s elapsed=00:01:49 eta=05:25:48
... samples=815000/145422675 ( 0.560%) cycle_sigs=16384 lift_hashes=1 rate=  7396.8/s elapsed=00:01:50 eta=05:25:49
... samples=820000/145422675 ( 0.564%) cycle_sigs=16384 lift_hashes=1 rate=  7396.0/s elapsed=00:01:50 eta=05:25:51
... samples=825000/145422675 ( 0.567%) cycle_sigs=16384 lift_hashes=1 rate=  7396.3/s elapsed=00:01:51 eta=05:25:49
... samples=830000/145422675 ( 0.571%) cycle_sigs=16384 lift_hashes=1 rate=  7394.9/s elapsed=00:01:52 eta=05:25:52
... samples=835000/145422675 ( 0.574%) cycle_sigs=16384 lift_hashes=1 rate=  7393.0/s elapsed=00:01:52 eta=05:25:57
... samples=840000/145422675 ( 0.578%) cycle_sigs=16384 lift_hashes=1 rate=  7392.7/s elapsed=00:01:53 eta=05:25:57
... samples=845000/145422675 ( 0.581%) cycle_sigs=16384 lift_hashes=1 rate=  7392.2/s elapsed=00:01:54 eta=05:25:58
... samples=850000/145422675 ( 0.585%) cycle_sigs=16384 lift_hashes=1 rate=  7391.2/s elapsed=00:01:55 eta=05:26:00
... samples=855000/145422675 ( 0.588%) cycle_sigs=16384 lift_hashes=1 rate=  7390.7/s elapsed=00:01:55 eta=05:26:00
... samples=860000/145422675 ( 0.591%) cycle_sigs=16384 lift_hashes=1 rate=  7387.6/s elapsed=00:01:56 eta=05:26:08
... samples=865000/145422675 ( 0.595%) cycle_sigs=16384 lift_hashes=1 rate=  7386.9/s elapsed=00:01:57 eta=05:26:09
... samples=870000/145422675 ( 0.598%) cycle_sigs=16384 lift_hashes=1 rate=  7386.9/s elapsed=00:01:57 eta=05:26:08
... samples=875000/145422675 ( 0.602%) cycle_sigs=16384 lift_hashes=1 rate=  7387.6/s elapsed=00:01:58 eta=05:26:06
... samples=880000/145422675 ( 0.605%) cycle_sigs=16384 lift_hashes=1 rate=  7386.7/s elapsed=00:01:59 eta=05:26:07
... samples=885000/145422675 ( 0.609%) cycle_sigs=16384 lift_hashes=1 rate=  7386.2/s elapsed=00:01:59 eta=05:26:08
... samples=890000/145422675 ( 0.612%) cycle_sigs=16384 lift_hashes=1 rate=  7385.6/s elapsed=00:02:00 eta=05:26:09
... samples=895000/145422675 ( 0.615%) cycle_sigs=16384 lift_hashes=1 rate=  7382.6/s elapsed=00:02:01 eta=05:26:16
... samples=900000/145422675 ( 0.619%) cycle_sigs=16384 lift_hashes=1 rate=  7381.5/s elapsed=00:02:01 eta=05:26:19
... samples=905000/145422675 ( 0.622%) cycle_sigs=16384 lift_hashes=1 rate=  7380.8/s elapsed=00:02:02 eta=05:26:20
... samples=910000/145422675 ( 0.626%) cycle_sigs=16384 lift_hashes=1 rate=  7379.5/s elapsed=00:02:03 eta=05:26:23
... samples=915000/145422675 ( 0.629%) cycle_sigs=16384 lift_hashes=1 rate=  7375.6/s elapsed=00:02:04 eta=05:26:32
... samples=920000/145422675 ( 0.633%) cycle_sigs=16384 lift_hashes=1 rate=  7374.8/s elapsed=00:02:04 eta=05:26:34
... samples=925000/145422675 ( 0.636%) cycle_sigs=16384 lift_hashes=1 rate=  7374.2/s elapsed=00:02:05 eta=05:26:35
... samples=930000/145422675 ( 0.640%) cycle_sigs=16384 lift_hashes=1 rate=  7372.9/s elapsed=00:02:06 eta=05:26:37
... samples=935000/145422675 ( 0.643%) cycle_sigs=16384 lift_hashes=1 rate=  7372.3/s elapsed=00:02:06 eta=05:26:38
... samples=940000/145422675 ( 0.646%) cycle_sigs=16384 lift_hashes=1 rate=  7372.0/s elapsed=00:02:07 eta=05:26:38
... samples=945000/145422675 ( 0.650%) cycle_sigs=16384 lift_hashes=1 rate=  7371.0/s elapsed=00:02:08 eta=05:26:40
... samples=950000/145422675 ( 0.653%) cycle_sigs=16384 lift_hashes=1 rate=  7370.4/s elapsed=00:02:08 eta=05:26:41
... samples=955000/145422675 ( 0.657%) cycle_sigs=16384 lift_hashes=1 rate=  7367.3/s elapsed=00:02:09 eta=05:26:49
... samples=960000/145422675 ( 0.660%) cycle_sigs=16384 lift_hashes=1 rate=  7365.9/s elapsed=00:02:10 eta=05:26:52
... samples=965000/145422675 ( 0.664%) cycle_sigs=16384 lift_hashes=1 rate=  7365.5/s elapsed=00:02:11 eta=05:26:52
... samples=970000/145422675 ( 0.667%) cycle_sigs=16384 lift_hashes=1 rate=  7365.0/s elapsed=00:02:11 eta=05:26:53
... samples=975000/145422675 ( 0.670%) cycle_sigs=16384 lift_hashes=1 rate=  7363.9/s elapsed=00:02:12 eta=05:26:55
... samples=980000/145422675 ( 0.674%) cycle_sigs=16384 lift_hashes=1 rate=  7363.4/s elapsed=00:02:13 eta=05:26:56
... samples=985000/145422675 ( 0.677%) cycle_sigs=16384 lift_hashes=1 rate=  7362.9/s elapsed=00:02:13 eta=05:26:56
... samples=990000/145422675 ( 0.681%) cycle_sigs=16384 lift_hashes=1 rate=  7362.6/s elapsed=00:02:14 eta=05:26:57
... samples=995000/145422675 ( 0.684%) cycle_sigs=16384 lift_hashes=1 rate=  7362.5/s elapsed=00:02:15 eta=05:26:56
... samples=1000000/145422675 ( 0.688%) cycle_sigs=16384 lift_hashes=1 rate=  7362.1/s elapsed=00:02:15 eta=05:26:57
... samples=1005000/145422675 ( 0.691%) cycle_sigs=16384 lift_hashes=1 rate=  7359.1/s elapsed=00:02:16 eta=05:27:04
... samples=1010000/145422675 ( 0.695%) cycle_sigs=16384 lift_hashes=1 rate=  7358.5/s elapsed=00:02:17 eta=05:27:05
... samples=1015000/145422675 ( 0.698%) cycle_sigs=16384 lift_hashes=1 rate=  7357.9/s elapsed=00:02:17 eta=05:27:06
... samples=1020000/145422675 ( 0.701%) cycle_sigs=16384 lift_hashes=1 rate=  7357.1/s elapsed=00:02:18 eta=05:27:07
... samples=1025000/145422675 ( 0.705%) cycle_sigs=16384 lift_hashes=1 rate=  7356.7/s elapsed=00:02:19 eta=05:27:08
... samples=1030000/145422675 ( 0.708%) cycle_sigs=16384 lift_hashes=1 rate=  7356.3/s elapsed=00:02:20 eta=05:27:08
... samples=1035000/145422675 ( 0.712%) cycle_sigs=16384 lift_hashes=1 rate=  7355.8/s elapsed=00:02:20 eta=05:27:09
... samples=1040000/145422675 ( 0.715%) cycle_sigs=16384 lift_hashes=1 rate=  7355.6/s elapsed=00:02:21 eta=05:27:08
... samples=1045000/145422675 ( 0.719%) cycle_sigs=16384 lift_hashes=1 rate=  7355.3/s elapsed=00:02:22 eta=05:27:09
... samples=1050000/145422675 ( 0.722%) cycle_sigs=16384 lift_hashes=1 rate=  7354.8/s elapsed=00:02:22 eta=05:27:09
... samples=1055000/145422675 ( 0.725%) cycle_sigs=16384 lift_hashes=1 rate=  7352.3/s elapsed=00:02:23 eta=05:27:15
... samples=1060000/145422675 ( 0.729%) cycle_sigs=16384 lift_hashes=1 rate=  7351.7/s elapsed=00:02:24 eta=05:27:16
... samples=1065000/145422675 ( 0.732%) cycle_sigs=16384 lift_hashes=1 rate=  7350.8/s elapsed=00:02:24 eta=05:27:18
... samples=1070000/145422675 ( 0.736%) cycle_sigs=16384 lift_hashes=1 rate=  7350.2/s elapsed=00:02:25 eta=05:27:19
... samples=1075000/145422675 ( 0.739%) cycle_sigs=16384 lift_hashes=1 rate=  7350.2/s elapsed=00:02:26 eta=05:27:18
... samples=1080000/145422675 ( 0.743%) cycle_sigs=16384 lift_hashes=1 rate=  7350.5/s elapsed=00:02:26 eta=05:27:17
... samples=1085000/145422675 ( 0.746%) cycle_sigs=16384 lift_hashes=1 rate=  7351.1/s elapsed=00:02:27 eta=05:27:14
... samples=1090000/145422675 ( 0.750%) cycle_sigs=16384 lift_hashes=1 rate=  7351.9/s elapsed=00:02:28 eta=05:27:12
... samples=1095000/145422675 ( 0.753%) cycle_sigs=16384 lift_hashes=1 rate=  7352.2/s elapsed=00:02:28 eta=05:27:10
... samples=1100000/145422675 ( 0.756%) cycle_sigs=16384 lift_hashes=1 rate=  7352.9/s elapsed=00:02:29 eta=05:27:07
... samples=1105000/145422675 ( 0.760%) cycle_sigs=16384 lift_hashes=1 rate=  7353.0/s elapsed=00:02:30 eta=05:27:07
... samples=1110000/145422675 ( 0.763%) cycle_sigs=16384 lift_hashes=1 rate=  7353.3/s elapsed=00:02:30 eta=05:27:05
... samples=1115000/145422675 ( 0.767%) cycle_sigs=16384 lift_hashes=1 rate=  7353.7/s elapsed=00:02:31 eta=05:27:03
... samples=1120000/145422675 ( 0.770%) cycle_sigs=16384 lift_hashes=1 rate=  7354.5/s elapsed=00:02:32 eta=05:27:00
... samples=1125000/145422675 ( 0.774%) cycle_sigs=16384 lift_hashes=1 rate=  7355.4/s elapsed=00:02:32 eta=05:26:57
... samples=1130000/145422675 ( 0.777%) cycle_sigs=16384 lift_hashes=1 rate=  7356.0/s elapsed=00:02:33 eta=05:26:55
... samples=1135000/145422675 ( 0.780%) cycle_sigs=16384 lift_hashes=1 rate=  7356.6/s elapsed=00:02:34 eta=05:26:53
... samples=1140000/145422675 ( 0.784%) cycle_sigs=16384 lift_hashes=1 rate=  7357.3/s elapsed=00:02:34 eta=05:26:50
... samples=1145000/145422675 ( 0.787%) cycle_sigs=16384 lift_hashes=1 rate=  7357.8/s elapsed=00:02:35 eta=05:26:48
... samples=1150000/145422675 ( 0.791%) cycle_sigs=16384 lift_hashes=1 rate=  7358.7/s elapsed=00:02:36 eta=05:26:45
... samples=1155000/145422675 ( 0.794%) cycle_sigs=16384 lift_hashes=1 rate=  7359.4/s elapsed=00:02:36 eta=05:26:43
... samples=1160000/145422675 ( 0.798%) cycle_sigs=16384 lift_hashes=1 rate=  7359.8/s elapsed=00:02:37 eta=05:26:41
... samples=1165000/145422675 ( 0.801%) cycle_sigs=16384 lift_hashes=1 rate=  7360.5/s elapsed=00:02:38 eta=05:26:38
... samples=1170000/145422675 ( 0.805%) cycle_sigs=16384 lift_hashes=1 rate=  7361.3/s elapsed=00:02:38 eta=05:26:36
... samples=1175000/145422675 ( 0.808%) cycle_sigs=16384 lift_hashes=1 rate=  7361.0/s elapsed=00:02:39 eta=05:26:36
... samples=1180000/145422675 ( 0.811%) cycle_sigs=16384 lift_hashes=1 rate=  7359.5/s elapsed=00:02:40 eta=05:26:39
... samples=1185000/145422675 ( 0.815%) cycle_sigs=16384 lift_hashes=1 rate=  7360.3/s elapsed=00:02:40 eta=05:26:36
... samples=1190000/145422675 ( 0.818%) cycle_sigs=16384 lift_hashes=1 rate=  7360.8/s elapsed=00:02:41 eta=05:26:34
... samples=1195000/145422675 ( 0.822%) cycle_sigs=16384 lift_hashes=1 rate=  7361.5/s elapsed=00:02:42 eta=05:26:32
... samples=1200000/145422675 ( 0.825%) cycle_sigs=16384 lift_hashes=1 rate=  7362.3/s elapsed=00:02:42 eta=05:26:29
... samples=1205000/145422675 ( 0.829%) cycle_sigs=16384 lift_hashes=1 rate=  7362.6/s elapsed=00:02:43 eta=05:26:27
... samples=1210000/145422675 ( 0.832%) cycle_sigs=16384 lift_hashes=1 rate=  7363.3/s elapsed=00:02:44 eta=05:26:25
... samples=1215000/145422675 ( 0.835%) cycle_sigs=16384 lift_hashes=1 rate=  7364.0/s elapsed=00:02:44 eta=05:26:22
... samples=1220000/145422675 ( 0.839%) cycle_sigs=16384 lift_hashes=1 rate=  7364.3/s elapsed=00:02:45 eta=05:26:21
... samples=1225000/145422675 ( 0.842%) cycle_sigs=16384 lift_hashes=1 rate=  7365.0/s elapsed=00:02:46 eta=05:26:18
... samples=1230000/145422675 ( 0.846%) cycle_sigs=16384 lift_hashes=1 rate=  7365.7/s elapsed=00:02:46 eta=05:26:16
... samples=1235000/145422675 ( 0.849%) cycle_sigs=16384 lift_hashes=1 rate=  7366.2/s elapsed=00:02:47 eta=05:26:14
... samples=1240000/145422675 ( 0.853%) cycle_sigs=16384 lift_hashes=1 rate=  7366.9/s elapsed=00:02:48 eta=05:26:11
... samples=1245000/145422675 ( 0.856%) cycle_sigs=16384 lift_hashes=1 rate=  7367.5/s elapsed=00:02:48 eta=05:26:09
... samples=1250000/145422675 ( 0.860%) cycle_sigs=16384 lift_hashes=1 rate=  7368.0/s elapsed=00:02:49 eta=05:26:07
... samples=1255000/145422675 ( 0.863%) cycle_sigs=16384 lift_hashes=1 rate=  7368.6/s elapsed=00:02:50 eta=05:26:05
... samples=1260000/145422675 ( 0.866%) cycle_sigs=16384 lift_hashes=1 rate=  7369.4/s elapsed=00:02:50 eta=05:26:02
... samples=1265000/145422675 ( 0.870%) cycle_sigs=16384 lift_hashes=1 rate=  7369.8/s elapsed=00:02:51 eta=05:26:00
... samples=1270000/145422675 ( 0.873%) cycle_sigs=16384 lift_hashes=1 rate=  7370.4/s elapsed=00:02:52 eta=05:25:58
... samples=1275000/145422675 ( 0.877%) cycle_sigs=16384 lift_hashes=1 rate=  7371.1/s elapsed=00:02:52 eta=05:25:55
... samples=1280000/145422675 ( 0.880%) cycle_sigs=16384 lift_hashes=1 rate=  7371.8/s elapsed=00:02:53 eta=05:25:53
... samples=1285000/145422675 ( 0.884%) cycle_sigs=16384 lift_hashes=1 rate=  7372.1/s elapsed=00:02:54 eta=05:25:51
... samples=1290000/145422675 ( 0.887%) cycle_sigs=16384 lift_hashes=1 rate=  7372.2/s elapsed=00:02:54 eta=05:25:50
... samples=1295000/145422675 ( 0.891%) cycle_sigs=16384 lift_hashes=1 rate=  7372.3/s elapsed=00:02:55 eta=05:25:49
... samples=1300000/145422675 ( 0.894%) cycle_sigs=16384 lift_hashes=1 rate=  7371.9/s elapsed=00:02:56 eta=05:25:50
... samples=1305000/145422675 ( 0.897%) cycle_sigs=16384 lift_hashes=1 rate=  7372.2/s elapsed=00:02:57 eta=05:25:48
... samples=1310000/145422675 ( 0.901%) cycle_sigs=16384 lift_hashes=1 rate=  7372.8/s elapsed=00:02:57 eta=05:25:46
... samples=1315000/145422675 ( 0.904%) cycle_sigs=16384 lift_hashes=1 rate=  7370.5/s elapsed=00:02:58 eta=05:25:52
... samples=1320000/145422675 ( 0.908%) cycle_sigs=16384 lift_hashes=1 rate=  7370.8/s elapsed=00:02:59 eta=05:25:50
... samples=1325000/145422675 ( 0.911%) cycle_sigs=16384 lift_hashes=1 rate=  7371.3/s elapsed=00:02:59 eta=05:25:48
... samples=1330000/145422675 ( 0.915%) cycle_sigs=16384 lift_hashes=1 rate=  7371.7/s elapsed=00:03:00 eta=05:25:46
... samples=1335000/145422675 ( 0.918%) cycle_sigs=16384 lift_hashes=1 rate=  7370.4/s elapsed=00:03:01 eta=05:25:49
... samples=1340000/145422675 ( 0.921%) cycle_sigs=16384 lift_hashes=1 rate=  7370.8/s elapsed=00:03:01 eta=05:25:47
... samples=1345000/145422675 ( 0.925%) cycle_sigs=16384 lift_hashes=1 rate=  7370.9/s elapsed=00:03:02 eta=05:25:46
... samples=1350000/145422675 ( 0.928%) cycle_sigs=16384 lift_hashes=1 rate=  7371.2/s elapsed=00:03:03 eta=05:25:45
... samples=1355000/145422675 ( 0.932%) cycle_sigs=16384 lift_hashes=1 rate=  7371.6/s elapsed=00:03:03 eta=05:25:43
... samples=1360000/145422675 ( 0.935%) cycle_sigs=16384 lift_hashes=1 rate=  7371.8/s elapsed=00:03:04 eta=05:25:42
... samples=1365000/145422675 ( 0.939%) cycle_sigs=16384 lift_hashes=1 rate=  7372.4/s elapsed=00:03:05 eta=05:25:40
... samples=1370000/145422675 ( 0.942%) cycle_sigs=16384 lift_hashes=1 rate=  7373.1/s elapsed=00:03:05 eta=05:25:37
... samples=1375000/145422675 ( 0.946%) cycle_sigs=16384 lift_hashes=1 rate=  7373.5/s elapsed=00:03:06 eta=05:25:35
... samples=1380000/145422675 ( 0.949%) cycle_sigs=16384 lift_hashes=1 rate=  7374.0/s elapsed=00:03:07 eta=05:25:33
... samples=1385000/145422675 ( 0.952%) cycle_sigs=16384 lift_hashes=1 rate=  7374.6/s elapsed=00:03:07 eta=05:25:31
... samples=1390000/145422675 ( 0.956%) cycle_sigs=16384 lift_hashes=1 rate=  7375.0/s elapsed=00:03:08 eta=05:25:29
... samples=1395000/145422675 ( 0.959%) cycle_sigs=16384 lift_hashes=1 rate=  7375.5/s elapsed=00:03:09 eta=05:25:27
... samples=1400000/145422675 ( 0.963%) cycle_sigs=16384 lift_hashes=1 rate=  7376.0/s elapsed=00:03:09 eta=05:25:25
... samples=1405000/145422675 ( 0.966%) cycle_sigs=16384 lift_hashes=1 rate=  7376.3/s elapsed=00:03:10 eta=05:25:24
... samples=1410000/145422675 ( 0.970%) cycle_sigs=16384 lift_hashes=1 rate=  7376.5/s elapsed=00:03:11 eta=05:25:23
... samples=1415000/145422675 ( 0.973%) cycle_sigs=16384 lift_hashes=1 rate=  7376.6/s elapsed=00:03:11 eta=05:25:22
... samples=1420000/145422675 ( 0.976%) cycle_sigs=16384 lift_hashes=1 rate=  7375.9/s elapsed=00:03:12 eta=05:25:23
... samples=1425000/145422675 ( 0.980%) cycle_sigs=16384 lift_hashes=1 rate=  7373.8/s elapsed=00:03:13 eta=05:25:28
... samples=1430000/145422675 ( 0.983%) cycle_sigs=16384 lift_hashes=1 rate=  7373.7/s elapsed=00:03:13 eta=05:25:27
... samples=1435000/145422675 ( 0.987%) cycle_sigs=16384 lift_hashes=1 rate=  7373.1/s elapsed=00:03:14 eta=05:25:28
... samples=1440000/145422675 ( 0.990%) cycle_sigs=16384 lift_hashes=1 rate=  7373.2/s elapsed=00:03:15 eta=05:25:27
... samples=1445000/145422675 ( 0.994%) cycle_sigs=16384 lift_hashes=1 rate=  7373.7/s elapsed=00:03:15 eta=05:25:25
... samples=1450000/145422675 ( 0.997%) cycle_sigs=16384 lift_hashes=1 rate=  7374.1/s elapsed=00:03:16 eta=05:25:24
... samples=1455000/145422675 ( 1.001%) cycle_sigs=16384 lift_hashes=1 rate=  7374.3/s elapsed=00:03:17 eta=05:25:22
... samples=1460000/145422675 ( 1.004%) cycle_sigs=16384 lift_hashes=1 rate=  7374.4/s elapsed=00:03:17 eta=05:25:22
... samples=1465000/145422675 ( 1.007%) cycle_sigs=16384 lift_hashes=1 rate=  7374.1/s elapsed=00:03:18 eta=05:25:22
... samples=1470000/145422675 ( 1.011%) cycle_sigs=16384 lift_hashes=1 rate=  7373.7/s elapsed=00:03:19 eta=05:25:22
... samples=1475000/145422675 ( 1.014%) cycle_sigs=16384 lift_hashes=1 rate=  7373.5/s elapsed=00:03:20 eta=05:25:22
... samples=1480000/145422675 ( 1.018%) cycle_sigs=16384 lift_hashes=1 rate=  7373.2/s elapsed=00:03:20 eta=05:25:22
... samples=1485000/145422675 ( 1.021%) cycle_sigs=16384 lift_hashes=1 rate=  7372.5/s elapsed=00:03:21 eta=05:25:23
... samples=1490000/145422675 ( 1.025%) cycle_sigs=16384 lift_hashes=1 rate=  7372.5/s elapsed=00:03:22 eta=05:25:23
... samples=1495000/145422675 ( 1.028%) cycle_sigs=16384 lift_hashes=1 rate=  7370.8/s elapsed=00:03:22 eta=05:25:26
... samples=1500000/145422675 ( 1.031%) cycle_sigs=16384 lift_hashes=1 rate=  7370.7/s elapsed=00:03:23 eta=05:25:26
... samples=1505000/145422675 ( 1.035%) cycle_sigs=16384 lift_hashes=1 rate=  7370.8/s elapsed=00:03:24 eta=05:25:25
... samples=1510000/145422675 ( 1.038%) cycle_sigs=16384 lift_hashes=1 rate=  7370.7/s elapsed=00:03:24 eta=05:25:25
... samples=1515000/145422675 ( 1.042%) cycle_sigs=16384 lift_hashes=1 rate=  7368.7/s elapsed=00:03:25 eta=05:25:29
... samples=1520000/145422675 ( 1.045%) cycle_sigs=16384 lift_hashes=1 rate=  7367.9/s elapsed=00:03:26 eta=05:25:31
... samples=1525000/145422675 ( 1.049%) cycle_sigs=16384 lift_hashes=1 rate=  7367.1/s elapsed=00:03:27 eta=05:25:32
... samples=1530000/145422675 ( 1.052%) cycle_sigs=16384 lift_hashes=1 rate=  7366.4/s elapsed=00:03:27 eta=05:25:33
... samples=1535000/145422675 ( 1.056%) cycle_sigs=16384 lift_hashes=1 rate=  7366.1/s elapsed=00:03:28 eta=05:25:33
... samples=1540000/145422675 ( 1.059%) cycle_sigs=16384 lift_hashes=1 rate=  7364.1/s elapsed=00:03:29 eta=05:25:38
... samples=1545000/145422675 ( 1.062%) cycle_sigs=16384 lift_hashes=1 rate=  7363.5/s elapsed=00:03:29 eta=05:25:39
... samples=1550000/145422675 ( 1.066%) cycle_sigs=16384 lift_hashes=1 rate=  7363.1/s elapsed=00:03:30 eta=05:25:39
... samples=1555000/145422675 ( 1.069%) cycle_sigs=16384 lift_hashes=1 rate=  7362.8/s elapsed=00:03:31 eta=05:25:39
... samples=1560000/145422675 ( 1.073%) cycle_sigs=16384 lift_hashes=1 rate=  7362.3/s elapsed=00:03:31 eta=05:25:40
... samples=1565000/145422675 ( 1.076%) cycle_sigs=16384 lift_hashes=1 rate=  7362.1/s elapsed=00:03:32 eta=05:25:40
... samples=1570000/145422675 ( 1.080%) cycle_sigs=16384 lift_hashes=1 rate=  7361.8/s elapsed=00:03:33 eta=05:25:40
... samples=1575000/145422675 ( 1.083%) cycle_sigs=16384 lift_hashes=1 rate=  7361.4/s elapsed=00:03:33 eta=05:25:40
... samples=1580000/145422675 ( 1.086%) cycle_sigs=16384 lift_hashes=1 rate=  7361.2/s elapsed=00:03:34 eta=05:25:40
... samples=1585000/145422675 ( 1.090%) cycle_sigs=16384 lift_hashes=1 rate=  7359.2/s elapsed=00:03:35 eta=05:25:45
... samples=1590000/145422675 ( 1.093%) cycle_sigs=16384 lift_hashes=1 rate=  7358.8/s elapsed=00:03:36 eta=05:25:45
... samples=1595000/145422675 ( 1.097%) cycle_sigs=16384 lift_hashes=1 rate=  7358.6/s elapsed=00:03:36 eta=05:25:45
... samples=1600000/145422675 ( 1.100%) cycle_sigs=16384 lift_hashes=1 rate=  7358.5/s elapsed=00:03:37 eta=05:25:45
... samples=1605000/145422675 ( 1.104%) cycle_sigs=16384 lift_hashes=1 rate=  7358.0/s elapsed=00:03:38 eta=05:25:45
... samples=1610000/145422675 ( 1.107%) cycle_sigs=16384 lift_hashes=1 rate=  7357.8/s elapsed=00:03:38 eta=05:25:45
... samples=1615000/145422675 ( 1.111%) cycle_sigs=16384 lift_hashes=1 rate=  7357.6/s elapsed=00:03:39 eta=05:25:45
... samples=1620000/145422675 ( 1.114%) cycle_sigs=16384 lift_hashes=1 rate=  7356.9/s elapsed=00:03:40 eta=05:25:46
... samples=1625000/145422675 ( 1.117%) cycle_sigs=16384 lift_hashes=1 rate=  7355.8/s elapsed=00:03:40 eta=05:25:48
... samples=1630000/145422675 ( 1.121%) cycle_sigs=16384 lift_hashes=1 rate=  7356.3/s elapsed=00:03:41 eta=05:25:46
... samples=1635000/145422675 ( 1.124%) cycle_sigs=16384 lift_hashes=1 rate=  7356.9/s elapsed=00:03:42 eta=05:25:44
... samples=1640000/145422675 ( 1.128%) cycle_sigs=16384 lift_hashes=1 rate=  7357.2/s elapsed=00:03:42 eta=05:25:43
... samples=1645000/145422675 ( 1.131%) cycle_sigs=16384 lift_hashes=1 rate=  7357.5/s elapsed=00:03:43 eta=05:25:41
... samples=1650000/145422675 ( 1.135%) cycle_sigs=16384 lift_hashes=1 rate=  7357.9/s elapsed=00:03:44 eta=05:25:39
... samples=1655000/145422675 ( 1.138%) cycle_sigs=16384 lift_hashes=1 rate=  7357.6/s elapsed=00:03:44 eta=05:25:40
... samples=1660000/145422675 ( 1.142%) cycle_sigs=16384 lift_hashes=1 rate=  7358.0/s elapsed=00:03:45 eta=05:25:38
... samples=1665000/145422675 ( 1.145%) cycle_sigs=16384 lift_hashes=1 rate=  7358.5/s elapsed=00:03:46 eta=05:25:36
... samples=1670000/145422675 ( 1.148%) cycle_sigs=16384 lift_hashes=1 rate=  7358.4/s elapsed=00:03:46 eta=05:25:35
... samples=1675000/145422675 ( 1.152%) cycle_sigs=16384 lift_hashes=1 rate=  7358.7/s elapsed=00:03:47 eta=05:25:34
... samples=1680000/145422675 ( 1.155%) cycle_sigs=16384 lift_hashes=1 rate=  7358.8/s elapsed=00:03:48 eta=05:25:33
... samples=1685000/145422675 ( 1.159%) cycle_sigs=16384 lift_hashes=1 rate=  7358.8/s elapsed=00:03:48 eta=05:25:32
... samples=1690000/145422675 ( 1.162%) cycle_sigs=16384 lift_hashes=1 rate=  7359.2/s elapsed=00:03:49 eta=05:25:31
... samples=1695000/145422675 ( 1.166%) cycle_sigs=16384 lift_hashes=1 rate=  7359.7/s elapsed=00:03:50 eta=05:25:28
... samples=1700000/145422675 ( 1.169%) cycle_sigs=16384 lift_hashes=1 rate=  7360.1/s elapsed=00:03:50 eta=05:25:27
... samples=1705000/145422675 ( 1.172%) cycle_sigs=16384 lift_hashes=1 rate=  7360.5/s elapsed=00:03:51 eta=05:25:25
... samples=1710000/145422675 ( 1.176%) cycle_sigs=16384 lift_hashes=1 rate=  7361.0/s elapsed=00:03:52 eta=05:25:23
... samples=1715000/145422675 ( 1.179%) cycle_sigs=16384 lift_hashes=1 rate=  7361.4/s elapsed=00:03:52 eta=05:25:21
... samples=1720000/145422675 ( 1.183%) cycle_sigs=16384 lift_hashes=1 rate=  7361.9/s elapsed=00:03:53 eta=05:25:19
... samples=1725000/145422675 ( 1.186%) cycle_sigs=16384 lift_hashes=1 rate=  7362.4/s elapsed=00:03:54 eta=05:25:17
... samples=1730000/145422675 ( 1.190%) cycle_sigs=16384 lift_hashes=1 rate=  7362.8/s elapsed=00:03:54 eta=05:25:16
... samples=1735000/145422675 ( 1.193%) cycle_sigs=16384 lift_hashes=1 rate=  7363.2/s elapsed=00:03:55 eta=05:25:14
... samples=1740000/145422675 ( 1.197%) cycle_sigs=16384 lift_hashes=1 rate=  7363.7/s elapsed=00:03:56 eta=05:25:12
... samples=1745000/145422675 ( 1.200%) cycle_sigs=16384 lift_hashes=1 rate=  7364.0/s elapsed=00:03:56 eta=05:25:10
... samples=1750000/145422675 ( 1.203%) cycle_sigs=16384 lift_hashes=1 rate=  7364.4/s elapsed=00:03:57 eta=05:25:08
... samples=1755000/145422675 ( 1.207%) cycle_sigs=16384 lift_hashes=1 rate=  7364.9/s elapsed=00:03:58 eta=05:25:07
... samples=1760000/145422675 ( 1.210%) cycle_sigs=16384 lift_hashes=1 rate=  7365.2/s elapsed=00:03:58 eta=05:25:05
... samples=1765000/145422675 ( 1.214%) cycle_sigs=16384 lift_hashes=1 rate=  7365.7/s elapsed=00:03:59 eta=05:25:03
... samples=1770000/145422675 ( 1.217%) cycle_sigs=16384 lift_hashes=1 rate=  7366.1/s elapsed=00:04:00 eta=05:25:01
... samples=1775000/145422675 ( 1.221%) cycle_sigs=16384 lift_hashes=1 rate=  7366.3/s elapsed=00:04:00 eta=05:25:00
... samples=1780000/145422675 ( 1.224%) cycle_sigs=16384 lift_hashes=1 rate=  7366.6/s elapsed=00:04:01 eta=05:24:59
... samples=1785000/145422675 ( 1.227%) cycle_sigs=16384 lift_hashes=1 rate=  7367.0/s elapsed=00:04:02 eta=05:24:57
... samples=1790000/145422675 ( 1.231%) cycle_sigs=16384 lift_hashes=1 rate=  7367.3/s elapsed=00:04:02 eta=05:24:56
... samples=1795000/145422675 ( 1.234%) cycle_sigs=16384 lift_hashes=1 rate=  7367.7/s elapsed=00:04:03 eta=05:24:54
... samples=1800000/145422675 ( 1.238%) cycle_sigs=16384 lift_hashes=1 rate=  7368.2/s elapsed=00:04:04 eta=05:24:52
... samples=1805000/145422675 ( 1.241%) cycle_sigs=16384 lift_hashes=1 rate=  7368.4/s elapsed=00:04:04 eta=05:24:50
... samples=1810000/145422675 ( 1.245%) cycle_sigs=16384 lift_hashes=1 rate=  7368.8/s elapsed=00:04:05 eta=05:24:49
... samples=1815000/145422675 ( 1.248%) cycle_sigs=16384 lift_hashes=1 rate=  7369.3/s elapsed=00:04:06 eta=05:24:47
... samples=1820000/145422675 ( 1.252%) cycle_sigs=16384 lift_hashes=1 rate=  7369.8/s elapsed=00:04:06 eta=05:24:45
... samples=1825000/145422675 ( 1.255%) cycle_sigs=16384 lift_hashes=1 rate=  7370.0/s elapsed=00:04:07 eta=05:24:43
... samples=1830000/145422675 ( 1.258%) cycle_sigs=16384 lift_hashes=1 rate=  7370.5/s elapsed=00:04:08 eta=05:24:42
... samples=1835000/145422675 ( 1.262%) cycle_sigs=16384 lift_hashes=1 rate=  7370.9/s elapsed=00:04:08 eta=05:24:40
... samples=1840000/145422675 ( 1.265%) cycle_sigs=16384 lift_hashes=1 rate=  7371.2/s elapsed=00:04:09 eta=05:24:38
... samples=1845000/145422675 ( 1.269%) cycle_sigs=16384 lift_hashes=1 rate=  7371.6/s elapsed=00:04:10 eta=05:24:37
... samples=1850000/145422675 ( 1.272%) cycle_sigs=16384 lift_hashes=1 rate=  7372.1/s elapsed=00:04:10 eta=05:24:35
... samples=1855000/145422675 ( 1.276%) cycle_sigs=16384 lift_hashes=1 rate=  7372.4/s elapsed=00:04:11 eta=05:24:33
... samples=1860000/145422675 ( 1.279%) cycle_sigs=16384 lift_hashes=1 rate=  7372.8/s elapsed=00:04:12 eta=05:24:31
... samples=1865000/145422675 ( 1.282%) cycle_sigs=16384 lift_hashes=1 rate=  7373.3/s elapsed=00:04:12 eta=05:24:29
... samples=1870000/145422675 ( 1.286%) cycle_sigs=16384 lift_hashes=1 rate=  7373.6/s elapsed=00:04:13 eta=05:24:28
... samples=1875000/145422675 ( 1.289%) cycle_sigs=16384 lift_hashes=1 rate=  7373.7/s elapsed=00:04:14 eta=05:24:27
... samples=1880000/145422675 ( 1.293%) cycle_sigs=16384 lift_hashes=1 rate=  7373.4/s elapsed=00:04:14 eta=05:24:27
... samples=1885000/145422675 ( 1.296%) cycle_sigs=16384 lift_hashes=1 rate=  7372.9/s elapsed=00:04:15 eta=05:24:28
... samples=1890000/145422675 ( 1.300%) cycle_sigs=16384 lift_hashes=1 rate=  7371.6/s elapsed=00:04:16 eta=05:24:30
... samples=1895000/145422675 ( 1.303%) cycle_sigs=16384 lift_hashes=1 rate=  7372.1/s elapsed=00:04:17 eta=05:24:29
... samples=1900000/145422675 ( 1.307%) cycle_sigs=16384 lift_hashes=1 rate=  7372.3/s elapsed=00:04:17 eta=05:24:27
... samples=1905000/145422675 ( 1.310%) cycle_sigs=16384 lift_hashes=1 rate=  7372.6/s elapsed=00:04:18 eta=05:24:26
... samples=1910000/145422675 ( 1.313%) cycle_sigs=16384 lift_hashes=1 rate=  7373.1/s elapsed=00:04:19 eta=05:24:24
... samples=1915000/145422675 ( 1.317%) cycle_sigs=16384 lift_hashes=1 rate=  7373.3/s elapsed=00:04:19 eta=05:24:23
... samples=1920000/145422675 ( 1.320%) cycle_sigs=16384 lift_hashes=1 rate=  7373.6/s elapsed=00:04:20 eta=05:24:21
... samples=1925000/145422675 ( 1.324%) cycle_sigs=16384 lift_hashes=1 rate=  7374.0/s elapsed=00:04:21 eta=05:24:19
... samples=1930000/145422675 ( 1.327%) cycle_sigs=16384 lift_hashes=1 rate=  7374.2/s elapsed=00:04:21 eta=05:24:18
... samples=1935000/145422675 ( 1.331%) cycle_sigs=16384 lift_hashes=1 rate=  7374.6/s elapsed=00:04:22 eta=05:24:16
... samples=1940000/145422675 ( 1.334%) cycle_sigs=16384 lift_hashes=1 rate=  7375.1/s elapsed=00:04:23 eta=05:24:14
... samples=1945000/145422675 ( 1.337%) cycle_sigs=16384 lift_hashes=1 rate=  7375.4/s elapsed=00:04:23 eta=05:24:13
... samples=1950000/145422675 ( 1.341%) cycle_sigs=16384 lift_hashes=1 rate=  7375.8/s elapsed=00:04:24 eta=05:24:11
... samples=1955000/145422675 ( 1.344%) cycle_sigs=16384 lift_hashes=1 rate=  7376.1/s elapsed=00:04:25 eta=05:24:10
... samples=1960000/145422675 ( 1.348%) cycle_sigs=16384 lift_hashes=1 rate=  7376.5/s elapsed=00:04:25 eta=05:24:08
... samples=1965000/145422675 ( 1.351%) cycle_sigs=16384 lift_hashes=1 rate=  7376.9/s elapsed=00:04:26 eta=05:24:06
... samples=1970000/145422675 ( 1.355%) cycle_sigs=16384 lift_hashes=1 rate=  7377.3/s elapsed=00:04:27 eta=05:24:05
... samples=1975000/145422675 ( 1.358%) cycle_sigs=16384 lift_hashes=1 rate=  7377.4/s elapsed=00:04:27 eta=05:24:04
... samples=1980000/145422675 ( 1.362%) cycle_sigs=16384 lift_hashes=1 rate=  7377.7/s elapsed=00:04:28 eta=05:24:02
... samples=1985000/145422675 ( 1.365%) cycle_sigs=16384 lift_hashes=1 rate=  7378.1/s elapsed=00:04:29 eta=05:24:01
... samples=1990000/145422675 ( 1.368%) cycle_sigs=16384 lift_hashes=1 rate=  7378.3/s elapsed=00:04:29 eta=05:23:59
... samples=1995000/145422675 ( 1.372%) cycle_sigs=16384 lift_hashes=1 rate=  7378.7/s elapsed=00:04:30 eta=05:23:58
... samples=2000000/145422675 ( 1.375%) cycle_sigs=16384 lift_hashes=1 rate=  7379.0/s elapsed=00:04:31 eta=05:23:56
... samples=2005000/145422675 ( 1.379%) cycle_sigs=16384 lift_hashes=1 rate=  7379.3/s elapsed=00:04:31 eta=05:23:55
... samples=2010000/145422675 ( 1.382%) cycle_sigs=16384 lift_hashes=1 rate=  7379.3/s elapsed=00:04:32 eta=05:23:54
... samples=2015000/145422675 ( 1.386%) cycle_sigs=16384 lift_hashes=1 rate=  7379.4/s elapsed=00:04:33 eta=05:23:53
... samples=2020000/145422675 ( 1.389%) cycle_sigs=16384 lift_hashes=1 rate=  7379.7/s elapsed=00:04:33 eta=05:23:52
... samples=2025000/145422675 ( 1.392%) cycle_sigs=16384 lift_hashes=1 rate=  7379.6/s elapsed=00:04:34 eta=05:23:51
... samples=2030000/145422675 ( 1.396%) cycle_sigs=16384 lift_hashes=1 rate=  7379.7/s elapsed=00:04:35 eta=05:23:50
... samples=2035000/145422675 ( 1.399%) cycle_sigs=16384 lift_hashes=1 rate=  7380.1/s elapsed=00:04:35 eta=05:23:49
... samples=2040000/145422675 ( 1.403%) cycle_sigs=16384 lift_hashes=1 rate=  7380.2/s elapsed=00:04:36 eta=05:23:47
... samples=2045000/145422675 ( 1.406%) cycle_sigs=17862 lift_hashes=1 rate=  7380.1/s elapsed=00:04:37 eta=05:23:47
... samples=2050000/145422675 ( 1.410%) cycle_sigs=19840 lift_hashes=1 rate=  7380.2/s elapsed=00:04:37 eta=05:23:46
... samples=2055000/145422675 ( 1.413%) cycle_sigs=21110 lift_hashes=1 rate=  7380.1/s elapsed=00:04:38 eta=05:23:46
... samples=2060000/145422675 ( 1.417%) cycle_sigs=22843 lift_hashes=1 rate=  7380.4/s elapsed=00:04:39 eta=05:23:44
... samples=2065000/145422675 ( 1.420%) cycle_sigs=25216 lift_hashes=1 rate=  7380.8/s elapsed=00:04:39 eta=05:23:43
... samples=2070000/145422675 ( 1.423%) cycle_sigs=26258 lift_hashes=1 rate=  7380.9/s elapsed=00:04:40 eta=05:23:42
... samples=2075000/145422675 ( 1.427%) cycle_sigs=27296 lift_hashes=1 rate=  7381.1/s elapsed=00:04:41 eta=05:23:40
... samples=2080000/145422675 ( 1.430%) cycle_sigs=27967 lift_hashes=1 rate=  7381.3/s elapsed=00:04:41 eta=05:23:39
... samples=2085000/145422675 ( 1.434%) cycle_sigs=28568 lift_hashes=1 rate=  7381.4/s elapsed=00:04:42 eta=05:23:38
... samples=2090000/145422675 ( 1.437%) cycle_sigs=28831 lift_hashes=1 rate=  7381.6/s elapsed=00:04:43 eta=05:23:37
... samples=2095000/145422675 ( 1.441%) cycle_sigs=29039 lift_hashes=1 rate=  7381.1/s elapsed=00:04:43 eta=05:23:38
... samples=2100000/145422675 ( 1.444%) cycle_sigs=29887 lift_hashes=1 rate=  7380.9/s elapsed=00:04:44 eta=05:23:38
... samples=2105000/145422675 ( 1.448%) cycle_sigs=30508 lift_hashes=1 rate=  7381.1/s elapsed=00:04:45 eta=05:23:36
... samples=2110000/145422675 ( 1.451%) cycle_sigs=30889 lift_hashes=1 rate=  7381.1/s elapsed=00:04:45 eta=05:23:36
... samples=2115000/145422675 ( 1.454%) cycle_sigs=31195 lift_hashes=1 rate=  7380.6/s elapsed=00:04:46 eta=05:23:36
... samples=2120000/145422675 ( 1.458%) cycle_sigs=31355 lift_hashes=1 rate=  7379.5/s elapsed=00:04:47 eta=05:23:38
... samples=2125000/145422675 ( 1.461%) cycle_sigs=31469 lift_hashes=1 rate=  7379.6/s elapsed=00:04:47 eta=05:23:37
... samples=2130000/145422675 ( 1.465%) cycle_sigs=31549 lift_hashes=1 rate=  7379.6/s elapsed=00:04:48 eta=05:23:37
... samples=2135000/145422675 ( 1.468%) cycle_sigs=31619 lift_hashes=1 rate=  7379.6/s elapsed=00:04:49 eta=05:23:36
... samples=2140000/145422675 ( 1.472%) cycle_sigs=31936 lift_hashes=1 rate=  7379.7/s elapsed=00:04:49 eta=05:23:35
... samples=2145000/145422675 ( 1.475%) cycle_sigs=32088 lift_hashes=1 rate=  7379.3/s elapsed=00:04:50 eta=05:23:36
... samples=2150000/145422675 ( 1.478%) cycle_sigs=32218 lift_hashes=1 rate=  7378.2/s elapsed=00:04:51 eta=05:23:38
... samples=2155000/145422675 ( 1.482%) cycle_sigs=32290 lift_hashes=1 rate=  7377.6/s elapsed=00:04:52 eta=05:23:39
... samples=2160000/145422675 ( 1.485%) cycle_sigs=32326 lift_hashes=1 rate=  7377.0/s elapsed=00:04:52 eta=05:23:40
... samples=2165000/145422675 ( 1.489%) cycle_sigs=32356 lift_hashes=1 rate=  7376.8/s elapsed=00:04:53 eta=05:23:40
... samples=2170000/145422675 ( 1.492%) cycle_sigs=32360 lift_hashes=1 rate=  7376.2/s elapsed=00:04:54 eta=05:23:40
... samples=2175000/145422675 ( 1.496%) cycle_sigs=32372 lift_hashes=1 rate=  7375.8/s elapsed=00:04:54 eta=05:23:41
... samples=2180000/145422675 ( 1.499%) cycle_sigs=32376 lift_hashes=1 rate=  7375.5/s elapsed=00:04:55 eta=05:23:41
... samples=2185000/145422675 ( 1.503%) cycle_sigs=32376 lift_hashes=1 rate=  7374.3/s elapsed=00:04:56 eta=05:23:43
... samples=2190000/145422675 ( 1.506%) cycle_sigs=32376 lift_hashes=1 rate=  7374.1/s elapsed=00:04:56 eta=05:23:43
... samples=2195000/145422675 ( 1.509%) cycle_sigs=32376 lift_hashes=1 rate=  7374.0/s elapsed=00:04:57 eta=05:23:43
... samples=2200000/145422675 ( 1.513%) cycle_sigs=32378 lift_hashes=1 rate=  7373.9/s elapsed=00:04:58 eta=05:23:42
... samples=2205000/145422675 ( 1.516%) cycle_sigs=32378 lift_hashes=1 rate=  7373.5/s elapsed=00:04:59 eta=05:23:43
... samples=2210000/145422675 ( 1.520%) cycle_sigs=32380 lift_hashes=1 rate=  7373.3/s elapsed=00:04:59 eta=05:23:43
... samples=2215000/145422675 ( 1.523%) cycle_sigs=32393 lift_hashes=1 rate=  7373.1/s elapsed=00:05:00 eta=05:23:43
... samples=2220000/145422675 ( 1.527%) cycle_sigs=32461 lift_hashes=1 rate=  7372.8/s elapsed=00:05:01 eta=05:23:43
... samples=2225000/145422675 ( 1.530%) cycle_sigs=32500 lift_hashes=1 rate=  7372.4/s elapsed=00:05:01 eta=05:23:43
... samples=2230000/145422675 ( 1.533%) cycle_sigs=32514 lift_hashes=1 rate=  7372.2/s elapsed=00:05:02 eta=05:23:43
... samples=2235000/145422675 ( 1.537%) cycle_sigs=32532 lift_hashes=1 rate=  7372.0/s elapsed=00:05:03 eta=05:23:43
... samples=2240000/145422675 ( 1.540%) cycle_sigs=32563 lift_hashes=1 rate=  7371.6/s elapsed=00:05:03 eta=05:23:43
... samples=2245000/145422675 ( 1.544%) cycle_sigs=32585 lift_hashes=1 rate=  7371.2/s elapsed=00:05:04 eta=05:23:43
... samples=2250000/145422675 ( 1.547%) cycle_sigs=32599 lift_hashes=1 rate=  7371.1/s elapsed=00:05:05 eta=05:23:43
... samples=2255000/145422675 ( 1.551%) cycle_sigs=32604 lift_hashes=1 rate=  7370.7/s elapsed=00:05:05 eta=05:23:43
... samples=2260000/145422675 ( 1.554%) cycle_sigs=32604 lift_hashes=1 rate=  7370.4/s elapsed=00:05:06 eta=05:23:43
... samples=2265000/145422675 ( 1.558%) cycle_sigs=32604 lift_hashes=1 rate=  7369.9/s elapsed=00:05:07 eta=05:23:44
... samples=2270000/145422675 ( 1.561%) cycle_sigs=32604 lift_hashes=1 rate=  7369.4/s elapsed=00:05:08 eta=05:23:45
... samples=2275000/145422675 ( 1.564%) cycle_sigs=32604 lift_hashes=1 rate=  7369.0/s elapsed=00:05:08 eta=05:23:45
... samples=2280000/145422675 ( 1.568%) cycle_sigs=32604 lift_hashes=1 rate=  7368.5/s elapsed=00:05:09 eta=05:23:46
... samples=2285000/145422675 ( 1.571%) cycle_sigs=32604 lift_hashes=1 rate=  7368.0/s elapsed=00:05:10 eta=05:23:46
... samples=2290000/145422675 ( 1.575%) cycle_sigs=32604 lift_hashes=1 rate=  7367.6/s elapsed=00:05:10 eta=05:23:47
... samples=2295000/145422675 ( 1.578%) cycle_sigs=32604 lift_hashes=1 rate=  7367.2/s elapsed=00:05:11 eta=05:23:47
... samples=2300000/145422675 ( 1.582%) cycle_sigs=32604 lift_hashes=1 rate=  7366.6/s elapsed=00:05:12 eta=05:23:48
... samples=2305000/145422675 ( 1.585%) cycle_sigs=32604 lift_hashes=1 rate=  7365.3/s elapsed=00:05:12 eta=05:23:51
... samples=2310000/145422675 ( 1.588%) cycle_sigs=32604 lift_hashes=1 rate=  7365.3/s elapsed=00:05:13 eta=05:23:50
... samples=2315000/145422675 ( 1.592%) cycle_sigs=32604 lift_hashes=1 rate=  7365.5/s elapsed=00:05:14 eta=05:23:49
... samples=2320000/145422675 ( 1.595%) cycle_sigs=32604 lift_hashes=1 rate=  7365.7/s elapsed=00:05:14 eta=05:23:48
... samples=2325000/145422675 ( 1.599%) cycle_sigs=32604 lift_hashes=1 rate=  7366.0/s elapsed=00:05:15 eta=05:23:46
... samples=2330000/145422675 ( 1.602%) cycle_sigs=32606 lift_hashes=1 rate=  7366.0/s elapsed=00:05:16 eta=05:23:46
... samples=2335000/145422675 ( 1.606%) cycle_sigs=32660 lift_hashes=1 rate=  7366.0/s elapsed=00:05:16 eta=05:23:45
... samples=2340000/145422675 ( 1.609%) cycle_sigs=32689 lift_hashes=1 rate=  7366.2/s elapsed=00:05:17 eta=05:23:44
... samples=2345000/145422675 ( 1.613%) cycle_sigs=32740 lift_hashes=1 rate=  7366.4/s elapsed=00:05:18 eta=05:23:42
... samples=2350000/145422675 ( 1.616%) cycle_sigs=32757 lift_hashes=1 rate=  7366.7/s elapsed=00:05:19 eta=05:23:41
... samples=2355000/145422675 ( 1.619%) cycle_sigs=32765 lift_hashes=1 rate=  7367.0/s elapsed=00:05:19 eta=05:23:40
... samples=2360000/145422675 ( 1.623%) cycle_sigs=32767 lift_hashes=1 rate=  7367.2/s elapsed=00:05:20 eta=05:23:38
... samples=2365000/145422675 ( 1.626%) cycle_sigs=32768 lift_hashes=1 rate=  7366.6/s elapsed=00:05:21 eta=05:23:39
... samples=2370000/145422675 ( 1.630%) cycle_sigs=32768 lift_hashes=1 rate=  7365.9/s elapsed=00:05:21 eta=05:23:40
... samples=2375000/145422675 ( 1.633%) cycle_sigs=32768 lift_hashes=1 rate=  7366.0/s elapsed=00:05:22 eta=05:23:39
... samples=2380000/145422675 ( 1.637%) cycle_sigs=32768 lift_hashes=1 rate=  7366.4/s elapsed=00:05:23 eta=05:23:38
... samples=2385000/145422675 ( 1.640%) cycle_sigs=32768 lift_hashes=1 rate=  7366.8/s elapsed=00:05:23 eta=05:23:36
... samples=2390000/145422675 ( 1.643%) cycle_sigs=32768 lift_hashes=1 rate=  7367.0/s elapsed=00:05:24 eta=05:23:35
... samples=2395000/145422675 ( 1.647%) cycle_sigs=32768 lift_hashes=1 rate=  7367.3/s elapsed=00:05:25 eta=05:23:33
... samples=2400000/145422675 ( 1.650%) cycle_sigs=32768 lift_hashes=1 rate=  7367.7/s elapsed=00:05:25 eta=05:23:32
... samples=2405000/145422675 ( 1.654%) cycle_sigs=32768 lift_hashes=1 rate=  7367.9/s elapsed=00:05:26 eta=05:23:30
... samples=2410000/145422675 ( 1.657%) cycle_sigs=32768 lift_hashes=1 rate=  7368.2/s elapsed=00:05:27 eta=05:23:29
... samples=2415000/145422675 ( 1.661%) cycle_sigs=32768 lift_hashes=1 rate=  7368.6/s elapsed=00:05:27 eta=05:23:27
... samples=2420000/145422675 ( 1.664%) cycle_sigs=32768 lift_hashes=1 rate=  7368.8/s elapsed=00:05:28 eta=05:23:26
... samples=2425000/145422675 ( 1.668%) cycle_sigs=32768 lift_hashes=1 rate=  7368.5/s elapsed=00:05:29 eta=05:23:26
... samples=2430000/145422675 ( 1.671%) cycle_sigs=32768 lift_hashes=1 rate=  7367.5/s elapsed=00:05:29 eta=05:23:28
... samples=2435000/145422675 ( 1.674%) cycle_sigs=32768 lift_hashes=1 rate=  7367.2/s elapsed=00:05:30 eta=05:23:28
... samples=2440000/145422675 ( 1.678%) cycle_sigs=32768 lift_hashes=1 rate=  7367.1/s elapsed=00:05:31 eta=05:23:28
... samples=2445000/145422675 ( 1.681%) cycle_sigs=32768 lift_hashes=1 rate=  7367.0/s elapsed=00:05:31 eta=05:23:27
... samples=2450000/145422675 ( 1.685%) cycle_sigs=32768 lift_hashes=1 rate=  7366.9/s elapsed=00:05:32 eta=05:23:27
... samples=2455000/145422675 ( 1.688%) cycle_sigs=32768 lift_hashes=1 rate=  7367.0/s elapsed=00:05:33 eta=05:23:26
... samples=2460000/145422675 ( 1.692%) cycle_sigs=32768 lift_hashes=1 rate=  7367.3/s elapsed=00:05:33 eta=05:23:24
... samples=2465000/145422675 ( 1.695%) cycle_sigs=32768 lift_hashes=1 rate=  7367.6/s elapsed=00:05:34 eta=05:23:23
... samples=2470000/145422675 ( 1.698%) cycle_sigs=32768 lift_hashes=1 rate=  7367.5/s elapsed=00:05:35 eta=05:23:23
... samples=2475000/145422675 ( 1.702%) cycle_sigs=32768 lift_hashes=1 rate=  7367.6/s elapsed=00:05:35 eta=05:23:22
... samples=2480000/145422675 ( 1.705%) cycle_sigs=32768 lift_hashes=1 rate=  7367.8/s elapsed=00:05:36 eta=05:23:20
... samples=2485000/145422675 ( 1.709%) cycle_sigs=32768 lift_hashes=1 rate=  7366.9/s elapsed=00:05:37 eta=05:23:22
... samples=2490000/145422675 ( 1.712%) cycle_sigs=32768 lift_hashes=1 rate=  7367.1/s elapsed=00:05:37 eta=05:23:21
... samples=2495000/145422675 ( 1.716%) cycle_sigs=32768 lift_hashes=1 rate=  7367.0/s elapsed=00:05:38 eta=05:23:20
... samples=2500000/145422675 ( 1.719%) cycle_sigs=32768 lift_hashes=1 rate=  7367.0/s elapsed=00:05:39 eta=05:23:20
... samples=2505000/145422675 ( 1.723%) cycle_sigs=32768 lift_hashes=1 rate=  7367.1/s elapsed=00:05:40 eta=05:23:19
... samples=2510000/145422675 ( 1.726%) cycle_sigs=32768 lift_hashes=1 rate=  7366.7/s elapsed=00:05:40 eta=05:23:19
... samples=2515000/145422675 ( 1.729%) cycle_sigs=32768 lift_hashes=1 rate=  7366.5/s elapsed=00:05:41 eta=05:23:19
... samples=2520000/145422675 ( 1.733%) cycle_sigs=32768 lift_hashes=1 rate=  7366.4/s elapsed=00:05:42 eta=05:23:19
... samples=2525000/145422675 ( 1.736%) cycle_sigs=32768 lift_hashes=1 rate=  7365.2/s elapsed=00:05:42 eta=05:23:21
... samples=2530000/145422675 ( 1.740%) cycle_sigs=32768 lift_hashes=1 rate=  7364.8/s elapsed=00:05:43 eta=05:23:22
... samples=2535000/145422675 ( 1.743%) cycle_sigs=32768 lift_hashes=1 rate=  7364.6/s elapsed=00:05:44 eta=05:23:21
... samples=2540000/145422675 ( 1.747%) cycle_sigs=32768 lift_hashes=1 rate=  7364.4/s elapsed=00:05:44 eta=05:23:21
... samples=2545000/145422675 ( 1.750%) cycle_sigs=32768 lift_hashes=1 rate=  7363.7/s elapsed=00:05:45 eta=05:23:23
... samples=2550000/145422675 ( 1.754%) cycle_sigs=32768 lift_hashes=1 rate=  7363.3/s elapsed=00:05:46 eta=05:23:23
... samples=2555000/145422675 ( 1.757%) cycle_sigs=32768 lift_hashes=1 rate=  7363.2/s elapsed=00:05:46 eta=05:23:23
... samples=2560000/145422675 ( 1.760%) cycle_sigs=32768 lift_hashes=1 rate=  7361.7/s elapsed=00:05:47 eta=05:23:26
... samples=2565000/145422675 ( 1.764%) cycle_sigs=32768 lift_hashes=1 rate=  7361.3/s elapsed=00:05:48 eta=05:23:26
... samples=2570000/145422675 ( 1.767%) cycle_sigs=32768 lift_hashes=1 rate=  7361.1/s elapsed=00:05:49 eta=05:23:26
... samples=2575000/145422675 ( 1.771%) cycle_sigs=32768 lift_hashes=1 rate=  7360.7/s elapsed=00:05:49 eta=05:23:26
... samples=2580000/145422675 ( 1.774%) cycle_sigs=32768 lift_hashes=1 rate=  7360.6/s elapsed=00:05:50 eta=05:23:26
... samples=2585000/145422675 ( 1.778%) cycle_sigs=32768 lift_hashes=1 rate=  7360.5/s elapsed=00:05:51 eta=05:23:25
... samples=2590000/145422675 ( 1.781%) cycle_sigs=32768 lift_hashes=1 rate=  7360.3/s elapsed=00:05:51 eta=05:23:25
... samples=2595000/145422675 ( 1.784%) cycle_sigs=32768 lift_hashes=1 rate=  7359.0/s elapsed=00:05:52 eta=05:23:28
... samples=2600000/145422675 ( 1.788%) cycle_sigs=32768 lift_hashes=1 rate=  7358.8/s elapsed=00:05:53 eta=05:23:28
... samples=2605000/145422675 ( 1.791%) cycle_sigs=32768 lift_hashes=1 rate=  7358.6/s elapsed=00:05:54 eta=05:23:28
... samples=2610000/145422675 ( 1.795%) cycle_sigs=32768 lift_hashes=1 rate=  7358.3/s elapsed=00:05:54 eta=05:23:28
... samples=2615000/145422675 ( 1.798%) cycle_sigs=32768 lift_hashes=1 rate=  7358.0/s elapsed=00:05:55 eta=05:23:28
... samples=2620000/145422675 ( 1.802%) cycle_sigs=32768 lift_hashes=1 rate=  7357.7/s elapsed=00:05:56 eta=05:23:28
... samples=2625000/145422675 ( 1.805%) cycle_sigs=32768 lift_hashes=1 rate=  7357.3/s elapsed=00:05:56 eta=05:23:28
... samples=2630000/145422675 ( 1.809%) cycle_sigs=32768 lift_hashes=1 rate=  7357.1/s elapsed=00:05:57 eta=05:23:28
... samples=2635000/145422675 ( 1.812%) cycle_sigs=32768 lift_hashes=1 rate=  7356.9/s elapsed=00:05:58 eta=05:23:28
... samples=2640000/145422675 ( 1.815%) cycle_sigs=32768 lift_hashes=1 rate=  7356.6/s elapsed=00:05:58 eta=05:23:28
... samples=2645000/145422675 ( 1.819%) cycle_sigs=32768 lift_hashes=1 rate=  7355.5/s elapsed=00:05:59 eta=05:23:31
... samples=2650000/145422675 ( 1.822%) cycle_sigs=32768 lift_hashes=1 rate=  7355.2/s elapsed=00:06:00 eta=05:23:31
... samples=2655000/145422675 ( 1.826%) cycle_sigs=32768 lift_hashes=1 rate=  7354.8/s elapsed=00:06:00 eta=05:23:31
... samples=2660000/145422675 ( 1.829%) cycle_sigs=32768 lift_hashes=1 rate=  7354.6/s elapsed=00:06:01 eta=05:23:31
... samples=2665000/145422675 ( 1.833%) cycle_sigs=32768 lift_hashes=1 rate=  7354.4/s elapsed=00:06:02 eta=05:23:31
... samples=2670000/145422675 ( 1.836%) cycle_sigs=32768 lift_hashes=1 rate=  7354.2/s elapsed=00:06:03 eta=05:23:30
... samples=2675000/145422675 ( 1.839%) cycle_sigs=32768 lift_hashes=1 rate=  7354.2/s elapsed=00:06:03 eta=05:23:30
... samples=2680000/145422675 ( 1.843%) cycle_sigs=32768 lift_hashes=1 rate=  7353.9/s elapsed=00:06:04 eta=05:23:30
... samples=2685000/145422675 ( 1.846%) cycle_sigs=32768 lift_hashes=1 rate=  7353.5/s elapsed=00:06:05 eta=05:23:30
... samples=2690000/145422675 ( 1.850%) cycle_sigs=32768 lift_hashes=1 rate=  7352.6/s elapsed=00:06:05 eta=05:23:32
... samples=2695000/145422675 ( 1.853%) cycle_sigs=32768 lift_hashes=1 rate=  7352.3/s elapsed=00:06:06 eta=05:23:32
... samples=2700000/145422675 ( 1.857%) cycle_sigs=32768 lift_hashes=1 rate=  7351.9/s elapsed=00:06:07 eta=05:23:32
... samples=2705000/145422675 ( 1.860%) cycle_sigs=32768 lift_hashes=1 rate=  7351.7/s elapsed=00:06:07 eta=05:23:32
... samples=2710000/145422675 ( 1.864%) cycle_sigs=32768 lift_hashes=1 rate=  7351.5/s elapsed=00:06:08 eta=05:23:32
... samples=2715000/145422675 ( 1.867%) cycle_sigs=32768 lift_hashes=1 rate=  7351.2/s elapsed=00:06:09 eta=05:23:32
... samples=2720000/145422675 ( 1.870%) cycle_sigs=32768 lift_hashes=1 rate=  7351.0/s elapsed=00:06:10 eta=05:23:32
... samples=2725000/145422675 ( 1.874%) cycle_sigs=32768 lift_hashes=1 rate=  7350.8/s elapsed=00:06:10 eta=05:23:32
... samples=2730000/145422675 ( 1.877%) cycle_sigs=32768 lift_hashes=1 rate=  7350.3/s elapsed=00:06:11 eta=05:23:33
... samples=2735000/145422675 ( 1.881%) cycle_sigs=32768 lift_hashes=1 rate=  7350.1/s elapsed=00:06:12 eta=05:23:33
... samples=2740000/145422675 ( 1.884%) cycle_sigs=32768 lift_hashes=1 rate=  7349.2/s elapsed=00:06:12 eta=05:23:34
... samples=2745000/145422675 ( 1.888%) cycle_sigs=32768 lift_hashes=1 rate=  7348.5/s elapsed=00:06:13 eta=05:23:35
... samples=2750000/145422675 ( 1.891%) cycle_sigs=32768 lift_hashes=1 rate=  7348.3/s elapsed=00:06:14 eta=05:23:35
... samples=2755000/145422675 ( 1.894%) cycle_sigs=32768 lift_hashes=1 rate=  7348.2/s elapsed=00:06:14 eta=05:23:35
... samples=2760000/145422675 ( 1.898%) cycle_sigs=32768 lift_hashes=1 rate=  7348.4/s elapsed=00:06:15 eta=05:23:34
... samples=2765000/145422675 ( 1.901%) cycle_sigs=32768 lift_hashes=1 rate=  7348.6/s elapsed=00:06:16 eta=05:23:32
... samples=2770000/145422675 ( 1.905%) cycle_sigs=32768 lift_hashes=1 rate=  7348.9/s elapsed=00:06:16 eta=05:23:31
... samples=2775000/145422675 ( 1.908%) cycle_sigs=32768 lift_hashes=1 rate=  7349.0/s elapsed=00:06:17 eta=05:23:30
... samples=2780000/145422675 ( 1.912%) cycle_sigs=32768 lift_hashes=1 rate=  7349.0/s elapsed=00:06:18 eta=05:23:29
... samples=2785000/145422675 ( 1.915%) cycle_sigs=32768 lift_hashes=1 rate=  7349.0/s elapsed=00:06:18 eta=05:23:29
... samples=2790000/145422675 ( 1.919%) cycle_sigs=32768 lift_hashes=1 rate=  7349.2/s elapsed=00:06:19 eta=05:23:27
... samples=2795000/145422675 ( 1.922%) cycle_sigs=32768 lift_hashes=1 rate=  7349.3/s elapsed=00:06:20 eta=05:23:26
... samples=2800000/145422675 ( 1.925%) cycle_sigs=32768 lift_hashes=1 rate=  7349.7/s elapsed=00:06:20 eta=05:23:25
... samples=2805000/145422675 ( 1.929%) cycle_sigs=32768 lift_hashes=1 rate=  7350.0/s elapsed=00:06:21 eta=05:23:23
... samples=2810000/145422675 ( 1.932%) cycle_sigs=32768 lift_hashes=1 rate=  7350.2/s elapsed=00:06:22 eta=05:23:22
... samples=2815000/145422675 ( 1.936%) cycle_sigs=32768 lift_hashes=1 rate=  7350.5/s elapsed=00:06:22 eta=05:23:20
... samples=2820000/145422675 ( 1.939%) cycle_sigs=32768 lift_hashes=1 rate=  7350.9/s elapsed=00:06:23 eta=05:23:19
... samples=2825000/145422675 ( 1.943%) cycle_sigs=32768 lift_hashes=1 rate=  7351.1/s elapsed=00:06:24 eta=05:23:18
... samples=2830000/145422675 ( 1.946%) cycle_sigs=32768 lift_hashes=1 rate=  7351.4/s elapsed=00:06:24 eta=05:23:16
... samples=2835000/145422675 ( 1.949%) cycle_sigs=32768 lift_hashes=1 rate=  7351.7/s elapsed=00:06:25 eta=05:23:15
... samples=2840000/145422675 ( 1.953%) cycle_sigs=32768 lift_hashes=1 rate=  7351.9/s elapsed=00:06:26 eta=05:23:14
... samples=2845000/145422675 ( 1.956%) cycle_sigs=32768 lift_hashes=1 rate=  7352.2/s elapsed=00:06:26 eta=05:23:12
... samples=2850000/145422675 ( 1.960%) cycle_sigs=32768 lift_hashes=1 rate=  7352.2/s elapsed=00:06:27 eta=05:23:11
... samples=2855000/145422675 ( 1.963%) cycle_sigs=32768 lift_hashes=1 rate=  7352.1/s elapsed=00:06:28 eta=05:23:11
... samples=2860000/145422675 ( 1.967%) cycle_sigs=32768 lift_hashes=1 rate=  7352.4/s elapsed=00:06:28 eta=05:23:10
... samples=2865000/145422675 ( 1.970%) cycle_sigs=32768 lift_hashes=1 rate=  7352.7/s elapsed=00:06:29 eta=05:23:08
... samples=2870000/145422675 ( 1.974%) cycle_sigs=32768 lift_hashes=1 rate=  7352.8/s elapsed=00:06:30 eta=05:23:07
... samples=2875000/145422675 ( 1.977%) cycle_sigs=32768 lift_hashes=1 rate=  7353.1/s elapsed=00:06:30 eta=05:23:06
... samples=2880000/145422675 ( 1.980%) cycle_sigs=32768 lift_hashes=1 rate=  7353.4/s elapsed=00:06:31 eta=05:23:04
... samples=2885000/145422675 ( 1.984%) cycle_sigs=32768 lift_hashes=1 rate=  7353.6/s elapsed=00:06:32 eta=05:23:03
... samples=2890000/145422675 ( 1.987%) cycle_sigs=32768 lift_hashes=1 rate=  7353.9/s elapsed=00:06:32 eta=05:23:01
... samples=2895000/145422675 ( 1.991%) cycle_sigs=32768 lift_hashes=1 rate=  7354.3/s elapsed=00:06:33 eta=05:23:00
... samples=2900000/145422675 ( 1.994%) cycle_sigs=32768 lift_hashes=1 rate=  7354.5/s elapsed=00:06:34 eta=05:22:59
... samples=2905000/145422675 ( 1.998%) cycle_sigs=32768 lift_hashes=1 rate=  7354.7/s elapsed=00:06:34 eta=05:22:57
... samples=2910000/145422675 ( 2.001%) cycle_sigs=32768 lift_hashes=1 rate=  7354.9/s elapsed=00:06:35 eta=05:22:56
... samples=2915000/145422675 ( 2.005%) cycle_sigs=32768 lift_hashes=1 rate=  7354.9/s elapsed=00:06:36 eta=05:22:55
... samples=2920000/145422675 ( 2.008%) cycle_sigs=32768 lift_hashes=1 rate=  7355.0/s elapsed=00:06:37 eta=05:22:54
... samples=2925000/145422675 ( 2.011%) cycle_sigs=32768 lift_hashes=1 rate=  7355.2/s elapsed=00:06:37 eta=05:22:53
... samples=2930000/145422675 ( 2.015%) cycle_sigs=32768 lift_hashes=1 rate=  7354.9/s elapsed=00:06:38 eta=05:22:53
... samples=2935000/145422675 ( 2.018%) cycle_sigs=32768 lift_hashes=1 rate=  7354.1/s elapsed=00:06:39 eta=05:22:55
... samples=2940000/145422675 ( 2.022%) cycle_sigs=32768 lift_hashes=1 rate=  7354.0/s elapsed=00:06:39 eta=05:22:54
... samples=2945000/145422675 ( 2.025%) cycle_sigs=32768 lift_hashes=1 rate=  7353.9/s elapsed=00:06:40 eta=05:22:54
... samples=2950000/145422675 ( 2.029%) cycle_sigs=32768 lift_hashes=1 rate=  7353.5/s elapsed=00:06:41 eta=05:22:54
... samples=2955000/145422675 ( 2.032%) cycle_sigs=32768 lift_hashes=1 rate=  7352.2/s elapsed=00:06:41 eta=05:22:57
... samples=2960000/145422675 ( 2.035%) cycle_sigs=32768 lift_hashes=1 rate=  7351.8/s elapsed=00:06:42 eta=05:22:58
... samples=2965000/145422675 ( 2.039%) cycle_sigs=32768 lift_hashes=1 rate=  7351.2/s elapsed=00:06:43 eta=05:22:58
... samples=2970000/145422675 ( 2.042%) cycle_sigs=32768 lift_hashes=1 rate=  7350.9/s elapsed=00:06:44 eta=05:22:58
... samples=2975000/145422675 ( 2.046%) cycle_sigs=32768 lift_hashes=1 rate=  7350.3/s elapsed=00:06:44 eta=05:22:59
... samples=2980000/145422675 ( 2.049%) cycle_sigs=32768 lift_hashes=1 rate=  7349.9/s elapsed=00:06:45 eta=05:23:00
... samples=2985000/145422675 ( 2.053%) cycle_sigs=32768 lift_hashes=1 rate=  7349.6/s elapsed=00:06:46 eta=05:23:00
... samples=2990000/145422675 ( 2.056%) cycle_sigs=32768 lift_hashes=1 rate=  7348.6/s elapsed=00:06:46 eta=05:23:02
... samples=2995000/145422675 ( 2.060%) cycle_sigs=32768 lift_hashes=1 rate=  7348.3/s elapsed=00:06:47 eta=05:23:02
... samples=3000000/145422675 ( 2.063%) cycle_sigs=32768 lift_hashes=1 rate=  7348.2/s elapsed=00:06:48 eta=05:23:02
... samples=3005000/145422675 ( 2.066%) cycle_sigs=32768 lift_hashes=1 rate=  7348.1/s elapsed=00:06:48 eta=05:23:01
... samples=3010000/145422675 ( 2.070%) cycle_sigs=32768 lift_hashes=1 rate=  7347.9/s elapsed=00:06:49 eta=05:23:01
... samples=3015000/145422675 ( 2.073%) cycle_sigs=32768 lift_hashes=1 rate=  7347.0/s elapsed=00:06:50 eta=05:23:03
... samples=3020000/145422675 ( 2.077%) cycle_sigs=32768 lift_hashes=1 rate=  7347.0/s elapsed=00:06:51 eta=05:23:02
... samples=3025000/145422675 ( 2.080%) cycle_sigs=32768 lift_hashes=1 rate=  7346.8/s elapsed=00:06:51 eta=05:23:02
... samples=3030000/145422675 ( 2.084%) cycle_sigs=32768 lift_hashes=1 rate=  7346.7/s elapsed=00:06:52 eta=05:23:01
... samples=3035000/145422675 ( 2.087%) cycle_sigs=32768 lift_hashes=1 rate=  7346.5/s elapsed=00:06:53 eta=05:23:01
... samples=3040000/145422675 ( 2.090%) cycle_sigs=32768 lift_hashes=1 rate=  7346.2/s elapsed=00:06:53 eta=05:23:01
... samples=3045000/145422675 ( 2.094%) cycle_sigs=32768 lift_hashes=1 rate=  7346.0/s elapsed=00:06:54 eta=05:23:01
... samples=3050000/145422675 ( 2.097%) cycle_sigs=32768 lift_hashes=1 rate=  7345.9/s elapsed=00:06:55 eta=05:23:01
... samples=3055000/145422675 ( 2.101%) cycle_sigs=32768 lift_hashes=1 rate=  7345.6/s elapsed=00:06:55 eta=05:23:01
... samples=3060000/145422675 ( 2.104%) cycle_sigs=32768 lift_hashes=1 rate=  7345.5/s elapsed=00:06:56 eta=05:23:00
... samples=3065000/145422675 ( 2.108%) cycle_sigs=32768 lift_hashes=1 rate=  7345.5/s elapsed=00:06:57 eta=05:23:00
... samples=3070000/145422675 ( 2.111%) cycle_sigs=32768 lift_hashes=1 rate=  7345.3/s elapsed=00:06:57 eta=05:23:00
... samples=3075000/145422675 ( 2.115%) cycle_sigs=32768 lift_hashes=1 rate=  7345.2/s elapsed=00:06:58 eta=05:22:59
... samples=3080000/145422675 ( 2.118%) cycle_sigs=32768 lift_hashes=1 rate=  7345.2/s elapsed=00:06:59 eta=05:22:58
... samples=3085000/145422675 ( 2.121%) cycle_sigs=32768 lift_hashes=1 rate=  7345.0/s elapsed=00:07:00 eta=05:22:58
... samples=3090000/145422675 ( 2.125%) cycle_sigs=32768 lift_hashes=1 rate=  7344.9/s elapsed=00:07:00 eta=05:22:58
... samples=3095000/145422675 ( 2.128%) cycle_sigs=32768 lift_hashes=1 rate=  7344.7/s elapsed=00:07:01 eta=05:22:58
... samples=3100000/145422675 ( 2.132%) cycle_sigs=32768 lift_hashes=1 rate=  7344.4/s elapsed=00:07:02 eta=05:22:58
... samples=3105000/145422675 ( 2.135%) cycle_sigs=32768 lift_hashes=1 rate=  7344.3/s elapsed=00:07:02 eta=05:22:58
... samples=3110000/145422675 ( 2.139%) cycle_sigs=32768 lift_hashes=1 rate=  7344.1/s elapsed=00:07:03 eta=05:22:57
... samples=3115000/145422675 ( 2.142%) cycle_sigs=32768 lift_hashes=1 rate=  7343.9/s elapsed=00:07:04 eta=05:22:57
... samples=3120000/145422675 ( 2.145%) cycle_sigs=32768 lift_hashes=1 rate=  7343.9/s elapsed=00:07:04 eta=05:22:56
... samples=3125000/145422675 ( 2.149%) cycle_sigs=32768 lift_hashes=1 rate=  7343.9/s elapsed=00:07:05 eta=05:22:56
... samples=3130000/145422675 ( 2.152%) cycle_sigs=32768 lift_hashes=1 rate=  7343.3/s elapsed=00:07:06 eta=05:22:57
... samples=3135000/145422675 ( 2.156%) cycle_sigs=32768 lift_hashes=1 rate=  7342.7/s elapsed=00:07:06 eta=05:22:58
... samples=3140000/145422675 ( 2.159%) cycle_sigs=32768 lift_hashes=1 rate=  7342.6/s elapsed=00:07:07 eta=05:22:57
... samples=3145000/145422675 ( 2.163%) cycle_sigs=32768 lift_hashes=1 rate=  7342.5/s elapsed=00:07:08 eta=05:22:57
... samples=3150000/145422675 ( 2.166%) cycle_sigs=32768 lift_hashes=1 rate=  7342.1/s elapsed=00:07:09 eta=05:22:57
... samples=3155000/145422675 ( 2.170%) cycle_sigs=32768 lift_hashes=1 rate=  7342.0/s elapsed=00:07:09 eta=05:22:57
... samples=3160000/145422675 ( 2.173%) cycle_sigs=32768 lift_hashes=1 rate=  7341.8/s elapsed=00:07:10 eta=05:22:56
... samples=3165000/145422675 ( 2.176%) cycle_sigs=32768 lift_hashes=1 rate=  7341.6/s elapsed=00:07:11 eta=05:22:57
... samples=3170000/145422675 ( 2.180%) cycle_sigs=32768 lift_hashes=1 rate=  7341.4/s elapsed=00:07:11 eta=05:22:56
... samples=3175000/145422675 ( 2.183%) cycle_sigs=32768 lift_hashes=1 rate=  7341.3/s elapsed=00:07:12 eta=05:22:56
... samples=3180000/145422675 ( 2.187%) cycle_sigs=32768 lift_hashes=1 rate=  7341.1/s elapsed=00:07:13 eta=05:22:56
... samples=3185000/145422675 ( 2.190%) cycle_sigs=32768 lift_hashes=1 rate=  7340.2/s elapsed=00:07:13 eta=05:22:57
... samples=3190000/145422675 ( 2.194%) cycle_sigs=32768 lift_hashes=1 rate=  7340.1/s elapsed=00:07:14 eta=05:22:57
... samples=3195000/145422675 ( 2.197%) cycle_sigs=32768 lift_hashes=1 rate=  7339.9/s elapsed=00:07:15 eta=05:22:57
... samples=3200000/145422675 ( 2.200%) cycle_sigs=32768 lift_hashes=1 rate=  7339.8/s elapsed=00:07:15 eta=05:22:56
... samples=3205000/145422675 ( 2.204%) cycle_sigs=32768 lift_hashes=1 rate=  7339.7/s elapsed=00:07:16 eta=05:22:56
... samples=3210000/145422675 ( 2.207%) cycle_sigs=32768 lift_hashes=1 rate=  7338.8/s elapsed=00:07:17 eta=05:22:58
... samples=3215000/145422675 ( 2.211%) cycle_sigs=32768 lift_hashes=1 rate=  7338.5/s elapsed=00:07:18 eta=05:22:58
... samples=3220000/145422675 ( 2.214%) cycle_sigs=32768 lift_hashes=1 rate=  7338.4/s elapsed=00:07:18 eta=05:22:57
... samples=3225000/145422675 ( 2.218%) cycle_sigs=32768 lift_hashes=1 rate=  7338.0/s elapsed=00:07:19 eta=05:22:58
... samples=3230000/145422675 ( 2.221%) cycle_sigs=32768 lift_hashes=1 rate=  7337.9/s elapsed=00:07:20 eta=05:22:57
... samples=3235000/145422675 ( 2.225%) cycle_sigs=32768 lift_hashes=1 rate=  7337.7/s elapsed=00:07:20 eta=05:22:57
... samples=3240000/145422675 ( 2.228%) cycle_sigs=32768 lift_hashes=1 rate=  7337.4/s elapsed=00:07:21 eta=05:22:57
... samples=3245000/145422675 ( 2.231%) cycle_sigs=32768 lift_hashes=1 rate=  7337.3/s elapsed=00:07:22 eta=05:22:57
... samples=3250000/145422675 ( 2.235%) cycle_sigs=32768 lift_hashes=1 rate=  7337.2/s elapsed=00:07:22 eta=05:22:56
... samples=3255000/145422675 ( 2.238%) cycle_sigs=32768 lift_hashes=1 rate=  7337.0/s elapsed=00:07:23 eta=05:22:56
... samples=3260000/145422675 ( 2.242%) cycle_sigs=32768 lift_hashes=1 rate=  7336.9/s elapsed=00:07:24 eta=05:22:56
... samples=3265000/145422675 ( 2.245%) cycle_sigs=32768 lift_hashes=1 rate=  7336.8/s elapsed=00:07:25 eta=05:22:56
... samples=3270000/145422675 ( 2.249%) cycle_sigs=32768 lift_hashes=1 rate=  7336.4/s elapsed=00:07:25 eta=05:22:56
... samples=3275000/145422675 ( 2.252%) cycle_sigs=32768 lift_hashes=1 rate=  7335.6/s elapsed=00:07:26 eta=05:22:57
... samples=3280000/145422675 ( 2.255%) cycle_sigs=32768 lift_hashes=1 rate=  7335.3/s elapsed=00:07:27 eta=05:22:57
... samples=3285000/145422675 ( 2.259%) cycle_sigs=32768 lift_hashes=1 rate=  7335.1/s elapsed=00:07:27 eta=05:22:57
... samples=3290000/145422675 ( 2.262%) cycle_sigs=32768 lift_hashes=1 rate=  7335.3/s elapsed=00:07:28 eta=05:22:56
... samples=3295000/145422675 ( 2.266%) cycle_sigs=32768 lift_hashes=1 rate=  7335.5/s elapsed=00:07:29 eta=05:22:55
... samples=3300000/145422675 ( 2.269%) cycle_sigs=32768 lift_hashes=1 rate=  7335.5/s elapsed=00:07:29 eta=05:22:54
... samples=3305000/145422675 ( 2.273%) cycle_sigs=32768 lift_hashes=1 rate=  7335.5/s elapsed=00:07:30 eta=05:22:54
... samples=3310000/145422675 ( 2.276%) cycle_sigs=32768 lift_hashes=1 rate=  7335.4/s elapsed=00:07:31 eta=05:22:53
... samples=3315000/145422675 ( 2.280%) cycle_sigs=32768 lift_hashes=1 rate=  7335.3/s elapsed=00:07:31 eta=05:22:53
... samples=3320000/145422675 ( 2.283%) cycle_sigs=32768 lift_hashes=1 rate=  7335.1/s elapsed=00:07:32 eta=05:22:52
... samples=3325000/145422675 ( 2.286%) cycle_sigs=32768 lift_hashes=1 rate=  7335.0/s elapsed=00:07:33 eta=05:22:52
... samples=3330000/145422675 ( 2.290%) cycle_sigs=32768 lift_hashes=1 rate=  7335.2/s elapsed=00:07:33 eta=05:22:51
... samples=3335000/145422675 ( 2.293%) cycle_sigs=32768 lift_hashes=1 rate=  7335.2/s elapsed=00:07:34 eta=05:22:50
... samples=3340000/145422675 ( 2.297%) cycle_sigs=32768 lift_hashes=1 rate=  7335.3/s elapsed=00:07:35 eta=05:22:49
... samples=3345000/145422675 ( 2.300%) cycle_sigs=32768 lift_hashes=1 rate=  7335.5/s elapsed=00:07:36 eta=05:22:48
... samples=3350000/145422675 ( 2.304%) cycle_sigs=32768 lift_hashes=1 rate=  7334.8/s elapsed=00:07:36 eta=05:22:49
... samples=3355000/145422675 ( 2.307%) cycle_sigs=32768 lift_hashes=1 rate=  7334.1/s elapsed=00:07:37 eta=05:22:50
... samples=3360000/145422675 ( 2.311%) cycle_sigs=32768 lift_hashes=1 rate=  7334.4/s elapsed=00:07:38 eta=05:22:49
... samples=3365000/145422675 ( 2.314%) cycle_sigs=32768 lift_hashes=1 rate=  7334.6/s elapsed=00:07:38 eta=05:22:48
... samples=3370000/145422675 ( 2.317%) cycle_sigs=32768 lift_hashes=1 rate=  7334.8/s elapsed=00:07:39 eta=05:22:46
... samples=3375000/145422675 ( 2.321%) cycle_sigs=32768 lift_hashes=1 rate=  7335.1/s elapsed=00:07:40 eta=05:22:45
... samples=3380000/145422675 ( 2.324%) cycle_sigs=32768 lift_hashes=1 rate=  7335.3/s elapsed=00:07:40 eta=05:22:44
... samples=3385000/145422675 ( 2.328%) cycle_sigs=32768 lift_hashes=1 rate=  7335.5/s elapsed=00:07:41 eta=05:22:43
... samples=3390000/145422675 ( 2.331%) cycle_sigs=32768 lift_hashes=1 rate=  7335.8/s elapsed=00:07:42 eta=05:22:41
... samples=3395000/145422675 ( 2.335%) cycle_sigs=32768 lift_hashes=1 rate=  7335.9/s elapsed=00:07:42 eta=05:22:40
... samples=3400000/145422675 ( 2.338%) cycle_sigs=32768 lift_hashes=1 rate=  7336.2/s elapsed=00:07:43 eta=05:22:39
... samples=3405000/145422675 ( 2.341%) cycle_sigs=32768 lift_hashes=1 rate=  7336.4/s elapsed=00:07:44 eta=05:22:37
... samples=3410000/145422675 ( 2.345%) cycle_sigs=32768 lift_hashes=1 rate=  7336.6/s elapsed=00:07:44 eta=05:22:36
... samples=3415000/145422675 ( 2.348%) cycle_sigs=32768 lift_hashes=1 rate=  7336.8/s elapsed=00:07:45 eta=05:22:35
... samples=3420000/145422675 ( 2.352%) cycle_sigs=32768 lift_hashes=1 rate=  7337.1/s elapsed=00:07:46 eta=05:22:34
... samples=3425000/145422675 ( 2.355%) cycle_sigs=32768 lift_hashes=1 rate=  7337.3/s elapsed=00:07:46 eta=05:22:32
... samples=3430000/145422675 ( 2.359%) cycle_sigs=32768 lift_hashes=1 rate=  7337.5/s elapsed=00:07:47 eta=05:22:31
... samples=3435000/145422675 ( 2.362%) cycle_sigs=32768 lift_hashes=1 rate=  7337.8/s elapsed=00:07:48 eta=05:22:30
... samples=3440000/145422675 ( 2.366%) cycle_sigs=32768 lift_hashes=1 rate=  7338.0/s elapsed=00:07:48 eta=05:22:29
... samples=3445000/145422675 ( 2.369%) cycle_sigs=32768 lift_hashes=1 rate=  7338.2/s elapsed=00:07:49 eta=05:22:27
... samples=3450000/145422675 ( 2.372%) cycle_sigs=32768 lift_hashes=1 rate=  7338.5/s elapsed=00:07:50 eta=05:22:26
... samples=3455000/145422675 ( 2.376%) cycle_sigs=32768 lift_hashes=1 rate=  7338.6/s elapsed=00:07:50 eta=05:22:25
... samples=3460000/145422675 ( 2.379%) cycle_sigs=32768 lift_hashes=1 rate=  7338.9/s elapsed=00:07:51 eta=05:22:23
... samples=3465000/145422675 ( 2.383%) cycle_sigs=32768 lift_hashes=1 rate=  7339.1/s elapsed=00:07:52 eta=05:22:22
... samples=3470000/145422675 ( 2.386%) cycle_sigs=32768 lift_hashes=1 rate=  7339.3/s elapsed=00:07:52 eta=05:22:21
... samples=3475000/145422675 ( 2.390%) cycle_sigs=32768 lift_hashes=1 rate=  7339.5/s elapsed=00:07:53 eta=05:22:20
... samples=3480000/145422675 ( 2.393%) cycle_sigs=32768 lift_hashes=1 rate=  7339.7/s elapsed=00:07:54 eta=05:22:18
... samples=3485000/145422675 ( 2.396%) cycle_sigs=32768 lift_hashes=1 rate=  7340.0/s elapsed=00:07:54 eta=05:22:17
... samples=3490000/145422675 ( 2.400%) cycle_sigs=32768 lift_hashes=1 rate=  7340.1/s elapsed=00:07:55 eta=05:22:16
... samples=3495000/145422675 ( 2.403%) cycle_sigs=32768 lift_hashes=1 rate=  7340.4/s elapsed=00:07:56 eta=05:22:15
... samples=3500000/145422675 ( 2.407%) cycle_sigs=32768 lift_hashes=1 rate=  7340.6/s elapsed=00:07:56 eta=05:22:13
... samples=3505000/145422675 ( 2.410%) cycle_sigs=32768 lift_hashes=1 rate=  7340.8/s elapsed=00:07:57 eta=05:22:12
... samples=3510000/145422675 ( 2.414%) cycle_sigs=32768 lift_hashes=1 rate=  7341.0/s elapsed=00:07:58 eta=05:22:11
... samples=3515000/145422675 ( 2.417%) cycle_sigs=32768 lift_hashes=1 rate=  7341.1/s elapsed=00:07:58 eta=05:22:10
... samples=3520000/145422675 ( 2.421%) cycle_sigs=32768 lift_hashes=1 rate=  7341.0/s elapsed=00:07:59 eta=05:22:10
... samples=3525000/145422675 ( 2.424%) cycle_sigs=32768 lift_hashes=1 rate=  7341.2/s elapsed=00:08:00 eta=05:22:09
... samples=3530000/145422675 ( 2.427%) cycle_sigs=32768 lift_hashes=1 rate=  7341.3/s elapsed=00:08:00 eta=05:22:07
... samples=3535000/145422675 ( 2.431%) cycle_sigs=32768 lift_hashes=1 rate=  7341.3/s elapsed=00:08:01 eta=05:22:07
... samples=3540000/145422675 ( 2.434%) cycle_sigs=32768 lift_hashes=1 rate=  7341.6/s elapsed=00:08:02 eta=05:22:05
... samples=3545000/145422675 ( 2.438%) cycle_sigs=32768 lift_hashes=1 rate=  7341.9/s elapsed=00:08:02 eta=05:22:04
... samples=3550000/145422675 ( 2.441%) cycle_sigs=32768 lift_hashes=1 rate=  7342.1/s elapsed=00:08:03 eta=05:22:03
... samples=3555000/145422675 ( 2.445%) cycle_sigs=32768 lift_hashes=1 rate=  7342.0/s elapsed=00:08:04 eta=05:22:02
... samples=3560000/145422675 ( 2.448%) cycle_sigs=32768 lift_hashes=1 rate=  7341.8/s elapsed=00:08:04 eta=05:22:02
... samples=3565000/145422675 ( 2.451%) cycle_sigs=32768 lift_hashes=1 rate=  7341.0/s elapsed=00:08:05 eta=05:22:03
... samples=3570000/145422675 ( 2.455%) cycle_sigs=32768 lift_hashes=1 rate=  7340.9/s elapsed=00:08:06 eta=05:22:03
... samples=3575000/145422675 ( 2.458%) cycle_sigs=32768 lift_hashes=1 rate=  7341.1/s elapsed=00:08:06 eta=05:22:02
... samples=3580000/145422675 ( 2.462%) cycle_sigs=32768 lift_hashes=1 rate=  7341.2/s elapsed=00:08:07 eta=05:22:01
... samples=3585000/145422675 ( 2.465%) cycle_sigs=32768 lift_hashes=1 rate=  7341.5/s elapsed=00:08:08 eta=05:22:00
... samples=3590000/145422675 ( 2.469%) cycle_sigs=32768 lift_hashes=1 rate=  7341.7/s elapsed=00:08:08 eta=05:21:58
... samples=3595000/145422675 ( 2.472%) cycle_sigs=32768 lift_hashes=1 rate=  7341.9/s elapsed=00:08:09 eta=05:21:57
... samples=3600000/145422675 ( 2.476%) cycle_sigs=32768 lift_hashes=1 rate=  7341.7/s elapsed=00:08:10 eta=05:21:57
... samples=3605000/145422675 ( 2.479%) cycle_sigs=32768 lift_hashes=1 rate=  7341.5/s elapsed=00:08:11 eta=05:21:57
... samples=3610000/145422675 ( 2.482%) cycle_sigs=32768 lift_hashes=1 rate=  7341.5/s elapsed=00:08:11 eta=05:21:56
... samples=3615000/145422675 ( 2.486%) cycle_sigs=32768 lift_hashes=1 rate=  7341.5/s elapsed=00:08:12 eta=05:21:55
... samples=3620000/145422675 ( 2.489%) cycle_sigs=32768 lift_hashes=1 rate=  7341.5/s elapsed=00:08:13 eta=05:21:55
... samples=3625000/145422675 ( 2.493%) cycle_sigs=32768 lift_hashes=1 rate=  7341.5/s elapsed=00:08:13 eta=05:21:54
... samples=3630000/145422675 ( 2.496%) cycle_sigs=32768 lift_hashes=1 rate=  7341.6/s elapsed=00:08:14 eta=05:21:53
... samples=3635000/145422675 ( 2.500%) cycle_sigs=32768 lift_hashes=1 rate=  7341.8/s elapsed=00:08:15 eta=05:21:52
... samples=3640000/145422675 ( 2.503%) cycle_sigs=32768 lift_hashes=1 rate=  7342.0/s elapsed=00:08:15 eta=05:21:51
... samples=3645000/145422675 ( 2.506%) cycle_sigs=32768 lift_hashes=1 rate=  7342.2/s elapsed=00:08:16 eta=05:21:50
... samples=3650000/145422675 ( 2.510%) cycle_sigs=32768 lift_hashes=1 rate=  7342.5/s elapsed=00:08:17 eta=05:21:48
... samples=3655000/145422675 ( 2.513%) cycle_sigs=32768 lift_hashes=1 rate=  7342.6/s elapsed=00:08:17 eta=05:21:47
... samples=3660000/145422675 ( 2.517%) cycle_sigs=32768 lift_hashes=1 rate=  7342.8/s elapsed=00:08:18 eta=05:21:46
... samples=3665000/145422675 ( 2.520%) cycle_sigs=32768 lift_hashes=1 rate=  7342.9/s elapsed=00:08:19 eta=05:21:45
... samples=3670000/145422675 ( 2.524%) cycle_sigs=32768 lift_hashes=1 rate=  7343.1/s elapsed=00:08:19 eta=05:21:44
... samples=3675000/145422675 ( 2.527%) cycle_sigs=32768 lift_hashes=1 rate=  7343.2/s elapsed=00:08:20 eta=05:21:43
... samples=3680000/145422675 ( 2.531%) cycle_sigs=32768 lift_hashes=1 rate=  7343.4/s elapsed=00:08:21 eta=05:21:42
... samples=3685000/145422675 ( 2.534%) cycle_sigs=32768 lift_hashes=1 rate=  7343.6/s elapsed=00:08:21 eta=05:21:40
... samples=3690000/145422675 ( 2.537%) cycle_sigs=32768 lift_hashes=1 rate=  7343.7/s elapsed=00:08:22 eta=05:21:39
... samples=3695000/145422675 ( 2.541%) cycle_sigs=32768 lift_hashes=1 rate=  7344.0/s elapsed=00:08:23 eta=05:21:38
... samples=3700000/145422675 ( 2.544%) cycle_sigs=32768 lift_hashes=1 rate=  7344.2/s elapsed=00:08:23 eta=05:21:37
... samples=3705000/145422675 ( 2.548%) cycle_sigs=32768 lift_hashes=1 rate=  7344.3/s elapsed=00:08:24 eta=05:21:36
... samples=3710000/145422675 ( 2.551%) cycle_sigs=32768 lift_hashes=1 rate=  7344.5/s elapsed=00:08:25 eta=05:21:34
... samples=3715000/145422675 ( 2.555%) cycle_sigs=32768 lift_hashes=1 rate=  7344.8/s elapsed=00:08:25 eta=05:21:33
... samples=3720000/145422675 ( 2.558%) cycle_sigs=32768 lift_hashes=1 rate=  7344.9/s elapsed=00:08:26 eta=05:21:32
... samples=3725000/145422675 ( 2.561%) cycle_sigs=32768 lift_hashes=1 rate=  7345.1/s elapsed=00:08:27 eta=05:21:31
... samples=3730000/145422675 ( 2.565%) cycle_sigs=32768 lift_hashes=1 rate=  7345.4/s elapsed=00:08:27 eta=05:21:30
... samples=3735000/145422675 ( 2.568%) cycle_sigs=32768 lift_hashes=1 rate=  7345.5/s elapsed=00:08:28 eta=05:21:29
... samples=3740000/145422675 ( 2.572%) cycle_sigs=32768 lift_hashes=1 rate=  7345.7/s elapsed=00:08:29 eta=05:21:27
... samples=3745000/145422675 ( 2.575%) cycle_sigs=32768 lift_hashes=1 rate=  7345.9/s elapsed=00:08:29 eta=05:21:26
... samples=3750000/145422675 ( 2.579%) cycle_sigs=32768 lift_hashes=1 rate=  7346.0/s elapsed=00:08:30 eta=05:21:25
... samples=3755000/145422675 ( 2.582%) cycle_sigs=32768 lift_hashes=1 rate=  7346.2/s elapsed=00:08:31 eta=05:21:24
... samples=3760000/145422675 ( 2.586%) cycle_sigs=32768 lift_hashes=1 rate=  7346.4/s elapsed=00:08:31 eta=05:21:23
... samples=3765000/145422675 ( 2.589%) cycle_sigs=32768 lift_hashes=1 rate=  7346.4/s elapsed=00:08:32 eta=05:21:22
... samples=3770000/145422675 ( 2.592%) cycle_sigs=32768 lift_hashes=1 rate=  7346.6/s elapsed=00:08:33 eta=05:21:21
... samples=3775000/145422675 ( 2.596%) cycle_sigs=32768 lift_hashes=1 rate=  7346.8/s elapsed=00:08:33 eta=05:21:20
... samples=3780000/145422675 ( 2.599%) cycle_sigs=32768 lift_hashes=1 rate=  7347.0/s elapsed=00:08:34 eta=05:21:19
... samples=3785000/145422675 ( 2.603%) cycle_sigs=32768 lift_hashes=1 rate=  7347.2/s elapsed=00:08:35 eta=05:21:17
... samples=3790000/145422675 ( 2.606%) cycle_sigs=32768 lift_hashes=1 rate=  7347.5/s elapsed=00:08:35 eta=05:21:16
... samples=3795000/145422675 ( 2.610%) cycle_sigs=32768 lift_hashes=1 rate=  7347.6/s elapsed=00:08:36 eta=05:21:15
... samples=3800000/145422675 ( 2.613%) cycle_sigs=32768 lift_hashes=1 rate=  7347.8/s elapsed=00:08:37 eta=05:21:14
... samples=3805000/145422675 ( 2.617%) cycle_sigs=32768 lift_hashes=1 rate=  7348.0/s elapsed=00:08:37 eta=05:21:12
... samples=3810000/145422675 ( 2.620%) cycle_sigs=32768 lift_hashes=1 rate=  7348.2/s elapsed=00:08:38 eta=05:21:11
... samples=3815000/145422675 ( 2.623%) cycle_sigs=32768 lift_hashes=1 rate=  7348.4/s elapsed=00:08:39 eta=05:21:10
... samples=3820000/145422675 ( 2.627%) cycle_sigs=32768 lift_hashes=1 rate=  7348.7/s elapsed=00:08:39 eta=05:21:09
... samples=3825000/145422675 ( 2.630%) cycle_sigs=32768 lift_hashes=1 rate=  7348.2/s elapsed=00:08:40 eta=05:21:09
... samples=3830000/145422675 ( 2.634%) cycle_sigs=32768 lift_hashes=1 rate=  7344.0/s elapsed=00:08:41 eta=05:21:20
... samples=3835000/145422675 ( 2.637%) cycle_sigs=32768 lift_hashes=1 rate=  7340.2/s elapsed=00:08:42 eta=05:21:29
... samples=3840000/145422675 ( 2.641%) cycle_sigs=32768 lift_hashes=1 rate=  7336.4/s elapsed=00:08:43 eta=05:21:38
... samples=3845000/145422675 ( 2.644%) cycle_sigs=32768 lift_hashes=1 rate=  7332.6/s elapsed=00:08:44 eta=05:21:47
... samples=3850000/145422675 ( 2.647%) cycle_sigs=32768 lift_hashes=1 rate=  7328.9/s elapsed=00:08:45 eta=05:21:57
... samples=3855000/145422675 ( 2.651%) cycle_sigs=32768 lift_hashes=1 rate=  7325.1/s elapsed=00:08:46 eta=05:22:06
... samples=3860000/145422675 ( 2.654%) cycle_sigs=32768 lift_hashes=1 rate=  7321.4/s elapsed=00:08:47 eta=05:22:15
... samples=3865000/145422675 ( 2.658%) cycle_sigs=32768 lift_hashes=1 rate=  7317.8/s elapsed=00:08:48 eta=05:22:24
... samples=3870000/145422675 ( 2.661%) cycle_sigs=32768 lift_hashes=1 rate=  7314.2/s elapsed=00:08:49 eta=05:22:33
... samples=3875000/145422675 ( 2.665%) cycle_sigs=32768 lift_hashes=1 rate=  7310.4/s elapsed=00:08:50 eta=05:22:42
... samples=3880000/145422675 ( 2.668%) cycle_sigs=32768 lift_hashes=1 rate=  7306.7/s elapsed=00:08:51 eta=05:22:51
... samples=3885000/145422675 ( 2.672%) cycle_sigs=32768 lift_hashes=1 rate=  7303.0/s elapsed=00:08:51 eta=05:23:00
... samples=3890000/145422675 ( 2.675%) cycle_sigs=32768 lift_hashes=1 rate=  7299.2/s elapsed=00:08:52 eta=05:23:10
... samples=3895000/145422675 ( 2.678%) cycle_sigs=32768 lift_hashes=1 rate=  7295.7/s elapsed=00:08:53 eta=05:23:18
... samples=3900000/145422675 ( 2.682%) cycle_sigs=32768 lift_hashes=1 rate=  7291.9/s elapsed=00:08:54 eta=05:23:28
... samples=3905000/145422675 ( 2.685%) cycle_sigs=32768 lift_hashes=1 rate=  7288.3/s elapsed=00:08:55 eta=05:23:37
... samples=3910000/145422675 ( 2.689%) cycle_sigs=32768 lift_hashes=1 rate=  7284.7/s elapsed=00:08:56 eta=05:23:45
... samples=3915000/145422675 ( 2.692%) cycle_sigs=32768 lift_hashes=1 rate=  7281.6/s elapsed=00:08:57 eta=05:23:53
... samples=3920000/145422675 ( 2.696%) cycle_sigs=32768 lift_hashes=1 rate=  7277.9/s elapsed=00:08:58 eta=05:24:02
... samples=3925000/145422675 ( 2.699%) cycle_sigs=32768 lift_hashes=1 rate=  7274.5/s elapsed=00:08:59 eta=05:24:11
... samples=3930000/145422675 ( 2.702%) cycle_sigs=32768 lift_hashes=1 rate=  7271.2/s elapsed=00:09:00 eta=05:24:19
... samples=3935000/145422675 ( 2.706%) cycle_sigs=32768 lift_hashes=1 rate=  7267.5/s elapsed=00:09:01 eta=05:24:28
... samples=3940000/145422675 ( 2.709%) cycle_sigs=32768 lift_hashes=1 rate=  7264.1/s elapsed=00:09:02 eta=05:24:37
... samples=3945000/145422675 ( 2.713%) cycle_sigs=32768 lift_hashes=1 rate=  7260.7/s elapsed=00:09:03 eta=05:24:45
... samples=3950000/145422675 ( 2.716%) cycle_sigs=32768 lift_hashes=1 rate=  7257.2/s elapsed=00:09:04 eta=05:24:54
... samples=3955000/145422675 ( 2.720%) cycle_sigs=32768 lift_hashes=1 rate=  7253.8/s elapsed=00:09:05 eta=05:25:02
... samples=3960000/145422675 ( 2.723%) cycle_sigs=32768 lift_hashes=1 rate=  7250.7/s elapsed=00:09:06 eta=05:25:10
... samples=3965000/145422675 ( 2.727%) cycle_sigs=32768 lift_hashes=1 rate=  7246.8/s elapsed=00:09:07 eta=05:25:19
... samples=3970000/145422675 ( 2.730%) cycle_sigs=32768 lift_hashes=1 rate=  7243.1/s elapsed=00:09:08 eta=05:25:29
... samples=3975000/145422675 ( 2.733%) cycle_sigs=32768 lift_hashes=1 rate=  7239.9/s elapsed=00:09:09 eta=05:25:37
... samples=3980000/145422675 ( 2.737%) cycle_sigs=32768 lift_hashes=1 rate=  7236.0/s elapsed=00:09:10 eta=05:25:47
... samples=3985000/145422675 ( 2.740%) cycle_sigs=32768 lift_hashes=1 rate=  7230.0/s elapsed=00:09:11 eta=05:26:02
... samples=3990000/145422675 ( 2.744%) cycle_sigs=32768 lift_hashes=1 rate=  7226.0/s elapsed=00:09:12 eta=05:26:12
... samples=3995000/145422675 ( 2.747%) cycle_sigs=32768 lift_hashes=1 rate=  7220.6/s elapsed=00:09:13 eta=05:26:26
... samples=4000000/145422675 ( 2.751%) cycle_sigs=32768 lift_hashes=1 rate=  7215.0/s elapsed=00:09:14 eta=05:26:41
... samples=4005000/145422675 ( 2.754%) cycle_sigs=32768 lift_hashes=1 rate=  7210.8/s elapsed=00:09:15 eta=05:26:51
... samples=4010000/145422675 ( 2.757%) cycle_sigs=32768 lift_hashes=1 rate=  7207.3/s elapsed=00:09:16 eta=05:27:00
... samples=4015000/145422675 ( 2.761%) cycle_sigs=32768 lift_hashes=1 rate=  7203.3/s elapsed=00:09:17 eta=05:27:11
... samples=4020000/145422675 ( 2.764%) cycle_sigs=32768 lift_hashes=1 rate=  7198.8/s elapsed=00:09:18 eta=05:27:22
... samples=4025000/145422675 ( 2.768%) cycle_sigs=32768 lift_hashes=1 rate=  7194.0/s elapsed=00:09:19 eta=05:27:34
... samples=4030000/145422675 ( 2.771%) cycle_sigs=32768 lift_hashes=1 rate=  7189.3/s elapsed=00:09:20 eta=05:27:47
... samples=4035000/145422675 ( 2.775%) cycle_sigs=32768 lift_hashes=1 rate=  7184.2/s elapsed=00:09:21 eta=05:28:00
... samples=4040000/145422675 ( 2.778%) cycle_sigs=32768 lift_hashes=1 rate=  7179.3/s elapsed=00:09:22 eta=05:28:12
... samples=4045000/145422675 ( 2.782%) cycle_sigs=32768 lift_hashes=1 rate=  7174.2/s elapsed=00:09:23 eta=05:28:26
... samples=4050000/145422675 ( 2.785%) cycle_sigs=32768 lift_hashes=1 rate=  7169.8/s elapsed=00:09:24 eta=05:28:37
... samples=4055000/145422675 ( 2.788%) cycle_sigs=32768 lift_hashes=1 rate=  7165.6/s elapsed=00:09:25 eta=05:28:48
... samples=4060000/145422675 ( 2.792%) cycle_sigs=32768 lift_hashes=1 rate=  7160.6/s elapsed=00:09:26 eta=05:29:01
... samples=4065000/145422675 ( 2.795%) cycle_sigs=32768 lift_hashes=1 rate=  7155.7/s elapsed=00:09:28 eta=05:29:14
... samples=4070000/145422675 ( 2.799%) cycle_sigs=32768 lift_hashes=1 rate=  7151.5/s elapsed=00:09:29 eta=05:29:25
... samples=4075000/145422675 ( 2.802%) cycle_sigs=32768 lift_hashes=1 rate=  7147.3/s elapsed=00:09:30 eta=05:29:36
... samples=4080000/145422675 ( 2.806%) cycle_sigs=32768 lift_hashes=1 rate=  7143.0/s elapsed=00:09:31 eta=05:29:47
... samples=4085000/145422675 ( 2.809%) cycle_sigs=32768 lift_hashes=1 rate=  7138.5/s elapsed=00:09:32 eta=05:29:59
... samples=4090000/145422675 ( 2.812%) cycle_sigs=32768 lift_hashes=1 rate=  7132.6/s elapsed=00:09:33 eta=05:30:15
... samples=4095000/145422675 ( 2.816%) cycle_sigs=32768 lift_hashes=1 rate=  7128.4/s elapsed=00:09:34 eta=05:30:26
... samples=4100000/145422675 ( 2.819%) cycle_sigs=32768 lift_hashes=1 rate=  7123.9/s elapsed=00:09:35 eta=05:30:37
... samples=4105000/145422675 ( 2.823%) cycle_sigs=32768 lift_hashes=1 rate=  7119.7/s elapsed=00:09:36 eta=05:30:48
... samples=4110000/145422675 ( 2.826%) cycle_sigs=32768 lift_hashes=1 rate=  7115.8/s elapsed=00:09:37 eta=05:30:59
... samples=4115000/145422675 ( 2.830%) cycle_sigs=32768 lift_hashes=1 rate=  7110.5/s elapsed=00:09:38 eta=05:31:13
... samples=4120000/145422675 ( 2.833%) cycle_sigs=32768 lift_hashes=1 rate=  7106.5/s elapsed=00:09:39 eta=05:31:23
... samples=4125000/145422675 ( 2.837%) cycle_sigs=32768 lift_hashes=1 rate=  7102.2/s elapsed=00:09:40 eta=05:31:34
... samples=4130000/145422675 ( 2.840%) cycle_sigs=32768 lift_hashes=1 rate=  7098.0/s elapsed=00:09:41 eta=05:31:45
... samples=4135000/145422675 ( 2.843%) cycle_sigs=32768 lift_hashes=1 rate=  7093.4/s elapsed=00:09:42 eta=05:31:58
... samples=4140000/145422675 ( 2.847%) cycle_sigs=32768 lift_hashes=1 rate=  7090.0/s elapsed=00:09:43 eta=05:32:07
... samples=4145000/145422675 ( 2.850%) cycle_sigs=32768 lift_hashes=1 rate=  7086.2/s elapsed=00:09:44 eta=05:32:17
... samples=4150000/145422675 ( 2.854%) cycle_sigs=32768 lift_hashes=1 rate=  7082.1/s elapsed=00:09:45 eta=05:32:27
... samples=4155000/145422675 ( 2.857%) cycle_sigs=32768 lift_hashes=1 rate=  7078.0/s elapsed=00:09:47 eta=05:32:38
... samples=4160000/145422675 ( 2.861%) cycle_sigs=32768 lift_hashes=1 rate=  7074.4/s elapsed=00:09:48 eta=05:32:48
... samples=4165000/145422675 ( 2.864%) cycle_sigs=32768 lift_hashes=1 rate=  7071.4/s elapsed=00:09:48 eta=05:32:55
... samples=4170000/145422675 ( 2.868%) cycle_sigs=32768 lift_hashes=1 rate=  7068.6/s elapsed=00:09:49 eta=05:33:03
... samples=4175000/145422675 ( 2.871%) cycle_sigs=32768 lift_hashes=1 rate=  7065.7/s elapsed=00:09:50 eta=05:33:10
... samples=4180000/145422675 ( 2.874%) cycle_sigs=32768 lift_hashes=1 rate=  7061.4/s elapsed=00:09:51 eta=05:33:22
... samples=4185000/145422675 ( 2.878%) cycle_sigs=32768 lift_hashes=1 rate=  7058.6/s elapsed=00:09:52 eta=05:33:29
... samples=4190000/145422675 ( 2.881%) cycle_sigs=32768 lift_hashes=1 rate=  7055.7/s elapsed=00:09:53 eta=05:33:36
... samples=4195000/145422675 ( 2.885%) cycle_sigs=32768 lift_hashes=1 rate=  7052.9/s elapsed=00:09:54 eta=05:33:44
... samples=4200000/145422675 ( 2.888%) cycle_sigs=32768 lift_hashes=1 rate=  7049.9/s elapsed=00:09:55 eta=05:33:51
... samples=4205000/145422675 ( 2.892%) cycle_sigs=32768 lift_hashes=1 rate=  7047.2/s elapsed=00:09:56 eta=05:33:58
... samples=4210000/145422675 ( 2.895%) cycle_sigs=32768 lift_hashes=1 rate=  7044.5/s elapsed=00:09:57 eta=05:34:05
... samples=4215000/145422675 ( 2.898%) cycle_sigs=32768 lift_hashes=1 rate=  7041.7/s elapsed=00:09:58 eta=05:34:13
... samples=4220000/145422675 ( 2.902%) cycle_sigs=32768 lift_hashes=1 rate=  7038.8/s elapsed=00:09:59 eta=05:34:20
... samples=4225000/145422675 ( 2.905%) cycle_sigs=32768 lift_hashes=1 rate=  7036.1/s elapsed=00:10:00 eta=05:34:27
... samples=4230000/145422675 ( 2.909%) cycle_sigs=32768 lift_hashes=1 rate=  7032.2/s elapsed=00:10:01 eta=05:34:37
... samples=4235000/145422675 ( 2.912%) cycle_sigs=32768 lift_hashes=1 rate=  7029.2/s elapsed=00:10:02 eta=05:34:45
... samples=4240000/145422675 ( 2.916%) cycle_sigs=32768 lift_hashes=1 rate=  7025.9/s elapsed=00:10:03 eta=05:34:54
... samples=4245000/145422675 ( 2.919%) cycle_sigs=32768 lift_hashes=1 rate=  7023.2/s elapsed=00:10:04 eta=05:35:01
... samples=4250000/145422675 ( 2.923%) cycle_sigs=32768 lift_hashes=1 rate=  7020.4/s elapsed=00:10:05 eta=05:35:08