================================================================================
PHASE 1 PARALLEL — FULL ENUMERATION OF 14/16 SIGNINGS BY LIFT HASH
================================================================================
vertices:        15
edges:           30
negatives target:14
total signings:  145422675
cycle basis size:16
workers:         8
chunk size:      250000

... samples=250000/145422675 ( 0.172%) chunks=1 cycle_sigs=16262 lift_hashes=1 rate=  5120.4/s elapsed=00:00:48 eta=07:52:31
... samples=500000/145422675 ( 0.344%) chunks=2 cycle_sigs=16384 lift_hashes=1 rate= 10195.6/s elapsed=00:00:49 eta=03:56:54
... samples=750000/145422675 ( 0.516%) chunks=3 cycle_sigs=16384 lift_hashes=1 rate= 15246.9/s elapsed=00:00:49 eta=02:38:08
... samples=1000000/145422675 ( 0.688%) chunks=4 cycle_sigs=16384 lift_hashes=1 rate= 20302.7/s elapsed=00:00:49 eta=01:58:33
... samples=1250000/145422675 ( 0.860%) chunks=5 cycle_sigs=16384 lift_hashes=1 rate= 25322.5/s elapsed=00:00:49 eta=01:34:53
... samples=1500000/145422675 ( 1.031%) chunks=6 cycle_sigs=16384 lift_hashes=1 rate= 30067.1/s elapsed=00:00:49 eta=01:19:46
... samples=1750000/145422675 ( 1.203%) chunks=7 cycle_sigs=16384 lift_hashes=1 rate= 34997.8/s elapsed=00:00:50 eta=01:08:25
... samples=2000000/145422675 ( 1.375%) chunks=8 cycle_sigs=16384 lift_hashes=1 rate= 39725.6/s elapsed=00:00:50 eta=01:00:10
... samples=2250000/145422675 ( 1.547%) chunks=9 cycle_sigs=32599 lift_hashes=1 rate= 22952.4/s elapsed=00:01:38 eta=01:43:57
... samples=2500000/145422675 ( 1.719%) chunks=10 cycle_sigs=32768 lift_hashes=1 rate= 25416.7/s elapsed=00:01:38 eta=01:33:43
... samples=2750000/145422675 ( 1.891%) chunks=11 cycle_sigs=32768 lift_hashes=1 rate= 27942.1/s elapsed=00:01:38 eta=01:25:06
... samples=3000000/145422675 ( 2.063%) chunks=12 cycle_sigs=32768 lift_hashes=1 rate= 30357.0/s elapsed=00:01:38 eta=01:18:11
... samples=3250000/145422675 ( 2.235%) chunks=13 cycle_sigs=32768 lift_hashes=1 rate= 32850.5/s elapsed=00:01:38 eta=01:12:07
... samples=3500000/145422675 ( 2.407%) chunks=14 cycle_sigs=32768 lift_hashes=1 rate= 35131.1/s elapsed=00:01:39 eta=01:07:19
... samples=3750000/145422675 ( 2.579%) chunks=15 cycle_sigs=32768 lift_hashes=1 rate= 37617.7/s elapsed=00:01:39 eta=01:02:46
... samples=4000000/145422675 ( 2.751%) chunks=16 cycle_sigs=32768 lift_hashes=1 rate= 39784.1/s elapsed=00:01:40 eta=00:59:14
... samples=4250000/145422675 ( 2.923%) chunks=17 cycle_sigs=32768 lift_hashes=1 rate= 28412.3/s elapsed=00:02:29 eta=01:22:48
... samples=4500000/145422675 ( 3.094%) chunks=18 cycle_sigs=32768 lift_hashes=1 rate= 30069.9/s elapsed=00:02:29 eta=01:18:06
... samples=4750000/145422675 ( 3.266%) chunks=19 cycle_sigs=32768 lift_hashes=1 rate= 31717.7/s elapsed=00:02:29 eta=01:13:55
... samples=5000000/145422675 ( 3.438%) chunks=20 cycle_sigs=32768 lift_hashes=1 rate= 33348.9/s elapsed=00:02:29 eta=01:10:10
... samples=5250000/145422675 ( 3.610%) chunks=21 cycle_sigs=32768 lift_hashes=1 rate= 34884.1/s elapsed=00:02:30 eta=01:06:58
... samples=5500000/145422675 ( 3.782%) chunks=22 cycle_sigs=32768 lift_hashes=1 rate= 36262.7/s elapsed=00:02:31 eta=01:04:18
... samples=5750000/145422675 ( 3.954%) chunks=23 cycle_sigs=32768 lift_hashes=1 rate= 37894.3/s elapsed=00:02:31 eta=01:01:25
... samples=6000000/145422675 ( 4.126%) chunks=24 cycle_sigs=32768 lift_hashes=1 rate= 39372.4/s elapsed=00:02:32 eta=00:59:01
... samples=6250000/145422675 ( 4.298%) chunks=25 cycle_sigs=32768 lift_hashes=1 rate= 31849.3/s elapsed=00:03:16 eta=01:12:49
... samples=6500000/145422675 ( 4.470%) chunks=26 cycle_sigs=32768 lift_hashes=1 rate= 33090.5/s elapsed=00:03:16 eta=01:09:58
... samples=6750000/145422675 ( 4.642%) chunks=27 cycle_sigs=32768 lift_hashes=1 rate= 34307.1/s elapsed=00:03:16 eta=01:07:22
... samples=7000000/145422675 ( 4.814%) chunks=28 cycle_sigs=32768 lift_hashes=1 rate= 35542.1/s elapsed=00:03:16 eta=01:04:54
... samples=7250000/145422675 ( 4.985%) chunks=29 cycle_sigs=32768 lift_hashes=1 rate= 36723.2/s elapsed=00:03:17 eta=01:02:42
... samples=7500000/145422675 ( 5.157%) chunks=30 cycle_sigs=32768 lift_hashes=1 rate= 37675.5/s elapsed=00:03:19 eta=01:01:00
... samples=7750000/145422675 ( 5.329%) chunks=31 cycle_sigs=32768 lift_hashes=1 rate= 38872.0/s elapsed=00:03:19 eta=00:59:01
... samples=8000000/145422675 ( 5.501%) chunks=32 cycle_sigs=32768 lift_hashes=1 rate= 39998.5/s elapsed=00:03:20 eta=00:57:15
... samples=8250000/145422675 ( 5.673%) chunks=33 cycle_sigs=32768 lift_hashes=1 rate= 33841.6/s elapsed=00:04:03 eta=01:07:33
... samples=8500000/145422675 ( 5.845%) chunks=34 cycle_sigs=32768 lift_hashes=1 rate= 34837.0/s elapsed=00:04:03 eta=01:05:30
... samples=8750000/145422675 ( 6.017%) chunks=35 cycle_sigs=32768 lift_hashes=1 rate= 35757.7/s elapsed=00:04:04 eta=01:03:42
... samples=9000000/145422675 ( 6.189%) chunks=36 cycle_sigs=32768 lift_hashes=1 rate= 36758.7/s elapsed=00:04:04 eta=01:01:51
... samples=9250000/145422675 ( 6.361%) chunks=37 cycle_sigs=32768 lift_hashes=1 rate= 37692.6/s elapsed=00:04:05 eta=01:00:12
... samples=9500000/145422675 ( 6.533%) chunks=38 cycle_sigs=32768 lift_hashes=1 rate= 38452.9/s elapsed=00:04:07 eta=00:58:54
... samples=9750000/145422675 ( 6.705%) chunks=39 cycle_sigs=32768 lift_hashes=1 rate= 39440.0/s elapsed=00:04:07 eta=00:57:19
... samples=10000000/145422675 ( 6.877%) chunks=40 cycle_sigs=32768 lift_hashes=1 rate= 40297.7/s elapsed=00:04:08 eta=00:56:00
... samples=10250000/145422675 ( 7.048%) chunks=41 cycle_sigs=32768 lift_hashes=1 rate= 35557.4/s elapsed=00:04:48 eta=01:03:21
... samples=10500000/145422675 ( 7.220%) chunks=42 cycle_sigs=32768 lift_hashes=1 rate= 36363.3/s elapsed=00:04:48 eta=01:01:50
... samples=10750000/145422675 ( 7.392%) chunks=43 cycle_sigs=32768 lift_hashes=1 rate= 37133.7/s elapsed=00:04:49 eta=01:00:26
... samples=11000000/145422675 ( 7.564%) chunks=44 cycle_sigs=32768 lift_hashes=1 rate= 37989.9/s elapsed=00:04:49 eta=00:58:58
... samples=11250000/145422675 ( 7.736%) chunks=45 cycle_sigs=32768 lift_hashes=1 rate= 38765.3/s elapsed=00:04:50 eta=00:57:41
... samples=11500000/145422675 ( 7.908%) chunks=46 cycle_sigs=32768 lift_hashes=1 rate= 39390.9/s elapsed=00:04:51 eta=00:56:39
... samples=11750000/145422675 ( 8.080%) chunks=47 cycle_sigs=32768 lift_hashes=1 rate= 40208.4/s elapsed=00:04:52 eta=00:55:24
... samples=12000000/145422675 ( 8.252%) chunks=48 cycle_sigs=32768 lift_hashes=1 rate= 40946.9/s elapsed=00:04:53 eta=00:54:18
... samples=12250000/145422675 ( 8.424%) chunks=49 cycle_sigs=32768 lift_hashes=1 rate= 36742.3/s elapsed=00:05:33 eta=01:00:24
... samples=12500000/145422675 ( 8.596%) chunks=50 cycle_sigs=32768 lift_hashes=1 rate= 37419.1/s elapsed=00:05:34 eta=00:59:12
... samples=12750000/145422675 ( 8.768%) chunks=51 cycle_sigs=32768 lift_hashes=1 rate= 38080.1/s elapsed=00:05:34 eta=00:58:04
... samples=13000000/145422675 ( 8.939%) chunks=52 cycle_sigs=32768 lift_hashes=1 rate= 38814.5/s elapsed=00:05:34 eta=00:56:51
... samples=13250000/145422675 ( 9.111%) chunks=53 cycle_sigs=32768 lift_hashes=1 rate= 39489.6/s elapsed=00:05:35 eta=00:55:47
... samples=13500000/145422675 ( 9.283%) chunks=54 cycle_sigs=32768 lift_hashes=1 rate= 39991.4/s elapsed=00:05:37 eta=00:54:58
... samples=13750000/145422675 ( 9.455%) chunks=55 cycle_sigs=32768 lift_hashes=1 rate= 40687.8/s elapsed=00:05:37 eta=00:53:56
... samples=14000000/145422675 ( 9.627%) chunks=56 cycle_sigs=32768 lift_hashes=1 rate= 41321.7/s elapsed=00:05:38 eta=00:53:00
... samples=14250000/145422675 ( 9.799%) chunks=57 cycle_sigs=32768 lift_hashes=1 rate= 37635.0/s elapsed=00:06:18 eta=00:58:05
... samples=14500000/145422675 ( 9.971%) chunks=58 cycle_sigs=32768 lift_hashes=1 rate= 38172.7/s elapsed=00:06:19 eta=00:57:09
... samples=14750000/145422675 (10.143%) chunks=59 cycle_sigs=32768 lift_hashes=1 rate= 38744.7/s elapsed=00:06:20 eta=00:56:12
... samples=15000000/145422675 (10.315%) chunks=60 cycle_sigs=32768 lift_hashes=1 rate= 39390.0/s elapsed=00:06:20 eta=00:55:11
... samples=15250000/145422675 (10.487%) chunks=61 cycle_sigs=32768 lift_hashes=1 rate= 39961.9/s elapsed=00:06:21 eta=00:54:17
... samples=15500000/145422675 (10.659%) chunks=62 cycle_sigs=32768 lift_hashes=1 rate= 40359.9/s elapsed=00:06:24 eta=00:53:39
... samples=15750000/145422675 (10.830%) chunks=63 cycle_sigs=32768 lift_hashes=1 rate= 40917.3/s elapsed=00:06:24 eta=00:52:49
... samples=16000000/145422675 (11.002%) chunks=64 cycle_sigs=32768 lift_hashes=1 rate= 41487.1/s elapsed=00:06:25 eta=00:51:59
... samples=16250000/145422675 (11.174%) chunks=65 cycle_sigs=32768 lift_hashes=1 rate= 38130.0/s elapsed=00:07:06 eta=00:56:27
... samples=16500000/145422675 (11.346%) chunks=66 cycle_sigs=32768 lift_hashes=1 rate= 38609.3/s elapsed=00:07:07 eta=00:55:39
... samples=16750000/145422675 (11.518%) chunks=67 cycle_sigs=32768 lift_hashes=1 rate= 39126.7/s elapsed=00:07:08 eta=00:54:48
... samples=17000000/145422675 (11.690%) chunks=68 cycle_sigs=32768 lift_hashes=1 rate= 39701.0/s elapsed=00:07:08 eta=00:53:54
... samples=17250000/145422675 (11.862%) chunks=69 cycle_sigs=32768 lift_hashes=1 rate= 40220.5/s elapsed=00:07:08 eta=00:53:06
... samples=17500000/145422675 (12.034%) chunks=70 cycle_sigs=32768 lift_hashes=1 rate= 40549.5/s elapsed=00:07:11 eta=00:52:34
... samples=17750000/145422675 (12.206%) chunks=71 cycle_sigs=32768 lift_hashes=1 rate= 41051.8/s elapsed=00:07:12 eta=00:51:50
... samples=18000000/145422675 (12.378%) chunks=72 cycle_sigs=32768 lift_hashes=1 rate= 41565.9/s elapsed=00:07:13 eta=00:51:05
... samples=18250000/145422675 (12.550%) chunks=73 cycle_sigs=32768 lift_hashes=1 rate= 38792.2/s elapsed=00:07:50 eta=00:54:38
... samples=18500000/145422675 (12.722%) chunks=74 cycle_sigs=32768 lift_hashes=1 rate= 39194.2/s elapsed=00:07:52 eta=00:53:58
... samples=18750000/145422675 (12.893%) chunks=75 cycle_sigs=32768 lift_hashes=1 rate= 39654.2/s elapsed=00:07:52 eta=00:53:14
... samples=19000000/145422675 (13.065%) chunks=76 cycle_sigs=32768 lift_hashes=1 rate= 40173.1/s elapsed=00:07:52 eta=00:52:26
... samples=19250000/145422675 (13.237%) chunks=77 cycle_sigs=32768 lift_hashes=1 rate= 40621.7/s elapsed=00:07:53 eta=00:51:46
... samples=19500000/145422675 (13.409%) chunks=78 cycle_sigs=32768 lift_hashes=1 rate= 40856.9/s elapsed=00:07:57 eta=00:51:22
... samples=19750000/145422675 (13.581%) chunks=79 cycle_sigs=32768 lift_hashes=1 rate= 41295.6/s elapsed=00:07:58 eta=00:50:43
... samples=20000000/145422675 (13.753%) chunks=80 cycle_sigs=32768 lift_hashes=1 rate= 41757.3/s elapsed=00:07:58 eta=00:50:03
... samples=20250000/145422675 (13.925%) chunks=81 cycle_sigs=32768 lift_hashes=1 rate= 38966.8/s elapsed=00:08:39 eta=00:53:32
... samples=20500000/145422675 (14.097%) chunks=82 cycle_sigs=32768 lift_hashes=1 rate= 39320.6/s elapsed=00:08:41 eta=00:52:57
... samples=20750000/145422675 (14.269%) chunks=83 cycle_sigs=32768 lift_hashes=1 rate= 39745.7/s elapsed=00:08:42 eta=00:52:16
... samples=21000000/145422675 (14.441%) chunks=84 cycle_sigs=32768 lift_hashes=1 rate= 40208.7/s elapsed=00:08:42 eta=00:51:34
... samples=21250000/145422675 (14.613%) chunks=85 cycle_sigs=32768 lift_hashes=1 rate= 40636.0/s elapsed=00:08:42 eta=00:50:55
... samples=21500000/145422675 (14.784%) chunks=86 cycle_sigs=32768 lift_hashes=1 rate= 40845.2/s elapsed=00:08:46 eta=00:50:33
... samples=21750000/145422675 (14.956%) chunks=87 cycle_sigs=32768 lift_hashes=1 rate= 41251.8/s elapsed=00:08:47 eta=00:49:57
... samples=22000000/145422675 (15.128%) chunks=88 cycle_sigs=32768 lift_hashes=1 rate= 41675.0/s elapsed=00:08:47 eta=00:49:21
... samples=22250000/145422675 (15.300%) chunks=89 cycle_sigs=32768 lift_hashes=1 rate= 39444.3/s elapsed=00:09:24 eta=00:52:02
... samples=22500000/145422675 (15.472%) chunks=90 cycle_sigs=32768 lift_hashes=1 rate= 39768.4/s elapsed=00:09:25 eta=00:51:30
... samples=22750000/145422675 (15.644%) chunks=91 cycle_sigs=32768 lift_hashes=1 rate= 40155.3/s elapsed=00:09:26 eta=00:50:54
... samples=23000000/145422675 (15.816%) chunks=92 cycle_sigs=32768 lift_hashes=1 rate= 40582.3/s elapsed=00:09:26 eta=00:50:16
... samples=23250000/145422675 (15.988%) chunks=93 cycle_sigs=32768 lift_hashes=1 rate= 40965.9/s elapsed=00:09:27 eta=00:49:42
... samples=23500000/145422675 (16.160%) chunks=94 cycle_sigs=32768 lift_hashes=1 rate= 41139.0/s elapsed=00:09:31 eta=00:49:23
... samples=23750000/145422675 (16.332%) chunks=95 cycle_sigs=32768 lift_hashes=1 rate= 41505.8/s elapsed=00:09:32 eta=00:48:51
... samples=24000000/145422675 (16.504%) chunks=96 cycle_sigs=32768 lift_hashes=1 rate= 41897.2/s elapsed=00:09:32 eta=00:48:18
... samples=24250000/145422675 (16.676%) chunks=97 cycle_sigs=32768 lift_hashes=1 rate= 39624.4/s elapsed=00:10:11 eta=00:50:58
... samples=24500000/145422675 (16.847%) chunks=98 cycle_sigs=32768 lift_hashes=1 rate= 39907.5/s elapsed=00:10:13 eta=00:50:30
... samples=24750000/145422675 (17.019%) chunks=99 cycle_sigs=32768 lift_hashes=1 rate= 40265.5/s elapsed=00:10:14 eta=00:49:56
... samples=25000000/145422675 (17.191%) chunks=100 cycle_sigs=32768 lift_hashes=1 rate= 40665.3/s elapsed=00:10:14 eta=00:49:21
... samples=25250000/145422675 (17.363%) chunks=101 cycle_sigs=32768 lift_hashes=1 rate= 40992.5/s elapsed=00:10:15 eta=00:48:51
... samples=25500000/145422675 (17.535%) chunks=102 cycle_sigs=32768 lift_hashes=1 rate= 41147.2/s elapsed=00:10:19 eta=00:48:34
... samples=25750000/145422675 (17.707%) chunks=103 cycle_sigs=32768 lift_hashes=1 rate= 41492.2/s elapsed=00:10:20 eta=00:48:04
... samples=26000000/145422675 (17.879%) chunks=104 cycle_sigs=32768 lift_hashes=1 rate= 41849.9/s elapsed=00:10:21 eta=00:47:33
... samples=26250000/145422675 (18.051%) chunks=105 cycle_sigs=32768 lift_hashes=1 rate= 39834.3/s elapsed=00:10:58 eta=00:49:51
... samples=26500000/145422675 (18.223%) chunks=106 cycle_sigs=32768 lift_hashes=1 rate= 40059.8/s elapsed=00:11:01 eta=00:49:28
... samples=26750000/145422675 (18.395%) chunks=107 cycle_sigs=32768 lift_hashes=1 rate= 40373.1/s elapsed=00:11:02 eta=00:48:59
... samples=27000000/145422675 (18.567%) chunks=108 cycle_sigs=32768 lift_hashes=1 rate= 40747.0/s elapsed=00:11:02 eta=00:48:26
... samples=27250000/145422675 (18.738%) chunks=109 cycle_sigs=32768 lift_hashes=1 rate= 41035.1/s elapsed=00:11:04 eta=00:47:59
... samples=27500000/145422675 (18.910%) chunks=110 cycle_sigs=32768 lift_hashes=1 rate= 41160.9/s elapsed=00:11:08 eta=00:47:44
... samples=27750000/145422675 (19.082%) chunks=111 cycle_sigs=32768 lift_hashes=1 rate= 41459.0/s elapsed=00:11:09 eta=00:47:18
... samples=28000000/145422675 (19.254%) chunks=112 cycle_sigs=32768 lift_hashes=1 rate= 41787.8/s elapsed=00:11:10 eta=00:46:49
... samples=28250000/145422675 (19.426%) chunks=113 cycle_sigs=32768 lift_hashes=1 rate= 40106.7/s elapsed=00:11:44 eta=00:48:41
... samples=28500000/145422675 (19.598%) chunks=114 cycle_sigs=32768 lift_hashes=1 rate= 40318.2/s elapsed=00:11:46 eta=00:48:19
... samples=28750000/145422675 (19.770%) chunks=115 cycle_sigs=32768 lift_hashes=1 rate= 40618.9/s elapsed=00:11:47 eta=00:47:52
... samples=29000000/145422675 (19.942%) chunks=116 cycle_sigs=32768 lift_hashes=1 rate= 40961.3/s elapsed=00:11:47 eta=00:47:22
... samples=29250000/145422675 (20.114%) chunks=117 cycle_sigs=32768 lift_hashes=1 rate= 41234.0/s elapsed=00:11:49 eta=00:46:57
... samples=29500000/145422675 (20.286%) chunks=118 cycle_sigs=32768 lift_hashes=1 rate= 41356.5/s elapsed=00:11:53 eta=00:46:43
... samples=29750000/145422675 (20.458%) chunks=119 cycle_sigs=32768 lift_hashes=1 rate= 41616.6/s elapsed=00:11:54 eta=00:46:19
... samples=30000000/145422675 (20.630%) chunks=120 cycle_sigs=32768 lift_hashes=1 rate= 41918.0/s elapsed=00:11:55 eta=00:45:53
... samples=30250000/145422675 (20.801%) chunks=121 cycle_sigs=32768 lift_hashes=1 rate= 40226.2/s elapsed=00:12:31 eta=00:47:43
... samples=30500000/145422675 (20.973%) chunks=122 cycle_sigs=32768 lift_hashes=1 rate= 40434.8/s elapsed=00:12:34 eta=00:47:22
... samples=30750000/145422675 (21.145%) chunks=123 cycle_sigs=32768 lift_hashes=1 rate= 40702.6/s elapsed=00:12:35 eta=00:46:57
... samples=31000000/145422675 (21.317%) chunks=124 cycle_sigs=32768 lift_hashes=1 rate= 41022.7/s elapsed=00:12:35 eta=00:46:29
... samples=31250000/145422675 (21.489%) chunks=125 cycle_sigs=32768 lift_hashes=1 rate= 41273.4/s elapsed=00:12:37 eta=00:46:06
... samples=31500000/145422675 (21.661%) chunks=126 cycle_sigs=32768 lift_hashes=1 rate= 41379.2/s elapsed=00:12:41 eta=00:45:53
... samples=31750000/145422675 (21.833%) chunks=127 cycle_sigs=32768 lift_hashes=1 rate= 41620.0/s elapsed=00:12:42 eta=00:45:31
... samples=32000000/145422675 (22.005%) chunks=128 cycle_sigs=32768 lift_hashes=1 rate= 41909.8/s elapsed=00:12:43 eta=00:45:06
... samples=32250000/145422675 (22.177%) chunks=129 cycle_sigs=32768 lift_hashes=1 rate= 40313.8/s elapsed=00:13:19 eta=00:46:47
... samples=32500000/145422675 (22.349%) chunks=130 cycle_sigs=32768 lift_hashes=1 rate= 40497.8/s elapsed=00:13:22 eta=00:46:28
... samples=32750000/145422675 (22.521%) chunks=131 cycle_sigs=32768 lift_hashes=1 rate= 40761.4/s elapsed=00:13:23 eta=00:46:04
... samples=33000000/145422675 (22.692%) chunks=132 cycle_sigs=32768 lift_hashes=1 rate= 41055.5/s elapsed=00:13:23 eta=00:45:38
... samples=33250000/145422675 (22.864%) chunks=133 cycle_sigs=32768 lift_hashes=1 rate= 41284.3/s elapsed=00:13:25 eta=00:45:17
... samples=33500000/145422675 (23.036%) chunks=134 cycle_sigs=32768 lift_hashes=1 rate= 41344.0/s elapsed=00:13:30 eta=00:45:07
... samples=33750000/145422675 (23.208%) chunks=135 cycle_sigs=32768 lift_hashes=1 rate= 41548.9/s elapsed=00:13:32 eta=00:44:47
... samples=34000000/145422675 (23.380%) chunks=136 cycle_sigs=32768 lift_hashes=1 rate= 41819.2/s elapsed=00:13:33 eta=00:44:24
... samples=34250000/145422675 (23.552%) chunks=137 cycle_sigs=32768 lift_hashes=1 rate= 40364.1/s elapsed=00:14:08 eta=00:45:54
... samples=34500000/145422675 (23.724%) chunks=138 cycle_sigs=32768 lift_hashes=1 rate= 40549.9/s elapsed=00:14:10 eta=00:45:35
... samples=34750000/145422675 (23.896%) chunks=139 cycle_sigs=32768 lift_hashes=1 rate= 40787.7/s elapsed=00:14:11 eta=00:45:13
... samples=35000000/145422675 (24.068%) chunks=140 cycle_sigs=32768 lift_hashes=1 rate= 41056.0/s elapsed=00:14:12 eta=00:44:49
... samples=35250000/145422675 (24.240%) chunks=141 cycle_sigs=32768 lift_hashes=1 rate= 41271.8/s elapsed=00:14:14 eta=00:44:29
... samples=35500000/145422675 (24.412%) chunks=142 cycle_sigs=32768 lift_hashes=1 rate= 41339.5/s elapsed=00:14:18 eta=00:44:19
... samples=35750000/145422675 (24.584%) chunks=143 cycle_sigs=32768 lift_hashes=1 rate= 41509.1/s elapsed=00:14:21 eta=00:44:02
... samples=36000000/145422675 (24.755%) chunks=144 cycle_sigs=32768 lift_hashes=1 rate= 41762.4/s elapsed=00:14:22 eta=00:43:40
... samples=36250000/145422675 (24.927%) chunks=145 cycle_sigs=32768 lift_hashes=1 rate= 40445.5/s elapsed=00:14:56 eta=00:44:59
... samples=36500000/145422675 (25.099%) chunks=146 cycle_sigs=32768 lift_hashes=1 rate= 40600.8/s elapsed=00:14:58 eta=00:44:42
... samples=36750000/145422675 (25.271%) chunks=147 cycle_sigs=32768 lift_hashes=1 rate= 40836.7/s elapsed=00:14:59 eta=00:44:21
... samples=37000000/145422675 (25.443%) chunks=148 cycle_sigs=32768 lift_hashes=1 rate= 41091.1/s elapsed=00:15:00 eta=00:43:58
... samples=37250000/145422675 (25.615%) chunks=149 cycle_sigs=32768 lift_hashes=1 rate= 41282.8/s elapsed=00:15:02 eta=00:43:40
... samples=37500000/145422675 (25.787%) chunks=150 cycle_sigs=32768 lift_hashes=1 rate= 41339.4/s elapsed=00:15:07 eta=00:43:30
... samples=37750000/145422675 (25.959%) chunks=151 cycle_sigs=32768 lift_hashes=1 rate= 41487.2/s elapsed=00:15:09 eta=00:43:15
... samples=38000000/145422675 (26.131%) chunks=152 cycle_sigs=32768 lift_hashes=1 rate= 41730.4/s elapsed=00:15:10 eta=00:42:54
... samples=38250000/145422675 (26.303%) chunks=153 cycle_sigs=32768 lift_hashes=1 rate= 40508.6/s elapsed=00:15:44 eta=00:44:05
... samples=38500000/145422675 (26.475%) chunks=154 cycle_sigs=32768 lift_hashes=1 rate= 40619.2/s elapsed=00:15:47 eta=00:43:52
... samples=38750000/145422675 (26.646%) chunks=155 cycle_sigs=32768 lift_hashes=1 rate= 40827.8/s elapsed=00:15:49 eta=00:43:32
... samples=39000000/145422675 (26.818%) chunks=156 cycle_sigs=32768 lift_hashes=1 rate= 41071.7/s elapsed=00:15:49 eta=00:43:11
... samples=39250000/145422675 (26.990%) chunks=157 cycle_sigs=32768 lift_hashes=1 rate= 41240.8/s elapsed=00:15:51 eta=00:42:54
... samples=39500000/145422675 (27.162%) chunks=158 cycle_sigs=32768 lift_hashes=1 rate= 41292.1/s elapsed=00:15:56 eta=00:42:45
... samples=39750000/145422675 (27.334%) chunks=159 cycle_sigs=32768 lift_hashes=1 rate= 41433.4/s elapsed=00:15:59 eta=00:42:30
... samples=40000000/145422675 (27.506%) chunks=160 cycle_sigs=32768 lift_hashes=1 rate= 41652.6/s elapsed=00:16:00 eta=00:42:11
... samples=40250000/145422675 (27.678%) chunks=161 cycle_sigs=32768 lift_hashes=1 rate= 40506.3/s elapsed=00:16:33 eta=00:43:16
... samples=40500000/145422675 (27.850%) chunks=162 cycle_sigs=32768 lift_hashes=1 rate= 40618.3/s elapsed=00:16:37 eta=00:43:03
... samples=40750000/145422675 (28.022%) chunks=163 cycle_sigs=32768 lift_hashes=1 rate= 40816.7/s elapsed=00:16:38 eta=00:42:44
... samples=41000000/145422675 (28.194%) chunks=164 cycle_sigs=32768 lift_hashes=1 rate= 41057.1/s elapsed=00:16:38 eta=00:42:23
... samples=41250000/145422675 (28.366%) chunks=165 cycle_sigs=32768 lift_hashes=1 rate= 41223.4/s elapsed=00:16:40 eta=00:42:07
... samples=41500000/145422675 (28.538%) chunks=166 cycle_sigs=32768 lift_hashes=1 rate= 41277.8/s elapsed=00:16:45 eta=00:41:57
... samples=41750000/145422675 (28.709%) chunks=167 cycle_sigs=32768 lift_hashes=1 rate= 41416.7/s elapsed=00:16:48 eta=00:41:43
... samples=42000000/145422675 (28.881%) chunks=168 cycle_sigs=32768 lift_hashes=1 rate= 41631.0/s elapsed=00:16:48 eta=00:41:24
... samples=42250000/145422675 (29.053%) chunks=169 cycle_sigs=32768 lift_hashes=1 rate= 40663.3/s elapsed=00:17:19 eta=00:42:17
... samples=42500000/145422675 (29.225%) chunks=170 cycle_sigs=32768 lift_hashes=1 rate= 40769.9/s elapsed=00:17:22 eta=00:42:04
... samples=42750000/145422675 (29.397%) chunks=171 cycle_sigs=32768 lift_hashes=1 rate= 40964.4/s elapsed=00:17:23 eta=00:41:46
... samples=43000000/145422675 (29.569%) chunks=172 cycle_sigs=32768 lift_hashes=1 rate= 41191.0/s elapsed=00:17:23 eta=00:41:26
... samples=43250000/145422675 (29.741%) chunks=173 cycle_sigs=32768 lift_hashes=1 rate= 41350.4/s elapsed=00:17:25 eta=00:41:10
... samples=43500000/145422675 (29.913%) chunks=174 cycle_sigs=32768 lift_hashes=1 rate= 41379.5/s elapsed=00:17:31 eta=00:41:03
... samples=43750000/145422675 (30.085%) chunks=175 cycle_sigs=32768 lift_hashes=1 rate= 41503.6/s elapsed=00:17:34 eta=00:40:49
... samples=44000000/145422675 (30.257%) chunks=176 cycle_sigs=32768 lift_hashes=1 rate= 41704.4/s elapsed=00:17:35 eta=00:40:31
... samples=44250000/145422675 (30.429%) chunks=177 cycle_sigs=32768 lift_hashes=1 rate= 40771.8/s elapsed=00:18:05 eta=00:41:21
... samples=44500000/145422675 (30.600%) chunks=178 cycle_sigs=32768 lift_hashes=1 rate= 40857.5/s elapsed=00:18:09 eta=00:41:10
... samples=44750000/145422675 (30.772%) chunks=179 cycle_sigs=32768 lift_hashes=1 rate= 41028.0/s elapsed=00:18:10 eta=00:40:53
... samples=45000000/145422675 (30.944%) chunks=180 cycle_sigs=32768 lift_hashes=1 rate= 41244.8/s elapsed=00:18:11 eta=00:40:34
... samples=45250000/145422675 (31.116%) chunks=181 cycle_sigs=32768 lift_hashes=1 rate= 41391.2/s elapsed=00:18:13 eta=00:40:20
... samples=45500000/145422675 (31.288%) chunks=182 cycle_sigs=32768 lift_hashes=1 rate= 41388.0/s elapsed=00:18:19 eta=00:40:14
... samples=45750000/145422675 (31.460%) chunks=183 cycle_sigs=32768 lift_hashes=1 rate= 41483.5/s elapsed=00:18:22 eta=00:40:02
... samples=46000000/145422675 (31.632%) chunks=184 cycle_sigs=32768 lift_hashes=1 rate= 41676.6/s elapsed=00:18:23 eta=00:39:45
... samples=46250000/145422675 (31.804%) chunks=185 cycle_sigs=32768 lift_hashes=1 rate= 40838.1/s elapsed=00:18:52 eta=00:40:28
... samples=46500000/145422675 (31.976%) chunks=186 cycle_sigs=32768 lift_hashes=1 rate= 40942.7/s elapsed=00:18:55 eta=00:40:16
... samples=46750000/145422675 (32.148%) chunks=187 cycle_sigs=32768 lift_hashes=1 rate= 41103.7/s elapsed=00:18:57 eta=00:40:00
... samples=47000000/145422675 (32.320%) chunks=188 cycle_sigs=32768 lift_hashes=1 rate= 41321.6/s elapsed=00:18:57 eta=00:39:41
... samples=47250000/145422675 (32.491%) chunks=189 cycle_sigs=32768 lift_hashes=1 rate= 41459.9/s elapsed=00:18:59 eta=00:39:27
... samples=47500000/145422675 (32.663%) chunks=190 cycle_sigs=32768 lift_hashes=1 rate= 41474.0/s elapsed=00:19:05 eta=00:39:21
... samples=47750000/145422675 (32.835%) chunks=191 cycle_sigs=32768 lift_hashes=1 rate= 41581.1/s elapsed=00:19:08 eta=00:39:08
... samples=48000000/145422675 (33.007%) chunks=192 cycle_sigs=32768 lift_hashes=1 rate= 41760.5/s elapsed=00:19:09 eta=00:38:52
... samples=48250000/145422675 (33.179%) chunks=193 cycle_sigs=32768 lift_hashes=1 rate= 40993.9/s elapsed=00:19:37 eta=00:39:30
... samples=48500000/145422675 (33.351%) chunks=194 cycle_sigs=32768 lift_hashes=1 rate= 41092.7/s elapsed=00:19:40 eta=00:39:18
... samples=48750000/145422675 (33.523%) chunks=195 cycle_sigs=32768 lift_hashes=1 rate= 41247.5/s elapsed=00:19:41 eta=00:39:03
... samples=49000000/145422675 (33.695%) chunks=196 cycle_sigs=32768 lift_hashes=1 rate= 41455.1/s elapsed=00:19:42 eta=00:38:45
... samples=49250000/145422675 (33.867%) chunks=197 cycle_sigs=32768 lift_hashes=1 rate= 41590.8/s elapsed=00:19:44 eta=00:38:32
... samples=49500000/145422675 (34.039%) chunks=198 cycle_sigs=32768 lift_hashes=1 rate= 41586.8/s elapsed=00:19:50 eta=00:38:26
... samples=49750000/145422675 (34.211%) chunks=199 cycle_sigs=32768 lift_hashes=1 rate= 41686.5/s elapsed=00:19:53 eta=00:38:15
... samples=50000000/145422675 (34.383%) chunks=200 cycle_sigs=32768 lift_hashes=1 rate= 41851.4/s elapsed=00:19:54 eta=00:38:00
... samples=50250000/145422675 (34.554%) chunks=201 cycle_sigs=32768 lift_hashes=1 rate= 41141.0/s elapsed=00:20:21 eta=00:38:33
... samples=50500000/145422675 (34.726%) chunks=202 cycle_sigs=32768 lift_hashes=1 rate= 41230.4/s elapsed=00:20:24 eta=00:38:22
... samples=50750000/145422675 (34.898%) chunks=203 cycle_sigs=32768 lift_hashes=1 rate= 41378.4/s elapsed=00:20:26 eta=00:38:07
... samples=51000000/145422675 (35.070%) chunks=204 cycle_sigs=32768 lift_hashes=1 rate= 41577.1/s elapsed=00:20:26 eta=00:37:51
... samples=51250000/145422675 (35.242%) chunks=205 cycle_sigs=32768 lift_hashes=1 rate= 41706.8/s elapsed=00:20:28 eta=00:37:37
... samples=51500000/145422675 (35.414%) chunks=206 cycle_sigs=32768 lift_hashes=1 rate= 41697.4/s elapsed=00:20:35 eta=00:37:32
... samples=51750000/145422675 (35.586%) chunks=207 cycle_sigs=32768 lift_hashes=1 rate= 41785.3/s elapsed=00:20:38 eta=00:37:21
... samples=52000000/145422675 (35.758%) chunks=208 cycle_sigs=32768 lift_hashes=1 rate= 41934.2/s elapsed=00:20:40 eta=00:37:07
... samples=52250000/145422675 (35.930%) chunks=209 cycle_sigs=32768 lift_hashes=1 rate= 41275.3/s elapsed=00:21:05 eta=00:37:37
... samples=52500000/145422675 (36.102%) chunks=210 cycle_sigs=32768 lift_hashes=1 rate= 41362.1/s elapsed=00:21:09 eta=00:37:26
... samples=52750000/145422675 (36.274%) chunks=211 cycle_sigs=32768 lift_hashes=1 rate= 41501.6/s elapsed=00:21:11 eta=00:37:12
... samples=53000000/145422675 (36.445%) chunks=212 cycle_sigs=32768 lift_hashes=1 rate= 41690.7/s elapsed=00:21:11 eta=00:36:56
... samples=53250000/145422675 (36.617%) chunks=213 cycle_sigs=32768 lift_hashes=1 rate= 41825.1/s elapsed=00:21:13 eta=00:36:43
... samples=53500000/145422675 (36.789%) chunks=214 cycle_sigs=32768 lift_hashes=1 rate= 41807.3/s elapsed=00:21:19 eta=00:36:38
... samples=53750000/145422675 (36.961%) chunks=215 cycle_sigs=32768 lift_hashes=1 rate= 41885.2/s elapsed=00:21:23 eta=00:36:28
... samples=54000000/145422675 (37.133%) chunks=216 cycle_sigs=32768 lift_hashes=1 rate= 42028.3/s elapsed=00:21:24 eta=00:36:15
... samples=54250000/145422675 (37.305%) chunks=217 cycle_sigs=32768 lift_hashes=1 rate= 41413.6/s elapsed=00:21:49 eta=00:36:41
... samples=54500000/145422675 (37.477%) chunks=218 cycle_sigs=32768 lift_hashes=1 rate= 41492.6/s elapsed=00:21:53 eta=00:36:31
... samples=54750000/145422675 (37.649%) chunks=219 cycle_sigs=32768 lift_hashes=1 rate= 41625.8/s elapsed=00:21:55 eta=00:36:18
... samples=55000000/145422675 (37.821%) chunks=220 cycle_sigs=32768 lift_hashes=1 rate= 41808.6/s elapsed=00:21:55 eta=00:36:02
... samples=55250000/145422675 (37.993%) chunks=221 cycle_sigs=32768 lift_hashes=1 rate= 41936.1/s elapsed=00:21:57 eta=00:35:50
... samples=55500000/145422675 (38.165%) chunks=222 cycle_sigs=32768 lift_hashes=1 rate= 41910.0/s elapsed=00:22:04 eta=00:35:45
... samples=55750000/145422675 (38.337%) chunks=223 cycle_sigs=32768 lift_hashes=1 rate= 41980.9/s elapsed=00:22:07 eta=00:35:36
... samples=56000000/145422675 (38.508%) chunks=224 cycle_sigs=32768 lift_hashes=1 rate= 42117.3/s elapsed=00:22:09 eta=00:35:23
... samples=56250000/145422675 (38.680%) chunks=225 cycle_sigs=32768 lift_hashes=1 rate= 41539.5/s elapsed=00:22:34 eta=00:35:46
... samples=56500000/145422675 (38.852%) chunks=226 cycle_sigs=32768 lift_hashes=1 rate= 41612.3/s elapsed=00:22:37 eta=00:35:36
... samples=56750000/145422675 (39.024%) chunks=227 cycle_sigs=32768 lift_hashes=1 rate= 41739.3/s elapsed=00:22:39 eta=00:35:24
... samples=57000000/145422675 (39.196%) chunks=228 cycle_sigs=32768 lift_hashes=1 rate= 41917.7/s elapsed=00:22:39 eta=00:35:09
... samples=57250000/145422675 (39.368%) chunks=229 cycle_sigs=32768 lift_hashes=1 rate= 42038.8/s elapsed=00:22:41 eta=00:34:57
... samples=57500000/145422675 (39.540%) chunks=230 cycle_sigs=32768 lift_hashes=1 rate= 42006.7/s elapsed=00:22:48 eta=00:34:53
... samples=57750000/145422675 (39.712%) chunks=231 cycle_sigs=32768 lift_hashes=1 rate= 42071.5/s elapsed=00:22:52 eta=00:34:43
... samples=58000000/145422675 (39.884%) chunks=232 cycle_sigs=32768 lift_hashes=1 rate= 42199.3/s elapsed=00:22:54 eta=00:34:31
... samples=58250000/145422675 (40.056%) chunks=233 cycle_sigs=32768 lift_hashes=1 rate= 41665.6/s elapsed=00:23:18 eta=00:34:52
... samples=58500000/145422675 (40.228%) chunks=234 cycle_sigs=32768 lift_hashes=1 rate= 41730.8/s elapsed=00:23:21 eta=00:34:42
... samples=58750000/145422675 (40.399%) chunks=235 cycle_sigs=32768 lift_hashes=1 rate= 41847.4/s elapsed=00:23:23 eta=00:34:31
... samples=59000000/145422675 (40.571%) chunks=236 cycle_sigs=32768 lift_hashes=1 rate= 42019.0/s elapsed=00:23:24 eta=00:34:16
... samples=59250000/145422675 (40.743%) chunks=237 cycle_sigs=32768 lift_hashes=1 rate= 42136.5/s elapsed=00:23:26 eta=00:34:05
... samples=59500000/145422675 (40.915%) chunks=238 cycle_sigs=32768 lift_hashes=1 rate= 42101.0/s elapsed=00:23:33 eta=00:34:00
... samples=59750000/145422675 (41.087%) chunks=239 cycle_sigs=32768 lift_hashes=1 rate= 42157.9/s elapsed=00:23:37 eta=00:33:52
... samples=60000000/145422675 (41.259%) chunks=240 cycle_sigs=32768 lift_hashes=1 rate= 42281.1/s elapsed=00:23:39 eta=00:33:40
... samples=60250000/145422675 (41.431%) chunks=241 cycle_sigs=32768 lift_hashes=1 rate= 41779.1/s elapsed=00:24:02 eta=00:33:58
... samples=60500000/145422675 (41.603%) chunks=242 cycle_sigs=32768 lift_hashes=1 rate= 41836.8/s elapsed=00:24:06 eta=00:33:49
... samples=60750000/145422675 (41.775%) chunks=243 cycle_sigs=32768 lift_hashes=1 rate= 41949.8/s elapsed=00:24:08 eta=00:33:38
... samples=61000000/145422675 (41.947%) chunks=244 cycle_sigs=32768 lift_hashes=1 rate= 42117.6/s elapsed=00:24:08 eta=00:33:24
... samples=61250000/145422675 (42.119%) chunks=245 cycle_sigs=32768 lift_hashes=1 rate= 42228.3/s elapsed=00:24:10 eta=00:33:13
... samples=61500000/145422675 (42.291%) chunks=246 cycle_sigs=32768 lift_hashes=1 rate= 42186.3/s elapsed=00:24:17 eta=00:33:09
... samples=61750000/145422675 (42.462%) chunks=247 cycle_sigs=32768 lift_hashes=1 rate= 42238.8/s elapsed=00:24:21 eta=00:33:00
... samples=62000000/145422675 (42.634%) chunks=248 cycle_sigs=32768 lift_hashes=1 rate= 42355.3/s elapsed=00:24:23 eta=00:32:49
... samples=62250000/145422675 (42.806%) chunks=249 cycle_sigs=32768 lift_hashes=1 rate= 41887.5/s elapsed=00:24:46 eta=00:33:05
... samples=62500000/145422675 (42.978%) chunks=250 cycle_sigs=32768 lift_hashes=1 rate= 41936.8/s elapsed=00:24:50 eta=00:32:57
... samples=62750000/145422675 (43.150%) chunks=251 cycle_sigs=32768 lift_hashes=1 rate= 42044.5/s elapsed=00:24:52 eta=00:32:46
... samples=63000000/145422675 (43.322%) chunks=252 cycle_sigs=32768 lift_hashes=1 rate= 42206.5/s elapsed=00:24:52 eta=00:32:32
... samples=63250000/145422675 (43.494%) chunks=253 cycle_sigs=32768 lift_hashes=1 rate= 42314.8/s elapsed=00:24:54 eta=00:32:21
... samples=63500000/145422675 (43.666%) chunks=254 cycle_sigs=32768 lift_hashes=1 rate= 42265.6/s elapsed=00:25:02 eta=00:32:18
... samples=63750000/145422675 (43.838%) chunks=255 cycle_sigs=32768 lift_hashes=1 rate= 42313.5/s elapsed=00:25:06 eta=00:32:10
... samples=64000000/145422675 (44.010%) chunks=256 cycle_sigs=32768 lift_hashes=1 rate= 42428.1/s elapsed=00:25:08 eta=00:31:59
... samples=64250000/145422675 (44.182%) chunks=257 cycle_sigs=32768 lift_hashes=1 rate= 41989.6/s elapsed=00:25:30 eta=00:32:13
... samples=64500000/145422675 (44.353%) chunks=258 cycle_sigs=32768 lift_hashes=1 rate= 42028.4/s elapsed=00:25:34 eta=00:32:05
... samples=64750000/145422675 (44.525%) chunks=259 cycle_sigs=32768 lift_hashes=1 rate= 42130.6/s elapsed=00:25:36 eta=00:31:54
... samples=65000000/145422675 (44.697%) chunks=260 cycle_sigs=32768 lift_hashes=1 rate= 42290.4/s elapsed=00:25:36 eta=00:31:41
... samples=65250000/145422675 (44.869%) chunks=261 cycle_sigs=32768 lift_hashes=1 rate= 42393.2/s elapsed=00:25:39 eta=00:31:31
... samples=65500000/145422675 (45.041%) chunks=262 cycle_sigs=32768 lift_hashes=1 rate= 42339.2/s elapsed=00:25:47 eta=00:31:27
... samples=65750000/145422675 (45.213%) chunks=263 cycle_sigs=32768 lift_hashes=1 rate= 42377.3/s elapsed=00:25:51 eta=00:31:20
... samples=66000000/145422675 (45.385%) chunks=264 cycle_sigs=32768 lift_hashes=1 rate= 42491.3/s elapsed=00:25:53 eta=00:31:09
... samples=66250000/145422675 (45.557%) chunks=265 cycle_sigs=32768 lift_hashes=1 rate= 42079.8/s elapsed=00:26:14 eta=00:31:21
... samples=66500000/145422675 (45.729%) chunks=266 cycle_sigs=32768 lift_hashes=1 rate= 42114.4/s elapsed=00:26:19 eta=00:31:14
... samples=66750000/145422675 (45.901%) chunks=267 cycle_sigs=32768 lift_hashes=1 rate= 42210.9/s elapsed=00:26:21 eta=00:31:03
... samples=67000000/145422675 (46.073%) chunks=268 cycle_sigs=32768 lift_hashes=1 rate= 42364.1/s elapsed=00:26:21 eta=00:30:51
... samples=67250000/145422675 (46.245%) chunks=269 cycle_sigs=32768 lift_hashes=1 rate= 42466.5/s elapsed=00:26:23 eta=00:30:40
... samples=67500000/145422675 (46.416%) chunks=270 cycle_sigs=32768 lift_hashes=1 rate= 42406.6/s elapsed=00:26:31 eta=00:30:37
... samples=67750000/145422675 (46.588%) chunks=271 cycle_sigs=32768 lift_hashes=1 rate= 42444.9/s elapsed=00:26:36 eta=00:30:29
... samples=68000000/145422675 (46.760%) chunks=272 cycle_sigs=32768 lift_hashes=1 rate= 42551.5/s elapsed=00:26:38 eta=00:30:19
... samples=68250000/145422675 (46.932%) chunks=273 cycle_sigs=32768 lift_hashes=1 rate= 42166.5/s elapsed=00:26:58 eta=00:30:30
... samples=68500000/145422675 (47.104%) chunks=274 cycle_sigs=32768 lift_hashes=1 rate= 42190.1/s elapsed=00:27:03 eta=00:30:23
... samples=68750000/145422675 (47.276%) chunks=275 cycle_sigs=32768 lift_hashes=1 rate= 42283.1/s elapsed=00:27:05 eta=00:30:13
... samples=69000000/145422675 (47.448%) chunks=276 cycle_sigs=32768 lift_hashes=1 rate= 42433.4/s elapsed=00:27:06 eta=00:30:01
... samples=69250000/145422675 (47.620%) chunks=277 cycle_sigs=32768 lift_hashes=1 rate= 42533.6/s elapsed=00:27:08 eta=00:29:50
... samples=69500000/145422675 (47.792%) chunks=278 cycle_sigs=32768 lift_hashes=1 rate= 42467.9/s elapsed=00:27:16 eta=00:29:47
... samples=69750000/145422675 (47.964%) chunks=279 cycle_sigs=32768 lift_hashes=1 rate= 42498.8/s elapsed=00:27:21 eta=00:29:40
... samples=70000000/145422675 (48.136%) chunks=280 cycle_sigs=32768 lift_hashes=1 rate= 42602.5/s elapsed=00:27:23 eta=00:29:30
... samples=70250000/145422675 (48.307%) chunks=281 cycle_sigs=32768 lift_hashes=1 rate= 42246.2/s elapsed=00:27:42 eta=00:29:39
... samples=70500000/145422675 (48.479%) chunks=282 cycle_sigs=32768 lift_hashes=1 rate= 42264.1/s elapsed=00:27:48 eta=00:29:32
... samples=70750000/145422675 (48.651%) chunks=283 cycle_sigs=32768 lift_hashes=1 rate= 42353.4/s elapsed=00:27:50 eta=00:29:23
... samples=71000000/145422675 (48.823%) chunks=284 cycle_sigs=32768 lift_hashes=1 rate= 42500.3/s elapsed=00:27:50 eta=00:29:11
... samples=71250000/145422675 (48.995%) chunks=285 cycle_sigs=32768 lift_hashes=1 rate= 42598.7/s elapsed=00:27:52 eta=00:29:01
... samples=71500000/145422675 (49.167%) chunks=286 cycle_sigs=32768 lift_hashes=1 rate= 42524.7/s elapsed=00:28:01 eta=00:28:58
... samples=71750000/145422675 (49.339%) chunks=287 cycle_sigs=32768 lift_hashes=1 rate= 42551.7/s elapsed=00:28:06 eta=00:28:51
... samples=72000000/145422675 (49.511%) chunks=288 cycle_sigs=32768 lift_hashes=1 rate= 42649.6/s elapsed=00:28:08 eta=00:28:41
... samples=72250000/145422675 (49.683%) chunks=289 cycle_sigs=32768 lift_hashes=1 rate= 42314.2/s elapsed=00:28:27 eta=00:28:49
... samples=72500000/145422675 (49.855%) chunks=290 cycle_sigs=32768 lift_hashes=1 rate= 42324.7/s elapsed=00:28:32 eta=00:28:42
... samples=72750000/145422675 (50.027%) chunks=291 cycle_sigs=32768 lift_hashes=1 rate= 42410.6/s elapsed=00:28:35 eta=00:28:33
... samples=73000000/145422675 (50.198%) chunks=292 cycle_sigs=32768 lift_hashes=1 rate= 42555.0/s elapsed=00:28:35 eta=00:28:21
... samples=73250000/145422675 (50.370%) chunks=293 cycle_sigs=32768 lift_hashes=1 rate= 42649.4/s elapsed=00:28:37 eta=00:28:12
... samples=73500000/145422675 (50.542%) chunks=294 cycle_sigs=32768 lift_hashes=1 rate= 42569.8/s elapsed=00:28:46 eta=00:28:09
... samples=73750000/145422675 (50.714%) chunks=295 cycle_sigs=32768 lift_hashes=1 rate= 42592.4/s elapsed=00:28:51 eta=00:28:02
... samples=74000000/145422675 (50.886%) chunks=296 cycle_sigs=32768 lift_hashes=1 rate= 42688.4/s elapsed=00:28:53 eta=00:27:53
... samples=74250000/145422675 (51.058%) chunks=297 cycle_sigs=32768 lift_hashes=1 rate= 42377.8/s elapsed=00:29:12 eta=00:27:59
... samples=74500000/145422675 (51.230%) chunks=298 cycle_sigs=32768 lift_hashes=1 rate= 42384.7/s elapsed=00:29:17 eta=00:27:53
... samples=74750000/145422675 (51.402%) chunks=299 cycle_sigs=32768 lift_hashes=1 rate= 42466.6/s elapsed=00:29:20 eta=00:27:44
... samples=75000000/145422675 (51.574%) chunks=300 cycle_sigs=32768 lift_hashes=1 rate= 42607.0/s elapsed=00:29:20 eta=00:27:32
... samples=75250000/145422675 (51.746%) chunks=301 cycle_sigs=32768 lift_hashes=1 rate= 42702.4/s elapsed=00:29:22 eta=00:27:23
... samples=75500000/145422675 (51.918%) chunks=302 cycle_sigs=32768 lift_hashes=1 rate= 42623.9/s elapsed=00:29:31 eta=00:27:20
... samples=75750000/145422675 (52.090%) chunks=303 cycle_sigs=32768 lift_hashes=1 rate= 42640.9/s elapsed=00:29:36 eta=00:27:13
... samples=76000000/145422675 (52.261%) chunks=304 cycle_sigs=32768 lift_hashes=1 rate= 42735.2/s elapsed=00:29:38 eta=00:27:04
... samples=76250000/145422675 (52.433%) chunks=305 cycle_sigs=32768 lift_hashes=1 rate= 42449.4/s elapsed=00:29:56 eta=00:27:09
... samples=76500000/145422675 (52.605%) chunks=306 cycle_sigs=32768 lift_hashes=1 rate= 42451.0/s elapsed=00:30:02 eta=00:27:03
... samples=76750000/145422675 (52.777%) chunks=307 cycle_sigs=32768 lift_hashes=1 rate= 42528.8/s elapsed=00:30:04 eta=00:26:54
... samples=77000000/145422675 (52.949%) chunks=308 cycle_sigs=32768 lift_hashes=1 rate= 42664.8/s elapsed=00:30:04 eta=00:26:43
... samples=77250000/145422675 (53.121%) chunks=309 cycle_sigs=32768 lift_hashes=1 rate= 42755.9/s elapsed=00:30:06 eta=00:26:34
... samples=77500000/145422675 (53.293%) chunks=310 cycle_sigs=32768 lift_hashes=1 rate= 42678.2/s elapsed=00:30:15 eta=00:26:31
... samples=77750000/145422675 (53.465%) chunks=311 cycle_sigs=32768 lift_hashes=1 rate= 42689.0/s elapsed=00:30:21 eta=00:26:25
... samples=78000000/145422675 (53.637%) chunks=312 cycle_sigs=32768 lift_hashes=1 rate= 42783.5/s elapsed=00:30:23 eta=00:26:15
... samples=78250000/145422675 (53.809%) chunks=313 cycle_sigs=32768 lift_hashes=1 rate= 42518.4/s elapsed=00:30:40 eta=00:26:19
... samples=78500000/145422675 (53.981%) chunks=314 cycle_sigs=32768 lift_hashes=1 rate= 42517.6/s elapsed=00:30:46 eta=00:26:13
... samples=78750000/145422675 (54.152%) chunks=315 cycle_sigs=32768 lift_hashes=1 rate= 42588.3/s elapsed=00:30:49 eta=00:26:05
... samples=79000000/145422675 (54.324%) chunks=316 cycle_sigs=32768 lift_hashes=1 rate= 42722.2/s elapsed=00:30:49 eta=00:25:54
... samples=79250000/145422675 (54.496%) chunks=317 cycle_sigs=32768 lift_hashes=1 rate= 42811.8/s elapsed=00:30:51 eta=00:25:45
... samples=79500000/145422675 (54.668%) chunks=318 cycle_sigs=32768 lift_hashes=1 rate= 42729.3/s elapsed=00:31:00 eta=00:25:42
... samples=79750000/145422675 (54.840%) chunks=319 cycle_sigs=32768 lift_hashes=1 rate= 42733.4/s elapsed=00:31:06 eta=00:25:36
... samples=80000000/145422675 (55.012%) chunks=320 cycle_sigs=32768 lift_hashes=1 rate= 42824.3/s elapsed=00:31:08 eta=00:25:27
... samples=80250000/145422675 (55.184%) chunks=321 cycle_sigs=32768 lift_hashes=1 rate= 42565.1/s elapsed=00:31:25 eta=00:25:31
... samples=80500000/145422675 (55.356%) chunks=322 cycle_sigs=32768 lift_hashes=1 rate= 42550.8/s elapsed=00:31:31 eta=00:25:25
... samples=80750000/145422675 (55.528%) chunks=323 cycle_sigs=32768 lift_hashes=1 rate= 42613.5/s elapsed=00:31:34 eta=00:25:17
... samples=81000000/145422675 (55.700%) chunks=324 cycle_sigs=32768 lift_hashes=1 rate= 42738.9/s elapsed=00:31:35 eta=00:25:07
... samples=81250000/145422675 (55.872%) chunks=325 cycle_sigs=32768 lift_hashes=1 rate= 42826.8/s elapsed=00:31:37 eta=00:24:58
... samples=81500000/145422675 (56.044%) chunks=326 cycle_sigs=32768 lift_hashes=1 rate= 42725.3/s elapsed=00:31:47 eta=00:24:56
... samples=81750000/145422675 (56.215%) chunks=327 cycle_sigs=32768 lift_hashes=1 rate= 42712.2/s elapsed=00:31:53 eta=00:24:50
... samples=82000000/145422675 (56.387%) chunks=328 cycle_sigs=32768 lift_hashes=1 rate= 42795.5/s elapsed=00:31:56 eta=00:24:41
... samples=82250000/145422675 (56.559%) chunks=329 cycle_sigs=32768 lift_hashes=1 rate= 42524.1/s elapsed=00:32:14 eta=00:24:45
... samples=82500000/145422675 (56.731%) chunks=330 cycle_sigs=32768 lift_hashes=1 rate= 42507.3/s elapsed=00:32:20 eta=00:24:40
... samples=82750000/145422675 (56.903%) chunks=331 cycle_sigs=32768 lift_hashes=1 rate= 42570.8/s elapsed=00:32:23 eta=00:24:32
... samples=83000000/145422675 (57.075%) chunks=332 cycle_sigs=32768 lift_hashes=1 rate= 42690.3/s elapsed=00:32:24 eta=00:24:22
... samples=83250000/145422675 (57.247%) chunks=333 cycle_sigs=32768 lift_hashes=1 rate= 42779.2/s elapsed=00:32:26 eta=00:24:13
... samples=83500000/145422675 (57.419%) chunks=334 cycle_sigs=32768 lift_hashes=1 rate= 42693.8/s elapsed=00:32:35 eta=00:24:10
... samples=83750000/145422675 (57.591%) chunks=335 cycle_sigs=32768 lift_hashes=1 rate= 42686.3/s elapsed=00:32:41 eta=00:24:04
... samples=84000000/145422675 (57.763%) chunks=336 cycle_sigs=32768 lift_hashes=1 rate= 42769.0/s elapsed=00:32:44 eta=00:23:56
... samples=84250000/145422675 (57.935%) chunks=337 cycle_sigs=32768 lift_hashes=1 rate= 42572.2/s elapsed=00:32:58 eta=00:23:56
... samples=84500000/145422675 (58.106%) chunks=338 cycle_sigs=32768 lift_hashes=1 rate= 42561.9/s elapsed=00:33:05 eta=00:23:51
... samples=84750000/145422675 (58.278%) chunks=339 cycle_sigs=32768 lift_hashes=1 rate= 42628.5/s elapsed=00:33:08 eta=00:23:43
... samples=85000000/145422675 (58.450%) chunks=340 cycle_sigs=32768 lift_hashes=1 rate= 42743.6/s elapsed=00:33:08 eta=00:23:33
... samples=85250000/145422675 (58.622%) chunks=341 cycle_sigs=32768 lift_hashes=1 rate= 42831.8/s elapsed=00:33:10 eta=00:23:24
... samples=85500000/145422675 (58.794%) chunks=342 cycle_sigs=32768 lift_hashes=1 rate= 42736.6/s elapsed=00:33:20 eta=00:23:22
... samples=85750000/145422675 (58.966%) chunks=343 cycle_sigs=32768 lift_hashes=1 rate= 42716.9/s elapsed=00:33:27 eta=00:23:16
... samples=86000000/145422675 (59.138%) chunks=344 cycle_sigs=32768 lift_hashes=1 rate= 42796.7/s elapsed=00:33:29 eta=00:23:08
... samples=86250000/145422675 (59.310%) chunks=345 cycle_sigs=32768 lift_hashes=1 rate= 42610.1/s elapsed=00:33:44 eta=00:23:08
... samples=86500000/145422675 (59.482%) chunks=346 cycle_sigs=32768 lift_hashes=1 rate= 42598.3/s elapsed=00:33:50 eta=00:23:03
... samples=86750000/145422675 (59.654%) chunks=347 cycle_sigs=32768 lift_hashes=1 rate= 42660.4/s elapsed=00:33:53 eta=00:22:55
... samples=87000000/145422675 (59.826%) chunks=348 cycle_sigs=32768 lift_hashes=1 rate= 42774.5/s elapsed=00:33:53 eta=00:22:45
... samples=87250000/145422675 (59.998%) chunks=349 cycle_sigs=32768 lift_hashes=1 rate= 42858.1/s elapsed=00:33:55 eta=00:22:37
... samples=87500000/145422675 (60.169%) chunks=350 cycle_sigs=32768 lift_hashes=1 rate= 42767.2/s elapsed=00:34:05 eta=00:22:34
... samples=87750000/145422675 (60.341%) chunks=351 cycle_sigs=32768 lift_hashes=1 rate= 42757.0/s elapsed=00:34:12 eta=00:22:28
... samples=88000000/145422675 (60.513%) chunks=352 cycle_sigs=32768 lift_hashes=1 rate= 42836.4/s elapsed=00:34:14 eta=00:22:20
... samples=88250000/145422675 (60.685%) chunks=353 cycle_sigs=32768 lift_hashes=1 rate= 42660.3/s elapsed=00:34:28 eta=00:22:20
... samples=88500000/145422675 (60.857%) chunks=354 cycle_sigs=32768 lift_hashes=1 rate= 42643.3/s elapsed=00:34:35 eta=00:22:14
... samples=88750000/145422675 (61.029%) chunks=355 cycle_sigs=32768 lift_hashes=1 rate= 42700.9/s elapsed=00:34:38 eta=00:22:07
... samples=89000000/145422675 (61.201%) chunks=356 cycle_sigs=32768 lift_hashes=1 rate= 42812.3/s elapsed=00:34:38 eta=00:21:57
... samples=89250000/145422675 (61.373%) chunks=357 cycle_sigs=32768 lift_hashes=1 rate= 42892.5/s elapsed=00:34:40 eta=00:21:49
... samples=89500000/145422675 (61.545%) chunks=358 cycle_sigs=32768 lift_hashes=1 rate= 42798.2/s elapsed=00:34:51 eta=00:21:46
... samples=89750000/145422675 (61.717%) chunks=359 cycle_sigs=32768 lift_hashes=1 rate= 42783.8/s elapsed=00:34:57 eta=00:21:41
... samples=90000000/145422675 (61.889%) chunks=360 cycle_sigs=32768 lift_hashes=1 rate= 42863.5/s elapsed=00:34:59 eta=00:21:33
... samples=90250000/145422675 (62.060%) chunks=361 cycle_sigs=32768 lift_hashes=1 rate= 42712.0/s elapsed=00:35:12 eta=00:21:31
... samples=90500000/145422675 (62.232%) chunks=362 cycle_sigs=32768 lift_hashes=1 rate= 42690.3/s elapsed=00:35:19 eta=00:21:26
... samples=90750000/145422675 (62.404%) chunks=363 cycle_sigs=32768 lift_hashes=1 rate= 42744.3/s elapsed=00:35:23 eta=00:21:19
... samples=91000000/145422675 (62.576%) chunks=364 cycle_sigs=32768 lift_hashes=1 rate= 42851.3/s elapsed=00:35:23 eta=00:21:10
... samples=91250000/145422675 (62.748%) chunks=365 cycle_sigs=32768 lift_hashes=1 rate= 42930.7/s elapsed=00:35:25 eta=00:21:01
... samples=91500000/145422675 (62.920%) chunks=366 cycle_sigs=32768 lift_hashes=1 rate= 42832.2/s elapsed=00:35:36 eta=00:20:58
... samples=91750000/145422675 (63.092%) chunks=367 cycle_sigs=32768 lift_hashes=1 rate= 42814.3/s elapsed=00:35:42 eta=00:20:53
... samples=92000000/145422675 (63.264%) chunks=368 cycle_sigs=32768 lift_hashes=1 rate= 42889.2/s elapsed=00:35:45 eta=00:20:45
... samples=92250000/145422675 (63.436%) chunks=369 cycle_sigs=32768 lift_hashes=1 rate= 42755.6/s elapsed=00:35:57 eta=00:20:43
... samples=92500000/145422675 (63.608%) chunks=370 cycle_sigs=32768 lift_hashes=1 rate= 42735.4/s elapsed=00:36:04 eta=00:20:38
... samples=92750000/145422675 (63.780%) chunks=371 cycle_sigs=32768 lift_hashes=1 rate= 42787.1/s elapsed=00:36:07 eta=00:20:31
... samples=93000000/145422675 (63.952%) chunks=372 cycle_sigs=32768 lift_hashes=1 rate= 42891.9/s elapsed=00:36:08 eta=00:20:22
... samples=93250000/145422675 (64.123%) chunks=373 cycle_sigs=32768 lift_hashes=1 rate= 42969.6/s elapsed=00:36:10 eta=00:20:14
... samples=93500000/145422675 (64.295%) chunks=374 cycle_sigs=32768 lift_hashes=1 rate= 42865.5/s elapsed=00:36:21 eta=00:20:11
... samples=93750000/145422675 (64.467%) chunks=375 cycle_sigs=32768 lift_hashes=1 rate= 42838.4/s elapsed=00:36:28 eta=00:20:06
... samples=94000000/145422675 (64.639%) chunks=376 cycle_sigs=32768 lift_hashes=1 rate= 42913.1/s elapsed=00:36:30 eta=00:19:58
... samples=94250000/145422675 (64.811%) chunks=377 cycle_sigs=32768 lift_hashes=1 rate= 42793.4/s elapsed=00:36:42 eta=00:19:55
... samples=94500000/145422675 (64.983%) chunks=378 cycle_sigs=32768 lift_hashes=1 rate= 42770.8/s elapsed=00:36:49 eta=00:19:50
... samples=94750000/145422675 (65.155%) chunks=379 cycle_sigs=32768 lift_hashes=1 rate= 42820.8/s elapsed=00:36:52 eta=00:19:43
... samples=95000000/145422675 (65.327%) chunks=380 cycle_sigs=32768 lift_hashes=1 rate= 42920.6/s elapsed=00:36:53 eta=00:19:34
... samples=95250000/145422675 (65.499%) chunks=381 cycle_sigs=32768 lift_hashes=1 rate= 42996.7/s elapsed=00:36:55 eta=00:19:26
... samples=95500000/145422675 (65.671%) chunks=382 cycle_sigs=32768 lift_hashes=1 rate= 42897.6/s elapsed=00:37:06 eta=00:19:23
... samples=95750000/145422675 (65.843%) chunks=383 cycle_sigs=32768 lift_hashes=1 rate= 42872.5/s elapsed=00:37:13 eta=00:19:18
... samples=96000000/145422675 (66.014%) chunks=384 cycle_sigs=32768 lift_hashes=1 rate= 42943.1/s elapsed=00:37:15 eta=00:19:10
... samples=96250000/145422675 (66.186%) chunks=385 cycle_sigs=32768 lift_hashes=1 rate= 42842.6/s elapsed=00:37:26 eta=00:19:07
... samples=96500000/145422675 (66.358%) chunks=386 cycle_sigs=32768 lift_hashes=1 rate= 42805.7/s elapsed=00:37:34 eta=00:19:02
... samples=96750000/145422675 (66.530%) chunks=387 cycle_sigs=32768 lift_hashes=1 rate= 42852.2/s elapsed=00:37:37 eta=00:18:55
... samples=97000000/145422675 (66.702%) chunks=388 cycle_sigs=32768 lift_hashes=1 rate= 42950.2/s elapsed=00:37:38 eta=00:18:47
... samples=97250000/145422675 (66.874%) chunks=389 cycle_sigs=32768 lift_hashes=1 rate= 43023.8/s elapsed=00:37:40 eta=00:18:39
... samples=97500000/145422675 (67.046%) chunks=390 cycle_sigs=32768 lift_hashes=1 rate= 42922.6/s elapsed=00:37:51 eta=00:18:36
... samples=97750000/145422675 (67.218%) chunks=391 cycle_sigs=32768 lift_hashes=1 rate= 42893.7/s elapsed=00:37:58 eta=00:18:31
... samples=98000000/145422675 (67.390%) chunks=392 cycle_sigs=32768 lift_hashes=1 rate= 42961.3/s elapsed=00:38:01 eta=00:18:23
... samples=98250000/145422675 (67.562%) chunks=393 cycle_sigs=32768 lift_hashes=1 rate= 42876.1/s elapsed=00:38:11 eta=00:18:20
... samples=98500000/145422675 (67.734%) chunks=394 cycle_sigs=32768 lift_hashes=1 rate= 42847.1/s elapsed=00:38:18 eta=00:18:15
... samples=98750000/145422675 (67.906%) chunks=395 cycle_sigs=32768 lift_hashes=1 rate= 42893.2/s elapsed=00:38:22 eta=00:18:08
... samples=99000000/145422675 (68.077%) chunks=396 cycle_sigs=32768 lift_hashes=1 rate= 42990.5/s elapsed=00:38:22 eta=00:17:59
... samples=99250000/145422675 (68.249%) chunks=397 cycle_sigs=32768 lift_hashes=1 rate= 43060.3/s elapsed=00:38:24 eta=00:17:52
... samples=99500000/145422675 (68.421%) chunks=398 cycle_sigs=32768 lift_hashes=1 rate= 42954.9/s elapsed=00:38:36 eta=00:17:49
... samples=99750000/145422675 (68.593%) chunks=399 cycle_sigs=32768 lift_hashes=1 rate= 42920.8/s elapsed=00:38:44 eta=00:17:44
... samples=100000000/145422675 (68.765%) chunks=400 cycle_sigs=32768 lift_hashes=1 rate= 42985.3/s elapsed=00:38:46 eta=00:17:36
... samples=100250000/145422675 (68.937%) chunks=401 cycle_sigs=32768 lift_hashes=1 rate= 42911.5/s elapsed=00:38:56 eta=00:17:32
... samples=100500000/145422675 (69.109%) chunks=402 cycle_sigs=32768 lift_hashes=1 rate= 42882.1/s elapsed=00:39:03 eta=00:17:27
... samples=100750000/145422675 (69.281%) chunks=403 cycle_sigs=32768 lift_hashes=1 rate= 42928.1/s elapsed=00:39:06 eta=00:17:20
... samples=101000000/145422675 (69.453%) chunks=404 cycle_sigs=32768 lift_hashes=1 rate= 43020.2/s elapsed=00:39:07 eta=00:17:12
... samples=101250000/145422675 (69.625%) chunks=405 cycle_sigs=32768 lift_hashes=1 rate= 43090.8/s elapsed=00:39:09 eta=00:17:05
... samples=101500000/145422675 (69.797%) chunks=406 cycle_sigs=32768 lift_hashes=1 rate= 42989.3/s elapsed=00:39:21 eta=00:17:01
... samples=101750000/145422675 (69.968%) chunks=407 cycle_sigs=32768 lift_hashes=1 rate= 42954.7/s elapsed=00:39:28 eta=00:16:56
... samples=102000000/145422675 (70.140%) chunks=408 cycle_sigs=32768 lift_hashes=1 rate= 43012.3/s elapsed=00:39:31 eta=00:16:49
... samples=102250000/145422675 (70.312%) chunks=409 cycle_sigs=32768 lift_hashes=1 rate= 42943.2/s elapsed=00:39:41 eta=00:16:45
... samples=102500000/145422675 (70.484%) chunks=410 cycle_sigs=32768 lift_hashes=1 rate= 42914.4/s elapsed=00:39:48 eta=00:16:40
... samples=102750000/145422675 (70.656%) chunks=411 cycle_sigs=32768 lift_hashes=1 rate= 42957.4/s elapsed=00:39:51 eta=00:16:33
... samples=103000000/145422675 (70.828%) chunks=412 cycle_sigs=32768 lift_hashes=1 rate= 43047.3/s elapsed=00:39:52 eta=00:16:25
... samples=103250000/145422675 (71.000%) chunks=413 cycle_sigs=32768 lift_hashes=1 rate= 43115.5/s elapsed=00:39:54 eta=00:16:18
... samples=103500000/145422675 (71.172%) chunks=414 cycle_sigs=32768 lift_hashes=1 rate= 43014.1/s elapsed=00:40:06 eta=00:16:14
... samples=103750000/145422675 (71.344%) chunks=415 cycle_sigs=32768 lift_hashes=1 rate= 42976.0/s elapsed=00:40:14 eta=00:16:09
... samples=104000000/145422675 (71.516%) chunks=416 cycle_sigs=32768 lift_hashes=1 rate= 43038.1/s elapsed=00:40:16 eta=00:16:02
... samples=104250000/145422675 (71.688%) chunks=417 cycle_sigs=32768 lift_hashes=1 rate= 42986.0/s elapsed=00:40:25 eta=00:15:57
... samples=104500000/145422675 (71.859%) chunks=418 cycle_sigs=32768 lift_hashes=1 rate= 42949.7/s elapsed=00:40:33 eta=00:15:52
... samples=104750000/145422675 (72.031%) chunks=419 cycle_sigs=32768 lift_hashes=1 rate= 42989.6/s elapsed=00:40:36 eta=00:15:46
... samples=105000000/145422675 (72.203%) chunks=420 cycle_sigs=32768 lift_hashes=1 rate= 43077.5/s elapsed=00:40:37 eta=00:15:38
... samples=105250000/145422675 (72.375%) chunks=421 cycle_sigs=32768 lift_hashes=1 rate= 43141.1/s elapsed=00:40:39 eta=00:15:31
... samples=105500000/145422675 (72.547%) chunks=422 cycle_sigs=32768 lift_hashes=1 rate= 43036.2/s elapsed=00:40:51 eta=00:15:27
... samples=105750000/145422675 (72.719%) chunks=423 cycle_sigs=32768 lift_hashes=1 rate= 43000.0/s elapsed=00:40:59 eta=00:15:22
... samples=106000000/145422675 (72.891%) chunks=424 cycle_sigs=32768 lift_hashes=1 rate= 43055.2/s elapsed=00:41:01 eta=00:15:15
... samples=106250000/145422675 (73.063%) chunks=425 cycle_sigs=32768 lift_hashes=1 rate= 43011.2/s elapsed=00:41:10 eta=00:15:10
... samples=106500000/145422675 (73.235%) chunks=426 cycle_sigs=32768 lift_hashes=1 rate= 42981.7/s elapsed=00:41:17 eta=00:15:05
... samples=106750000/145422675 (73.407%) chunks=427 cycle_sigs=32768 lift_hashes=1 rate= 43023.3/s elapsed=00:41:21 eta=00:14:58
... samples=107000000/145422675 (73.579%) chunks=428 cycle_sigs=32768 lift_hashes=1 rate= 43098.8/s elapsed=00:41:22 eta=00:14:51
... samples=107250000/145422675 (73.751%) chunks=429 cycle_sigs=32768 lift_hashes=1 rate= 43166.7/s elapsed=00:41:24 eta=00:14:44
... samples=107500000/145422675 (73.922%) chunks=430 cycle_sigs=32768 lift_hashes=1 rate= 43065.6/s elapsed=00:41:36 eta=00:14:40
... samples=107750000/145422675 (74.094%) chunks=431 cycle_sigs=32768 lift_hashes=1 rate= 43026.4/s elapsed=00:41:44 eta=00:14:35
... samples=108000000/145422675 (74.266%) chunks=432 cycle_sigs=32768 lift_hashes=1 rate= 43072.8/s elapsed=00:41:47 eta=00:14:28
... samples=108250000/145422675 (74.438%) chunks=433 cycle_sigs=32768 lift_hashes=1 rate= 43039.7/s elapsed=00:41:55 eta=00:14:23
... samples=108500000/145422675 (74.610%) chunks=434 cycle_sigs=32768 lift_hashes=1 rate= 43009.1/s elapsed=00:42:02 eta=00:14:18
... samples=108750000/145422675 (74.782%) chunks=435 cycle_sigs=32768 lift_hashes=1 rate= 43048.9/s elapsed=00:42:06 eta=00:14:11
... samples=109000000/145422675 (74.954%) chunks=436 cycle_sigs=32768 lift_hashes=1 rate= 43121.4/s elapsed=00:42:07 eta=00:14:04
... samples=109250000/145422675 (75.126%) chunks=437 cycle_sigs=32768 lift_hashes=1 rate= 43186.1/s elapsed=00:42:09 eta=00:13:57
... samples=109500000/145422675 (75.298%) chunks=438 cycle_sigs=32768 lift_hashes=1 rate= 43085.0/s elapsed=00:42:21 eta=00:13:53
... samples=109750000/145422675 (75.470%) chunks=439 cycle_sigs=32768 lift_hashes=1 rate= 43044.8/s elapsed=00:42:29 eta=00:13:48
... samples=110000000/145422675 (75.642%) chunks=440 cycle_sigs=32768 lift_hashes=1 rate= 43096.9/s elapsed=00:42:32 eta=00:13:41
... samples=110250000/145422675 (75.813%) chunks=441 cycle_sigs=32768 lift_hashes=1 rate= 43079.9/s elapsed=00:42:39 eta=00:13:36
... samples=110500000/145422675 (75.985%) chunks=442 cycle_sigs=32768 lift_hashes=1 rate= 43039.2/s elapsed=00:42:47 eta=00:13:31
... samples=110750000/145422675 (76.157%) chunks=443 cycle_sigs=32768 lift_hashes=1 rate= 43077.2/s elapsed=00:42:50 eta=00:13:24
... samples=111000000/145422675 (76.329%) chunks=444 cycle_sigs=32768 lift_hashes=1 rate= 43147.6/s elapsed=00:42:52 eta=00:13:17
... samples=111250000/145422675 (76.501%) chunks=445 cycle_sigs=32768 lift_hashes=1 rate= 43209.9/s elapsed=00:42:54 eta=00:13:10
... samples=111500000/145422675 (76.673%) chunks=446 cycle_sigs=32768 lift_hashes=1 rate= 43108.5/s elapsed=00:43:06 eta=00:13:06
... samples=111750000/145422675 (76.845%) chunks=447 cycle_sigs=32768 lift_hashes=1 rate= 43067.4/s elapsed=00:43:14 eta=00:13:01
... samples=112000000/145422675 (77.017%) chunks=448 cycle_sigs=32768 lift_hashes=1 rate= 43116.4/s elapsed=00:43:17 eta=00:12:55
... samples=112250000/145422675 (77.189%) chunks=449 cycle_sigs=32768 lift_hashes=1 rate= 43109.8/s elapsed=00:43:23 eta=00:12:49
... samples=112500000/145422675 (77.361%) chunks=450 cycle_sigs=32768 lift_hashes=1 rate= 43070.0/s elapsed=00:43:32 eta=00:12:44
... samples=112750000/145422675 (77.533%) chunks=451 cycle_sigs=32768 lift_hashes=1 rate= 43108.2/s elapsed=00:43:35 eta=00:12:37
... samples=113000000/145422675 (77.705%) chunks=452 cycle_sigs=32768 lift_hashes=1 rate= 43178.1/s elapsed=00:43:37 eta=00:12:30
... samples=113250000/145422675 (77.876%) chunks=453 cycle_sigs=32768 lift_hashes=1 rate= 43240.2/s elapsed=00:43:39 eta=00:12:24
... samples=113500000/145422675 (78.048%) chunks=454 cycle_sigs=32768 lift_hashes=1 rate= 43130.2/s elapsed=00:43:51 eta=00:12:20
... samples=113750000/145422675 (78.220%) chunks=455 cycle_sigs=32768 lift_hashes=1 rate= 43086.4/s elapsed=00:44:00 eta=00:12:15
... samples=114000000/145422675 (78.392%) chunks=456 cycle_sigs=32768 lift_hashes=1 rate= 43132.4/s elapsed=00:44:03 eta=00:12:08
... samples=114250000/145422675 (78.564%) chunks=457 cycle_sigs=32768 lift_hashes=1 rate= 43138.9/s elapsed=00:44:08 eta=00:12:02
... samples=114500000/145422675 (78.736%) chunks=458 cycle_sigs=32768 lift_hashes=1 rate= 43098.3/s elapsed=00:44:16 eta=00:11:57
... samples=114750000/145422675 (78.908%) chunks=459 cycle_sigs=32768 lift_hashes=1 rate= 43135.9/s elapsed=00:44:20 eta=00:11:51
... samples=115000000/145422675 (79.080%) chunks=460 cycle_sigs=32768 lift_hashes=1 rate= 43203.0/s elapsed=00:44:21 eta=00:11:44
... samples=115250000/145422675 (79.252%) chunks=461 cycle_sigs=32768 lift_hashes=1 rate= 43262.1/s elapsed=00:44:23 eta=00:11:37
... samples=115500000/145422675 (79.424%) chunks=462 cycle_sigs=32768 lift_hashes=1 rate= 43159.7/s elapsed=00:44:36 eta=00:11:33
... samples=115750000/145422675 (79.596%) chunks=463 cycle_sigs=32768 lift_hashes=1 rate= 43106.1/s elapsed=00:44:45 eta=00:11:28
... samples=116000000/145422675 (79.767%) chunks=464 cycle_sigs=32768 lift_hashes=1 rate= 43149.9/s elapsed=00:44:48 eta=00:11:21
... samples=116250000/145422675 (79.939%) chunks=465 cycle_sigs=32768 lift_hashes=1 rate= 43163.5/s elapsed=00:44:53 eta=00:11:15
... samples=116500000/145422675 (80.111%) chunks=466 cycle_sigs=32768 lift_hashes=1 rate= 43117.3/s elapsed=00:45:01 eta=00:11:10
... samples=116750000/145422675 (80.283%) chunks=467 cycle_sigs=32768 lift_hashes=1 rate= 43156.8/s elapsed=00:45:05 eta=00:11:04
... samples=117000000/145422675 (80.455%) chunks=468 cycle_sigs=32768 lift_hashes=1 rate= 43222.0/s elapsed=00:45:06 eta=00:10:57
... samples=117250000/145422675 (80.627%) chunks=469 cycle_sigs=32768 lift_hashes=1 rate= 43281.1/s elapsed=00:45:09 eta=00:10:50
... samples=117500000/145422675 (80.799%) chunks=470 cycle_sigs=32768 lift_hashes=1 rate= 43169.0/s elapsed=00:45:21 eta=00:10:46
... samples=117750000/145422675 (80.971%) chunks=471 cycle_sigs=32768 lift_hashes=1 rate= 43123.5/s elapsed=00:45:30 eta=00:10:41
... samples=118000000/145422675 (81.143%) chunks=472 cycle_sigs=32768 lift_hashes=1 rate= 43171.8/s elapsed=00:45:33 eta=00:10:35
... samples=118250000/145422675 (81.315%) chunks=473 cycle_sigs=32768 lift_hashes=1 rate= 43195.5/s elapsed=00:45:37 eta=00:10:29
... samples=118500000/145422675 (81.487%) chunks=474 cycle_sigs=32768 lift_hashes=1 rate= 43139.6/s elapsed=00:45:46 eta=00:10:24
... samples=118750000/145422675 (81.659%) chunks=475 cycle_sigs=32768 lift_hashes=1 rate= 43181.1/s elapsed=00:45:50 eta=00:10:17
... samples=119000000/145422675 (81.830%) chunks=476 cycle_sigs=32768 lift_hashes=1 rate= 43242.9/s elapsed=00:45:51 eta=00:10:11
... samples=119250000/145422675 (82.002%) chunks=477 cycle_sigs=32768 lift_hashes=1 rate= 43300.6/s elapsed=00:45:54 eta=00:10:04
... samples=119500000/145422675 (82.174%) chunks=478 cycle_sigs=32768 lift_hashes=1 rate= 43189.7/s elapsed=00:46:06 eta=00:10:00
... samples=119750000/145422675 (82.346%) chunks=479 cycle_sigs=32768 lift_hashes=1 rate= 43143.4/s elapsed=00:46:15 eta=00:09:55
... samples=120000000/145422675 (82.518%) chunks=480 cycle_sigs=32768 lift_hashes=1 rate= 43190.7/s elapsed=00:46:18 eta=00:09:48
... samples=120250000/145422675 (82.690%) chunks=481 cycle_sigs=32768 lift_hashes=1 rate= 43223.6/s elapsed=00:46:22 eta=00:09:42
... samples=120500000/145422675 (82.862%) chunks=482 cycle_sigs=32768 lift_hashes=1 rate= 43170.6/s elapsed=00:46:31 eta=00:09:37
... samples=120750000/145422675 (83.034%) chunks=483 cycle_sigs=32768 lift_hashes=1 rate= 43213.5/s elapsed=00:46:34 eta=00:09:30
... samples=121000000/145422675 (83.206%) chunks=484 cycle_sigs=32768 lift_hashes=1 rate= 43272.8/s elapsed=00:46:36 eta=00:09:24
... samples=121250000/145422675 (83.378%) chunks=485 cycle_sigs=32768 lift_hashes=1 rate= 43330.6/s elapsed=00:46:38 eta=00:09:17
... samples=121500000/145422675 (83.550%) chunks=486 cycle_sigs=32768 lift_hashes=1 rate= 43208.2/s elapsed=00:46:51 eta=00:09:13
... samples=121750000/145422675 (83.721%) chunks=487 cycle_sigs=32768 lift_hashes=1 rate= 43158.2/s elapsed=00:47:01 eta=00:09:08
... samples=122000000/145422675 (83.893%) chunks=488 cycle_sigs=32768 lift_hashes=1 rate= 43203.4/s elapsed=00:47:03 eta=00:09:02
... samples=122250000/145422675 (84.065%) chunks=489 cycle_sigs=32768 lift_hashes=1 rate= 43246.6/s elapsed=00:47:06 eta=00:08:55
... samples=122500000/145422675 (84.237%) chunks=490 cycle_sigs=32768 lift_hashes=1 rate= 43191.0/s elapsed=00:47:16 eta=00:08:50
... samples=122750000/145422675 (84.409%) chunks=491 cycle_sigs=32768 lift_hashes=1 rate= 43233.5/s elapsed=00:47:19 eta=00:08:44
... samples=123000000/145422675 (84.581%) chunks=492 cycle_sigs=32768 lift_hashes=1 rate= 43289.5/s elapsed=00:47:21 eta=00:08:37
... samples=123250000/145422675 (84.753%) chunks=493 cycle_sigs=32768 lift_hashes=1 rate= 43345.9/s elapsed=00:47:23 eta=00:08:31
... samples=123500000/145422675 (84.925%) chunks=494 cycle_sigs=32768 lift_hashes=1 rate= 43233.5/s elapsed=00:47:36 eta=00:08:27
... samples=123750000/145422675 (85.097%) chunks=495 cycle_sigs=32768 lift_hashes=1 rate= 43177.8/s elapsed=00:47:46 eta=00:08:21
... samples=124000000/145422675 (85.269%) chunks=496 cycle_sigs=32768 lift_hashes=1 rate= 43220.1/s elapsed=00:47:49 eta=00:08:15
... samples=124250000/145422675 (85.441%) chunks=497 cycle_sigs=32768 lift_hashes=1 rate= 43271.6/s elapsed=00:47:51 eta=00:08:09
... samples=124500000/145422675 (85.613%) chunks=498 cycle_sigs=32768 lift_hashes=1 rate= 43214.3/s elapsed=00:48:00 eta=00:08:04
... samples=124750000/145422675 (85.784%) chunks=499 cycle_sigs=32768 lift_hashes=1 rate= 43256.2/s elapsed=00:48:03 eta=00:07:57
... samples=125000000/145422675 (85.956%) chunks=500 cycle_sigs=32768 lift_hashes=1 rate= 43309.4/s elapsed=00:48:06 eta=00:07:51
... samples=125250000/145422675 (86.128%) chunks=501 cycle_sigs=32768 lift_hashes=1 rate= 43365.0/s elapsed=00:48:08 eta=00:07:45
... samples=125500000/145422675 (86.300%) chunks=502 cycle_sigs=32768 lift_hashes=1 rate= 43251.3/s elapsed=00:48:21 eta=00:07:40
... samples=125750000/145422675 (86.472%) chunks=503 cycle_sigs=32768 lift_hashes=1 rate= 43201.4/s elapsed=00:48:30 eta=00:07:35
... samples=126000000/145422675 (86.644%) chunks=504 cycle_sigs=32768 lift_hashes=1 rate= 43243.3/s elapsed=00:48:33 eta=00:07:29
... samples=126250000/145422675 (86.816%) chunks=505 cycle_sigs=32768 lift_hashes=1 rate= 43304.3/s elapsed=00:48:35 eta=00:07:22
... samples=126500000/145422675 (86.988%) chunks=506 cycle_sigs=32768 lift_hashes=1 rate= 43239.0/s elapsed=00:48:45 eta=00:07:17
... samples=126750000/145422675 (87.160%) chunks=507 cycle_sigs=32768 lift_hashes=1 rate= 43275.2/s elapsed=00:48:48 eta=00:07:11
... samples=127000000/145422675 (87.332%) chunks=508 cycle_sigs=32768 lift_hashes=1 rate= 43327.3/s elapsed=00:48:51 eta=00:07:05
... samples=127250000/145422675 (87.504%) chunks=509 cycle_sigs=32768 lift_hashes=1 rate= 43382.0/s elapsed=00:48:53 eta=00:06:58
... samples=127500000/145422675 (87.675%) chunks=510 cycle_sigs=32768 lift_hashes=1 rate= 43266.1/s elapsed=00:49:06 eta=00:06:54
... samples=127750000/145422675 (87.847%) chunks=511 cycle_sigs=32768 lift_hashes=1 rate= 43213.0/s elapsed=00:49:16 eta=00:06:48
... samples=128000000/145422675 (88.019%) chunks=512 cycle_sigs=32768 lift_hashes=1 rate= 43252.1/s elapsed=00:49:19 eta=00:06:42
... samples=128250000/145422675 (88.191%) chunks=513 cycle_sigs=32768 lift_hashes=1 rate= 43320.7/s elapsed=00:49:20 eta=00:06:36
... samples=128500000/145422675 (88.363%) chunks=514 cycle_sigs=32768 lift_hashes=1 rate= 43258.0/s elapsed=00:49:30 eta=00:06:31
... samples=128750000/145422675 (88.535%) chunks=515 cycle_sigs=32768 lift_hashes=1 rate= 43296.7/s elapsed=00:49:33 eta=00:06:25
... samples=129000000/145422675 (88.707%) chunks=516 cycle_sigs=32768 lift_hashes=1 rate= 43345.3/s elapsed=00:49:36 eta=00:06:18
... samples=129250000/145422675 (88.879%) chunks=517 cycle_sigs=32768 lift_hashes=1 rate= 43399.9/s elapsed=00:49:38 eta=00:06:12
... samples=129500000/145422675 (89.051%) chunks=518 cycle_sigs=32768 lift_hashes=1 rate= 43278.8/s elapsed=00:49:52 eta=00:06:07
... samples=129750000/145422675 (89.223%) chunks=519 cycle_sigs=32768 lift_hashes=1 rate= 43217.6/s elapsed=00:50:02 eta=00:06:02
... samples=130000000/145422675 (89.395%) chunks=520 cycle_sigs=32768 lift_hashes=1 rate= 43254.7/s elapsed=00:50:05 eta=00:05:56
... samples=130250000/145422675 (89.566%) chunks=521 cycle_sigs=32768 lift_hashes=1 rate= 43330.2/s elapsed=00:50:05 eta=00:05:50
... samples=130500000/145422675 (89.738%) chunks=522 cycle_sigs=32768 lift_hashes=1 rate= 43267.3/s elapsed=00:50:16 eta=00:05:44
... samples=130750000/145422675 (89.910%) chunks=523 cycle_sigs=32768 lift_hashes=1 rate= 43303.0/s elapsed=00:50:19 eta=00:05:38
... samples=131000000/145422675 (90.082%) chunks=524 cycle_sigs=32768 lift_hashes=1 rate= 43349.0/s elapsed=00:50:21 eta=00:05:32
... samples=131250000/145422675 (90.254%) chunks=525 cycle_sigs=32768 lift_hashes=1 rate= 43408.3/s elapsed=00:50:23 eta=00:05:26
... samples=131500000/145422675 (90.426%) chunks=526 cycle_sigs=32768 lift_hashes=1 rate= 43291.7/s elapsed=00:50:37 eta=00:05:21
... samples=131750000/145422675 (90.598%) chunks=527 cycle_sigs=32768 lift_hashes=1 rate= 43235.7/s elapsed=00:50:47 eta=00:05:16
... samples=132000000/145422675 (90.770%) chunks=528 cycle_sigs=32768 lift_hashes=1 rate= 43275.8/s elapsed=00:50:50 eta=00:05:10
... samples=132250000/145422675 (90.942%) chunks=529 cycle_sigs=32768 lift_hashes=1 rate= 43352.8/s elapsed=00:50:50 eta=00:05:03
... samples=132500000/145422675 (91.114%) chunks=530 cycle_sigs=32768 lift_hashes=1 rate= 43268.8/s elapsed=00:51:02 eta=00:04:58
... samples=132750000/145422675 (91.286%) chunks=531 cycle_sigs=32768 lift_hashes=1 rate= 43297.9/s elapsed=00:51:05 eta=00:04:52
... samples=133000000/145422675 (91.458%) chunks=532 cycle_sigs=32768 lift_hashes=1 rate= 43340.8/s elapsed=00:51:08 eta=00:04:46
... samples=133250000/145422675 (91.629%) chunks=533 cycle_sigs=32768 lift_hashes=1 rate= 43397.6/s elapsed=00:51:10 eta=00:04:40
... samples=133500000/145422675 (91.801%) chunks=534 cycle_sigs=32768 lift_hashes=1 rate= 43273.2/s elapsed=00:51:25 eta=00:04:35
... samples=133750000/145422675 (91.973%) chunks=535 cycle_sigs=32768 lift_hashes=1 rate= 43216.9/s elapsed=00:51:34 eta=00:04:30
... samples=134000000/145422675 (92.145%) chunks=536 cycle_sigs=32768 lift_hashes=1 rate= 43261.8/s elapsed=00:51:37 eta=00:04:24
... samples=134250000/145422675 (92.317%) chunks=537 cycle_sigs=32768 lift_hashes=1 rate= 43330.0/s elapsed=00:51:38 eta=00:04:17
... samples=134500000/145422675 (92.489%) chunks=538 cycle_sigs=32768 lift_hashes=1 rate= 43275.7/s elapsed=00:51:47 eta=00:04:12
... samples=134750000/145422675 (92.661%) chunks=539 cycle_sigs=32768 lift_hashes=1 rate= 43314.7/s elapsed=00:51:50 eta=00:04:06
... samples=135000000/145422675 (92.833%) chunks=540 cycle_sigs=32768 lift_hashes=1 rate= 43354.6/s elapsed=00:51:53 eta=00:04:00
... samples=135250000/145422675 (93.005%) chunks=541 cycle_sigs=32768 lift_hashes=1 rate= 43413.8/s elapsed=00:51:55 eta=00:03:54
... samples=135500000/145422675 (93.177%) chunks=542 cycle_sigs=32768 lift_hashes=1 rate= 43290.7/s elapsed=00:52:09 eta=00:03:49
... samples=135750000/145422675 (93.349%) chunks=543 cycle_sigs=32768 lift_hashes=1 rate= 43237.5/s elapsed=00:52:19 eta=00:03:43
... samples=136000000/145422675 (93.520%) chunks=544 cycle_sigs=32768 lift_hashes=1 rate= 43287.8/s elapsed=00:52:21 eta=00:03:37
... samples=136250000/145422675 (93.692%) chunks=545 cycle_sigs=32768 lift_hashes=1 rate= 43348.4/s elapsed=00:52:23 eta=00:03:31
... samples=136500000/145422675 (93.864%) chunks=546 cycle_sigs=32768 lift_hashes=1 rate= 43300.0/s elapsed=00:52:32 eta=00:03:26
... samples=136750000/145422675 (94.036%) chunks=547 cycle_sigs=32768 lift_hashes=1 rate= 43339.2/s elapsed=00:52:35 eta=00:03:20
... samples=137000000/145422675 (94.208%) chunks=548 cycle_sigs=32768 lift_hashes=1 rate= 43376.6/s elapsed=00:52:38 eta=00:03:14
... samples=137250000/145422675 (94.380%) chunks=549 cycle_sigs=32768 lift_hashes=1 rate= 43435.5/s elapsed=00:52:39 eta=00:03:08
... samples=137500000/145422675 (94.552%) chunks=550 cycle_sigs=32768 lift_hashes=1 rate= 43313.0/s elapsed=00:52:54 eta=00:03:02
... samples=137750000/145422675 (94.724%) chunks=551 cycle_sigs=32768 lift_hashes=1 rate= 43258.3/s elapsed=00:53:04 eta=00:02:57
... samples=138000000/145422675 (94.896%) chunks=552 cycle_sigs=32768 lift_hashes=1 rate= 43316.5/s elapsed=00:53:05 eta=00:02:51
... samples=138250000/145422675 (95.068%) chunks=553 cycle_sigs=32768 lift_hashes=1 rate= 43367.6/s elapsed=00:53:07 eta=00:02:45
... samples=138500000/145422675 (95.240%) chunks=554 cycle_sigs=32768 lift_hashes=1 rate= 43326.7/s elapsed=00:53:16 eta=00:02:39
... samples=138750000/145422675 (95.412%) chunks=555 cycle_sigs=32768 lift_hashes=1 rate= 43364.6/s elapsed=00:53:19 eta=00:02:33
... samples=139000000/145422675 (95.583%) chunks=556 cycle_sigs=32768 lift_hashes=1 rate= 43400.7/s elapsed=00:53:22 eta=00:02:27
... samples=139250000/145422675 (95.755%) chunks=557 cycle_sigs=32768 lift_hashes=1 rate= 43457.4/s elapsed=00:53:24 eta=00:02:22
... samples=139500000/145422675 (95.927%) chunks=558 cycle_sigs=32768 lift_hashes=1 rate= 43334.0/s elapsed=00:53:39 eta=00:02:16
... samples=139750000/145422675 (96.099%) chunks=559 cycle_sigs=32768 lift_hashes=1 rate= 43277.8/s elapsed=00:53:49 eta=00:02:11
... samples=140000000/145422675 (96.271%) chunks=560 cycle_sigs=32768 lift_hashes=1 rate= 43344.8/s elapsed=00:53:49 eta=00:02:05
... samples=140250000/145422675 (96.443%) chunks=561 cycle_sigs=32768 lift_hashes=1 rate= 43386.1/s elapsed=00:53:52 eta=00:01:59
... samples=140500000/145422675 (96.615%) chunks=562 cycle_sigs=32768 lift_hashes=1 rate= 43352.0/s elapsed=00:54:00 eta=00:01:53
... samples=140750000/145422675 (96.787%) chunks=563 cycle_sigs=32768 lift_hashes=1 rate= 43387.6/s elapsed=00:54:04 eta=00:01:47
... samples=141000000/145422675 (96.959%) chunks=564 cycle_sigs=32768 lift_hashes=1 rate= 43422.7/s elapsed=00:54:07 eta=00:01:41
... samples=141250000/145422675 (97.131%) chunks=565 cycle_sigs=32768 lift_hashes=1 rate= 43478.9/s elapsed=00:54:08 eta=00:01:35
... samples=141500000/145422675 (97.303%) chunks=566 cycle_sigs=32768 lift_hashes=1 rate= 43352.3/s elapsed=00:54:23 eta=00:01:30
... samples=141750000/145422675 (97.474%) chunks=567 cycle_sigs=32768 lift_hashes=1 rate= 43296.0/s elapsed=00:54:33 eta=00:01:24
... samples=142000000/145422675 (97.646%) chunks=568 cycle_sigs=32768 lift_hashes=1 rate= 43369.3/s elapsed=00:54:34 eta=00:01:18
... samples=142250000/145422675 (97.818%) chunks=569 cycle_sigs=32768 lift_hashes=1 rate= 43401.2/s elapsed=00:54:37 eta=00:01:13
... samples=142500000/145422675 (97.990%) chunks=570 cycle_sigs=32768 lift_hashes=1 rate= 43373.5/s elapsed=00:54:45 eta=00:01:07
... samples=142750000/145422675 (98.162%) chunks=571 cycle_sigs=32768 lift_hashes=1 rate= 43410.0/s elapsed=00:54:48 eta=00:01:01
... samples=143000000/145422675 (98.334%) chunks=572 cycle_sigs=32768 lift_hashes=1 rate= 43443.2/s elapsed=00:54:51 eta=00:00:55
... samples=143250000/145422675 (98.506%) chunks=573 cycle_sigs=32768 lift_hashes=1 rate= 43499.1/s elapsed=00:54:53 eta=00:00:49
... samples=143500000/145422675 (98.678%) chunks=574 cycle_sigs=32768 lift_hashes=1 rate= 43372.6/s elapsed=00:55:08 eta=00:00:44
... samples=143750000/145422675 (98.850%) chunks=575 cycle_sigs=32768 lift_hashes=1 rate= 43319.5/s elapsed=00:55:18 eta=00:00:38
... samples=144000000/145422675 (99.022%) chunks=576 cycle_sigs=32768 lift_hashes=1 rate= 43391.1/s elapsed=00:55:18 eta=00:00:32
... samples=144250000/145422675 (99.194%) chunks=577 cycle_sigs=32768 lift_hashes=1 rate= 43423.9/s elapsed=00:55:21 eta=00:00:27
... samples=144500000/145422675 (99.366%) chunks=578 cycle_sigs=32768 lift_hashes=1 rate= 43423.3/s elapsed=00:55:27 eta=00:00:21
... samples=144750000/145422675 (99.537%) chunks=579 cycle_sigs=32768 lift_hashes=1 rate= 43467.1/s elapsed=00:55:30 eta=00:00:15
... samples=145000000/145422675 (99.709%) chunks=580 cycle_sigs=32768 lift_hashes=1 rate= 43507.9/s elapsed=00:55:32 eta=00:00:09
... samples=145250000/145422675 (99.881%) chunks=581 cycle_sigs=32768 lift_hashes=1 rate= 43567.7/s elapsed=00:55:33 eta=00:00:03
... samples=145422675/145422675 (100.000%) chunks=582 cycle_sigs=32768 lift_hashes=1 rate= 43601.9/s elapsed=00:55:35 eta=00:00:00

saved /Users/scottcave/dev/cori/hyperxi_lab/reports/rigidity/phase1_sample_lifts_parallel.txt
saved /Users/scottcave/dev/cori/hyperxi_lab/reports/rigidity/phase1_sample_lifts_parallel.json
================================================================================
