================================================================================
PHASE 1 — SAMPLE SIGNINGS BY LIFT HASH
================================================================================
vertices: 15
edges:    30
negatives target: 14
sample limit:     250000
cycle basis size: 16

... samples=500 cycle_sigs=426 lift_hashes=1
... samples=1000 cycle_sigs=769 lift_hashes=1
... samples=1500 cycle_sigs=1107 lift_hashes=1
... samples=2000 cycle_sigs=1410 lift_hashes=1
... samples=2500 cycle_sigs=1722 lift_hashes=1
... samples=3000 cycle_sigs=2008 lift_hashes=1
... samples=3500 cycle_sigs=2094 lift_hashes=1
... samples=4000 cycle_sigs=2340 lift_hashes=1
... samples=4500 cycle_sigs=2527 lift_hashes=1
... samples=5000 cycle_sigs=2748 lift_hashes=1
... samples=5500 cycle_sigs=3168 lift_hashes=1
... samples=6000 cycle_sigs=3527 lift_hashes=1
... samples=6500 cycle_sigs=3864 lift_hashes=1
... samples=7000 cycle_sigs=4142 lift_hashes=1
... samples=7500 cycle_sigs=4367 lift_hashes=1
... samples=8000 cycle_sigs=4628 lift_hashes=1
... samples=8500 cycle_sigs=4791 lift_hashes=1
... samples=9000 cycle_sigs=5023 lift_hashes=1
... samples=9500 cycle_sigs=5321 lift_hashes=1
... samples=10000 cycle_sigs=5527 lift_hashes=1
... samples=10500 cycle_sigs=5686 lift_hashes=1
... samples=11000 cycle_sigs=5812 lift_hashes=1
... samples=11500 cycle_sigs=5982 lift_hashes=1
... samples=12000 cycle_sigs=6138 lift_hashes=1
... samples=12500 cycle_sigs=6346 lift_hashes=1
... samples=13000 cycle_sigs=6476 lift_hashes=1
... samples=13500 cycle_sigs=6693 lift_hashes=1
... samples=14000 cycle_sigs=6883 lift_hashes=1
... samples=14500 cycle_sigs=6939 lift_hashes=1
... samples=15000 cycle_sigs=7097 lift_hashes=1
... samples=15500 cycle_sigs=7232 lift_hashes=1
... samples=16000 cycle_sigs=7326 lift_hashes=1
... samples=16500 cycle_sigs=7327 lift_hashes=1
... samples=17000 cycle_sigs=7328 lift_hashes=1
... samples=17500 cycle_sigs=7396 lift_hashes=1
... samples=18000 cycle_sigs=7528 lift_hashes=1
... samples=18500 cycle_sigs=7637 lift_hashes=1
... samples=19000 cycle_sigs=7740 lift_hashes=1
... samples=19500 cycle_sigs=7808 lift_hashes=1
... samples=20000 cycle_sigs=7858 lift_hashes=1
... samples=20500 cycle_sigs=7992 lift_hashes=1
... samples=21000 cycle_sigs=8325 lift_hashes=1
... samples=21500 cycle_sigs=8547 lift_hashes=1
... samples=22000 cycle_sigs=8760 lift_hashes=1
... samples=22500 cycle_sigs=8951 lift_hashes=1
... samples=23000 cycle_sigs=9078 lift_hashes=1
... samples=23500 cycle_sigs=9253 lift_hashes=1
... samples=24000 cycle_sigs=9369 lift_hashes=1
... samples=24500 cycle_sigs=9525 lift_hashes=1
... samples=25000 cycle_sigs=9732 lift_hashes=1
... samples=25500 cycle_sigs=9902 lift_hashes=1
... samples=26000 cycle_sigs=9994 lift_hashes=1
... samples=26500 cycle_sigs=10084 lift_hashes=1
... samples=27000 cycle_sigs=10200 lift_hashes=1
... samples=27500 cycle_sigs=10295 lift_hashes=1
... samples=28000 cycle_sigs=10366 lift_hashes=1
... samples=28500 cycle_sigs=10460 lift_hashes=1
... samples=29000 cycle_sigs=10555 lift_hashes=1
... samples=29500 cycle_sigs=10632 lift_hashes=1
... samples=30000 cycle_sigs=10651 lift_hashes=1
... samples=30500 cycle_sigs=10774 lift_hashes=1
... samples=31000 cycle_sigs=10854 lift_hashes=1
... samples=31500 cycle_sigs=10891 lift_hashes=1
... samples=32000 cycle_sigs=10891 lift_hashes=1
... samples=32500 cycle_sigs=10891 lift_hashes=1
... samples=33000 cycle_sigs=10925 lift_hashes=1
... samples=33500 cycle_sigs=11021 lift_hashes=1
... samples=34000 cycle_sigs=11083 lift_hashes=1
... samples=34500 cycle_sigs=11121 lift_hashes=1
... samples=35000 cycle_sigs=11155 lift_hashes=1
... samples=35500 cycle_sigs=11171 lift_hashes=1
... samples=36000 cycle_sigs=11235 lift_hashes=1
... samples=36500 cycle_sigs=11400 lift_hashes=1
... samples=37000 cycle_sigs=11624 lift_hashes=1
... samples=37500 cycle_sigs=11754 lift_hashes=1
... samples=38000 cycle_sigs=11852 lift_hashes=1
... samples=38500 cycle_sigs=11958 lift_hashes=1
... samples=39000 cycle_sigs=12004 lift_hashes=1
... samples=39500 cycle_sigs=12104 lift_hashes=1
... samples=40000 cycle_sigs=12142 lift_hashes=1
... samples=40500 cycle_sigs=12254 lift_hashes=1
... samples=41000 cycle_sigs=12324 lift_hashes=1
... samples=41500 cycle_sigs=12354 lift_hashes=1
... samples=42000 cycle_sigs=12443 lift_hashes=1
... samples=42500 cycle_sigs=12522 lift_hashes=1
... samples=43000 cycle_sigs=12583 lift_hashes=1
... samples=43500 cycle_sigs=12586 lift_hashes=1
... samples=44000 cycle_sigs=12602 lift_hashes=1
... samples=44500 cycle_sigs=12620 lift_hashes=1
... samples=45000 cycle_sigs=12702 lift_hashes=1
... samples=45500 cycle_sigs=12734 lift_hashes=1
... samples=46000 cycle_sigs=12796 lift_hashes=1
... samples=46500 cycle_sigs=12819 lift_hashes=1
... samples=47000 cycle_sigs=12847 lift_hashes=1
... samples=47500 cycle_sigs=12853 lift_hashes=1
... samples=48000 cycle_sigs=12935 lift_hashes=1
... samples=48500 cycle_sigs=12971 lift_hashes=1
... samples=49000 cycle_sigs=12995 lift_hashes=1
... samples=49500 cycle_sigs=13057 lift_hashes=1
... samples=50000 cycle_sigs=13078 lift_hashes=1
... samples=50500 cycle_sigs=13124 lift_hashes=1
... samples=51000 cycle_sigs=13161 lift_hashes=1
... samples=51500 cycle_sigs=13221 lift_hashes=1
... samples=52000 cycle_sigs=13227 lift_hashes=1
... samples=52500 cycle_sigs=13239 lift_hashes=1
... samples=53000 cycle_sigs=13277 lift_hashes=1
... samples=53500 cycle_sigs=13277 lift_hashes=1
... samples=54000 cycle_sigs=13307 lift_hashes=1
... samples=54500 cycle_sigs=13309 lift_hashes=1
... samples=55000 cycle_sigs=13331 lift_hashes=1
... samples=55500 cycle_sigs=13359 lift_hashes=1
... samples=56000 cycle_sigs=13365 lift_hashes=1
... samples=56500 cycle_sigs=13371 lift_hashes=1
... samples=57000 cycle_sigs=13413 lift_hashes=1
... samples=57500 cycle_sigs=13433 lift_hashes=1
... samples=58000 cycle_sigs=13437 lift_hashes=1
... samples=58500 cycle_sigs=13437 lift_hashes=1
... samples=59000 cycle_sigs=13439 lift_hashes=1
... samples=59500 cycle_sigs=13443 lift_hashes=1
... samples=60000 cycle_sigs=13489 lift_hashes=1
... samples=60500 cycle_sigs=13511 lift_hashes=1
... samples=61000 cycle_sigs=13529 lift_hashes=1
... samples=61500 cycle_sigs=13543 lift_hashes=1
... samples=62000 cycle_sigs=13545 lift_hashes=1
... samples=62500 cycle_sigs=13545 lift_hashes=1
... samples=63000 cycle_sigs=13545 lift_hashes=1
... samples=63500 cycle_sigs=13551 lift_hashes=1
... samples=64000 cycle_sigs=13566 lift_hashes=1
... samples=64500 cycle_sigs=13611 lift_hashes=1
... samples=65000 cycle_sigs=13621 lift_hashes=1
... samples=65500 cycle_sigs=13623 lift_hashes=1
... samples=66000 cycle_sigs=13631 lift_hashes=1
... samples=66500 cycle_sigs=13631 lift_hashes=1
... samples=67000 cycle_sigs=13631 lift_hashes=1
... samples=67500 cycle_sigs=13631 lift_hashes=1
... samples=68000 cycle_sigs=13631 lift_hashes=1
... samples=68500 cycle_sigs=13631 lift_hashes=1
... samples=69000 cycle_sigs=13631 lift_hashes=1
... samples=69500 cycle_sigs=13637 lift_hashes=1
... samples=70000 cycle_sigs=13637 lift_hashes=1
... samples=70500 cycle_sigs=13637 lift_hashes=1
... samples=71000 cycle_sigs=13679 lift_hashes=1
... samples=71500 cycle_sigs=13685 lift_hashes=1
... samples=72000 cycle_sigs=13695 lift_hashes=1
... samples=72500 cycle_sigs=13695 lift_hashes=1
... samples=73000 cycle_sigs=13695 lift_hashes=1
... samples=73500 cycle_sigs=13701 lift_hashes=1
... samples=74000 cycle_sigs=13701 lift_hashes=1
... samples=74500 cycle_sigs=13701 lift_hashes=1
... samples=75000 cycle_sigs=13740 lift_hashes=1
... samples=75500 cycle_sigs=13783 lift_hashes=1
... samples=76000 cycle_sigs=13857 lift_hashes=1
... samples=76500 cycle_sigs=13951 lift_hashes=1
... samples=77000 cycle_sigs=14001 lift_hashes=1
... samples=77500 cycle_sigs=14044 lift_hashes=1
... samples=78000 cycle_sigs=14087 lift_hashes=1
... samples=78500 cycle_sigs=14137 lift_hashes=1
... samples=79000 cycle_sigs=14165 lift_hashes=1
... samples=79500 cycle_sigs=14204 lift_hashes=1
... samples=80000 cycle_sigs=14227 lift_hashes=1
... samples=80500 cycle_sigs=14241 lift_hashes=1
... samples=81000 cycle_sigs=14265 lift_hashes=1
... samples=81500 cycle_sigs=14284 lift_hashes=1
... samples=82000 cycle_sigs=14322 lift_hashes=1
... samples=82500 cycle_sigs=14343 lift_hashes=1
... samples=83000 cycle_sigs=14385 lift_hashes=1
... samples=83500 cycle_sigs=14423 lift_hashes=1
... samples=84000 cycle_sigs=14453 lift_hashes=1
... samples=84500 cycle_sigs=14469 lift_hashes=1
... samples=85000 cycle_sigs=14539 lift_hashes=1
... samples=85500 cycle_sigs=14560 lift_hashes=1
... samples=86000 cycle_sigs=14567 lift_hashes=1
... samples=86500 cycle_sigs=14567 lift_hashes=1
... samples=87000 cycle_sigs=14578 lift_hashes=1
... samples=87500 cycle_sigs=14581 lift_hashes=1
... samples=88000 cycle_sigs=14631 lift_hashes=1
... samples=88500 cycle_sigs=14647 lift_hashes=1
... samples=89000 cycle_sigs=14668 lift_hashes=1
... samples=89500 cycle_sigs=14676 lift_hashes=1
... samples=90000 cycle_sigs=14688 lift_hashes=1
... samples=90500 cycle_sigs=14688 lift_hashes=1
... samples=91000 cycle_sigs=14693 lift_hashes=1
... samples=91500 cycle_sigs=14700 lift_hashes=1
... samples=92000 cycle_sigs=14701 lift_hashes=1
... samples=92500 cycle_sigs=14703 lift_hashes=1
... samples=93000 cycle_sigs=14707 lift_hashes=1
... samples=93500 cycle_sigs=14712 lift_hashes=1
... samples=94000 cycle_sigs=14722 lift_hashes=1
... samples=94500 cycle_sigs=14730 lift_hashes=1
... samples=95000 cycle_sigs=14735 lift_hashes=1
... samples=95500 cycle_sigs=14751 lift_hashes=1
... samples=96000 cycle_sigs=14758 lift_hashes=1
... samples=96500 cycle_sigs=14764 lift_hashes=1
... samples=97000 cycle_sigs=14773 lift_hashes=1
... samples=97500 cycle_sigs=14783 lift_hashes=1
... samples=98000 cycle_sigs=14784 lift_hashes=1
... samples=98500 cycle_sigs=14785 lift_hashes=1
... samples=99000 cycle_sigs=14789 lift_hashes=1
... samples=99500 cycle_sigs=14789 lift_hashes=1
... samples=100000 cycle_sigs=14793 lift_hashes=1
... samples=100500 cycle_sigs=14798 lift_hashes=1
... samples=101000 cycle_sigs=14799 lift_hashes=1
... samples=101500 cycle_sigs=14804 lift_hashes=1
... samples=102000 cycle_sigs=14808 lift_hashes=1
... samples=102500 cycle_sigs=14808 lift_hashes=1
... samples=103000 cycle_sigs=14808 lift_hashes=1
... samples=103500 cycle_sigs=14814 lift_hashes=1
... samples=104000 cycle_sigs=14815 lift_hashes=1
... samples=104500 cycle_sigs=14815 lift_hashes=1
... samples=105000 cycle_sigs=14818 lift_hashes=1
... samples=105500 cycle_sigs=14821 lift_hashes=1
... samples=106000 cycle_sigs=14822 lift_hashes=1
... samples=106500 cycle_sigs=14822 lift_hashes=1
... samples=107000 cycle_sigs=14822 lift_hashes=1
... samples=107500 cycle_sigs=14822 lift_hashes=1
... samples=108000 cycle_sigs=14822 lift_hashes=1
... samples=108500 cycle_sigs=14826 lift_hashes=1
... samples=109000 cycle_sigs=14829 lift_hashes=1
... samples=109500 cycle_sigs=14829 lift_hashes=1
... samples=110000 cycle_sigs=14830 lift_hashes=1
... samples=110500 cycle_sigs=14830 lift_hashes=1
... samples=111000 cycle_sigs=14832 lift_hashes=1
... samples=111500 cycle_sigs=14840 lift_hashes=1
... samples=112000 cycle_sigs=14841 lift_hashes=1
... samples=112500 cycle_sigs=14841 lift_hashes=1
... samples=113000 cycle_sigs=14841 lift_hashes=1
... samples=113500 cycle_sigs=14841 lift_hashes=1
... samples=114000 cycle_sigs=14841 lift_hashes=1
... samples=114500 cycle_sigs=14855 lift_hashes=1
... samples=115000 cycle_sigs=14858 lift_hashes=1
... samples=115500 cycle_sigs=14867 lift_hashes=1
... samples=116000 cycle_sigs=14868 lift_hashes=1
... samples=116500 cycle_sigs=14871 lift_hashes=1
... samples=117000 cycle_sigs=14871 lift_hashes=1
... samples=117500 cycle_sigs=14871 lift_hashes=1
... samples=118000 cycle_sigs=14872 lift_hashes=1
... samples=118500 cycle_sigs=14876 lift_hashes=1
... samples=119000 cycle_sigs=14885 lift_hashes=1
... samples=119500 cycle_sigs=14891 lift_hashes=1
... samples=120000 cycle_sigs=14891 lift_hashes=1
... samples=120500 cycle_sigs=14893 lift_hashes=1
... samples=121000 cycle_sigs=14893 lift_hashes=1
... samples=121500 cycle_sigs=14893 lift_hashes=1
... samples=122000 cycle_sigs=14893 lift_hashes=1
... samples=122500 cycle_sigs=14893 lift_hashes=1
... samples=123000 cycle_sigs=14893 lift_hashes=1
... samples=123500 cycle_sigs=14894 lift_hashes=1
... samples=124000 cycle_sigs=14894 lift_hashes=1
... samples=124500 cycle_sigs=14894 lift_hashes=1
... samples=125000 cycle_sigs=14894 lift_hashes=1
... samples=125500 cycle_sigs=14900 lift_hashes=1
... samples=126000 cycle_sigs=14904 lift_hashes=1
... samples=126500 cycle_sigs=14905 lift_hashes=1
... samples=127000 cycle_sigs=14909 lift_hashes=1
... samples=127500 cycle_sigs=14910 lift_hashes=1
... samples=128000 cycle_sigs=14910 lift_hashes=1
... samples=128500 cycle_sigs=14911 lift_hashes=1
... samples=129000 cycle_sigs=14936 lift_hashes=1
... samples=129500 cycle_sigs=15000 lift_hashes=1
... samples=130000 cycle_sigs=15057 lift_hashes=1
... samples=130500 cycle_sigs=15087 lift_hashes=1
... samples=131000 cycle_sigs=15098 lift_hashes=1
... samples=131500 cycle_sigs=15132 lift_hashes=1
... samples=132000 cycle_sigs=15153 lift_hashes=1
... samples=132500 cycle_sigs=15230 lift_hashes=1
... samples=133000 cycle_sigs=15249 lift_hashes=1
... samples=133500 cycle_sigs=15335 lift_hashes=1
... samples=134000 cycle_sigs=15381 lift_hashes=1
... samples=134500 cycle_sigs=15407 lift_hashes=1
... samples=135000 cycle_sigs=15447 lift_hashes=1
... samples=135500 cycle_sigs=15497 lift_hashes=1
... samples=136000 cycle_sigs=15533 lift_hashes=1
... samples=136500 cycle_sigs=15534 lift_hashes=1
... samples=137000 cycle_sigs=15543 lift_hashes=1
... samples=137500 cycle_sigs=15553 lift_hashes=1
... samples=138000 cycle_sigs=15574 lift_hashes=1
... samples=138500 cycle_sigs=15597 lift_hashes=1
... samples=139000 cycle_sigs=15628 lift_hashes=1
... samples=139500 cycle_sigs=15641 lift_hashes=1
... samples=140000 cycle_sigs=15650 lift_hashes=1
... samples=140500 cycle_sigs=15654 lift_hashes=1
... samples=141000 cycle_sigs=15693 lift_hashes=1
... samples=141500 cycle_sigs=15694 lift_hashes=1
... samples=142000 cycle_sigs=15708 lift_hashes=1
... samples=142500 cycle_sigs=15748 lift_hashes=1
... samples=143000 cycle_sigs=15757 lift_hashes=1
... samples=143500 cycle_sigs=15760 lift_hashes=1
... samples=144000 cycle_sigs=15783 lift_hashes=1
... samples=144500 cycle_sigs=15808 lift_hashes=1
... samples=145000 cycle_sigs=15810 lift_hashes=1
... samples=145500 cycle_sigs=15812 lift_hashes=1
... samples=146000 cycle_sigs=15813 lift_hashes=1
... samples=146500 cycle_sigs=15813 lift_hashes=1
... samples=147000 cycle_sigs=15825 lift_hashes=1
... samples=147500 cycle_sigs=15826 lift_hashes=1
... samples=148000 cycle_sigs=15837 lift_hashes=1
... samples=148500 cycle_sigs=15844 lift_hashes=1
... samples=149000 cycle_sigs=15846 lift_hashes=1
... samples=149500 cycle_sigs=15848 lift_hashes=1
... samples=150000 cycle_sigs=15883 lift_hashes=1
... samples=150500 cycle_sigs=15894 lift_hashes=1
... samples=151000 cycle_sigs=15897 lift_hashes=1
... samples=151500 cycle_sigs=15897 lift_hashes=1
... samples=152000 cycle_sigs=15898 lift_hashes=1
... samples=152500 cycle_sigs=15899 lift_hashes=1
... samples=153000 cycle_sigs=15930 lift_hashes=1
... samples=153500 cycle_sigs=15946 lift_hashes=1
... samples=154000 cycle_sigs=15964 lift_hashes=1
... samples=154500 cycle_sigs=15970 lift_hashes=1
... samples=155000 cycle_sigs=15973 lift_hashes=1
... samples=155500 cycle_sigs=15973 lift_hashes=1
... samples=156000 cycle_sigs=15973 lift_hashes=1
... samples=156500 cycle_sigs=15975 lift_hashes=1
... samples=157000 cycle_sigs=15980 lift_hashes=1
... samples=157500 cycle_sigs=16010 lift_hashes=1
... samples=158000 cycle_sigs=16013 lift_hashes=1
... samples=158500 cycle_sigs=16014 lift_hashes=1
... samples=159000 cycle_sigs=16016 lift_hashes=1
... samples=159500 cycle_sigs=16016 lift_hashes=1
... samples=160000 cycle_sigs=16016 lift_hashes=1
... samples=160500 cycle_sigs=16016 lift_hashes=1
... samples=161000 cycle_sigs=16016 lift_hashes=1
... samples=161500 cycle_sigs=16016 lift_hashes=1
... samples=162000 cycle_sigs=16016 lift_hashes=1
... samples=162500 cycle_sigs=16018 lift_hashes=1
... samples=163000 cycle_sigs=16018 lift_hashes=1
... samples=163500 cycle_sigs=16018 lift_hashes=1
... samples=164000 cycle_sigs=16032 lift_hashes=1
... samples=164500 cycle_sigs=16036 lift_hashes=1
... samples=165000 cycle_sigs=16039 lift_hashes=1
... samples=165500 cycle_sigs=16039 lift_hashes=1
... samples=166000 cycle_sigs=16039 lift_hashes=1
... samples=166500 cycle_sigs=16040 lift_hashes=1
... samples=167000 cycle_sigs=16040 lift_hashes=1
... samples=167500 cycle_sigs=16040 lift_hashes=1
... samples=168000 cycle_sigs=16048 lift_hashes=1
... samples=168500 cycle_sigs=16054 lift_hashes=1
... samples=169000 cycle_sigs=16054 lift_hashes=1
... samples=169500 cycle_sigs=16064 lift_hashes=1
... samples=170000 cycle_sigs=16076 lift_hashes=1
... samples=170500 cycle_sigs=16079 lift_hashes=1
... samples=171000 cycle_sigs=16081 lift_hashes=1
... samples=171500 cycle_sigs=16091 lift_hashes=1
... samples=172000 cycle_sigs=16093 lift_hashes=1
... samples=172500 cycle_sigs=16094 lift_hashes=1
... samples=173000 cycle_sigs=16096 lift_hashes=1
... samples=173500 cycle_sigs=16096 lift_hashes=1
... samples=174000 cycle_sigs=16096 lift_hashes=1
... samples=174500 cycle_sigs=16098 lift_hashes=1
... samples=175000 cycle_sigs=16098 lift_hashes=1
... samples=175500 cycle_sigs=16102 lift_hashes=1
... samples=176000 cycle_sigs=16102 lift_hashes=1
... samples=176500 cycle_sigs=16102 lift_hashes=1
... samples=177000 cycle_sigs=16112 lift_hashes=1
... samples=177500 cycle_sigs=16122 lift_hashes=1
... samples=178000 cycle_sigs=16126 lift_hashes=1
... samples=178500 cycle_sigs=16126 lift_hashes=1
... samples=179000 cycle_sigs=16126 lift_hashes=1
... samples=179500 cycle_sigs=16127 lift_hashes=1
... samples=180000 cycle_sigs=16145 lift_hashes=1
... samples=180500 cycle_sigs=16152 lift_hashes=1
... samples=181000 cycle_sigs=16169 lift_hashes=1
... samples=181500 cycle_sigs=16172 lift_hashes=1
... samples=182000 cycle_sigs=16176 lift_hashes=1
... samples=182500 cycle_sigs=16176 lift_hashes=1
... samples=183000 cycle_sigs=16177 lift_hashes=1
... samples=183500 cycle_sigs=16177 lift_hashes=1
... samples=184000 cycle_sigs=16177 lift_hashes=1
... samples=184500 cycle_sigs=16187 lift_hashes=1
... samples=185000 cycle_sigs=16192 lift_hashes=1
... samples=185500 cycle_sigs=16192 lift_hashes=1
... samples=186000 cycle_sigs=16193 lift_hashes=1
... samples=186500 cycle_sigs=16193 lift_hashes=1
... samples=187000 cycle_sigs=16193 lift_hashes=1
... samples=187500 cycle_sigs=16193 lift_hashes=1
... samples=188000 cycle_sigs=16193 lift_hashes=1
... samples=188500 cycle_sigs=16194 lift_hashes=1
... samples=189000 cycle_sigs=16194 lift_hashes=1
... samples=189500 cycle_sigs=16194 lift_hashes=1
... samples=190000 cycle_sigs=16194 lift_hashes=1
... samples=190500 cycle_sigs=16194 lift_hashes=1
... samples=191000 cycle_sigs=16198 lift_hashes=1
... samples=191500 cycle_sigs=16198 lift_hashes=1
... samples=192000 cycle_sigs=16198 lift_hashes=1
... samples=192500 cycle_sigs=16201 lift_hashes=1
... samples=193000 cycle_sigs=16201 lift_hashes=1
... samples=193500 cycle_sigs=16202 lift_hashes=1
... samples=194000 cycle_sigs=16202 lift_hashes=1
... samples=194500 cycle_sigs=16202 lift_hashes=1
... samples=195000 cycle_sigs=16202 lift_hashes=1
... samples=195500 cycle_sigs=16202 lift_hashes=1
... samples=196000 cycle_sigs=16203 lift_hashes=1
... samples=196500 cycle_sigs=16203 lift_hashes=1
... samples=197000 cycle_sigs=16203 lift_hashes=1
... samples=197500 cycle_sigs=16203 lift_hashes=1
... samples=198000 cycle_sigs=16203 lift_hashes=1
... samples=198500 cycle_sigs=16203 lift_hashes=1
... samples=199000 cycle_sigs=16203 lift_hashes=1
... samples=199500 cycle_sigs=16204 lift_hashes=1
... samples=200000 cycle_sigs=16204 lift_hashes=1
... samples=200500 cycle_sigs=16204 lift_hashes=1
... samples=201000 cycle_sigs=16204 lift_hashes=1
... samples=201500 cycle_sigs=16204 lift_hashes=1
... samples=202000 cycle_sigs=16204 lift_hashes=1
... samples=202500 cycle_sigs=16204 lift_hashes=1
... samples=203000 cycle_sigs=16204 lift_hashes=1
... samples=203500 cycle_sigs=16204 lift_hashes=1
... samples=204000 cycle_sigs=16204 lift_hashes=1
... samples=204500 cycle_sigs=16204 lift_hashes=1
... samples=205000 cycle_sigs=16204 lift_hashes=1
... samples=205500 cycle_sigs=16204 lift_hashes=1
... samples=206000 cycle_sigs=16204 lift_hashes=1
... samples=206500 cycle_sigs=16204 lift_hashes=1
... samples=207000 cycle_sigs=16204 lift_hashes=1
... samples=207500 cycle_sigs=16204 lift_hashes=1
... samples=208000 cycle_sigs=16204 lift_hashes=1
... samples=208500 cycle_sigs=16204 lift_hashes=1
... samples=209000 cycle_sigs=16204 lift_hashes=1
... samples=209500 cycle_sigs=16204 lift_hashes=1
... samples=210000 cycle_sigs=16204 lift_hashes=1
... samples=210500 cycle_sigs=16204 lift_hashes=1
... samples=211000 cycle_sigs=16204 lift_hashes=1
... samples=211500 cycle_sigs=16204 lift_hashes=1
... samples=212000 cycle_sigs=16204 lift_hashes=1
... samples=212500 cycle_sigs=16204 lift_hashes=1
... samples=213000 cycle_sigs=16204 lift_hashes=1
... samples=213500 cycle_sigs=16204 lift_hashes=1
... samples=214000 cycle_sigs=16204 lift_hashes=1
... samples=214500 cycle_sigs=16204 lift_hashes=1
... samples=215000 cycle_sigs=16204 lift_hashes=1
... samples=215500 cycle_sigs=16204 lift_hashes=1
... samples=216000 cycle_sigs=16204 lift_hashes=1
... samples=216500 cycle_sigs=16204 lift_hashes=1
... samples=217000 cycle_sigs=16204 lift_hashes=1
... samples=217500 cycle_sigs=16204 lift_hashes=1
... samples=218000 cycle_sigs=16204 lift_hashes=1
... samples=218500 cycle_sigs=16204 lift_hashes=1
... samples=219000 cycle_sigs=16204 lift_hashes=1
... samples=219500 cycle_sigs=16204 lift_hashes=1
... samples=220000 cycle_sigs=16204 lift_hashes=1
... samples=220500 cycle_sigs=16204 lift_hashes=1
... samples=221000 cycle_sigs=16204 lift_hashes=1
... samples=221500 cycle_sigs=16204 lift_hashes=1
... samples=222000 cycle_sigs=16204 lift_hashes=1
... samples=222500 cycle_sigs=16204 lift_hashes=1
... samples=223000 cycle_sigs=16204 lift_hashes=1
... samples=223500 cycle_sigs=16204 lift_hashes=1
... samples=224000 cycle_sigs=16204 lift_hashes=1
... samples=224500 cycle_sigs=16204 lift_hashes=1
... samples=225000 cycle_sigs=16204 lift_hashes=1
... samples=225500 cycle_sigs=16204 lift_hashes=1
... samples=226000 cycle_sigs=16204 lift_hashes=1
... samples=226500 cycle_sigs=16204 lift_hashes=1
... samples=227000 cycle_sigs=16204 lift_hashes=1
... samples=227500 cycle_sigs=16204 lift_hashes=1
... samples=228000 cycle_sigs=16204 lift_hashes=1
... samples=228500 cycle_sigs=16204 lift_hashes=1
... samples=229000 cycle_sigs=16204 lift_hashes=1
... samples=229500 cycle_sigs=16204 lift_hashes=1
... samples=230000 cycle_sigs=16204 lift_hashes=1
... samples=230500 cycle_sigs=16204 lift_hashes=1
... samples=231000 cycle_sigs=16204 lift_hashes=1
... samples=231500 cycle_sigs=16204 lift_hashes=1
... samples=232000 cycle_sigs=16204 lift_hashes=1
... samples=232500 cycle_sigs=16204 lift_hashes=1
... samples=233000 cycle_sigs=16204 lift_hashes=1
... samples=233500 cycle_sigs=16204 lift_hashes=1
... samples=234000 cycle_sigs=16204 lift_hashes=1
... samples=234500 cycle_sigs=16204 lift_hashes=1
... samples=235000 cycle_sigs=16204 lift_hashes=1
... samples=235500 cycle_sigs=16204 lift_hashes=1
... samples=236000 cycle_sigs=16204 lift_hashes=1
... samples=236500 cycle_sigs=16204 lift_hashes=1
... samples=237000 cycle_sigs=16204 lift_hashes=1
... samples=237500 cycle_sigs=16204 lift_hashes=1
... samples=238000 cycle_sigs=16204 lift_hashes=1
... samples=238500 cycle_sigs=16204 lift_hashes=1
... samples=239000 cycle_sigs=16204 lift_hashes=1
... samples=239500 cycle_sigs=16204 lift_hashes=1
... samples=240000 cycle_sigs=16204 lift_hashes=1
... samples=240500 cycle_sigs=16204 lift_hashes=1
... samples=241000 cycle_sigs=16204 lift_hashes=1
... samples=241500 cycle_sigs=16204 lift_hashes=1
... samples=242000 cycle_sigs=16204 lift_hashes=1
... samples=242500 cycle_sigs=16204 lift_hashes=1
... samples=243000 cycle_sigs=16204 lift_hashes=1
... samples=243500 cycle_sigs=16204 lift_hashes=1
... samples=244000 cycle_sigs=16204 lift_hashes=1
... samples=244500 cycle_sigs=16204 lift_hashes=1
... samples=245000 cycle_sigs=16204 lift_hashes=1
... samples=245500 cycle_sigs=16204 lift_hashes=1
... samples=246000 cycle_sigs=16218 lift_hashes=1
... samples=246500 cycle_sigs=16224 lift_hashes=1
... samples=247000 cycle_sigs=16230 lift_hashes=1
... samples=247500 cycle_sigs=16232 lift_hashes=1
... samples=248000 cycle_sigs=16243 lift_hashes=1
... samples=248500 cycle_sigs=16257 lift_hashes=1
... samples=249000 cycle_sigs=16262 lift_hashes=1
... samples=249500 cycle_sigs=16262 lift_hashes=1
... samples=250000 cycle_sigs=16262 lift_hashes=1

saved /Users/scottcave/dev/cori/hyperxi_lab/reports/rigidity/phase1_sample_lifts.txt
saved /Users/scottcave/dev/cori/hyperxi_lab/reports/rigidity/phase1_sample_lifts.json
================================================================================
